{"/Users/nhannguyen/Documents/rntesting/exercise_psp/CountryExplorer/src/components/CountryDetailModal.tsx": {"path":"/Users/nhannguyen/Documents/rntesting/exercise_psp/CountryExplorer/src/components/CountryDetailModal.tsx","statementMap":{"0":{"start":{"line":35,"column":31},"end":{"line":35,"column":55}},"1":{"start":{"line":43,"column":21},"end":{"line":43,"column":52}},"2":{"start":{"line":44,"column":20},"end":{"line":44,"column":45}},"3":{"start":{"line":45,"column":20},"end":{"line":45,"column":45}},"4":{"start":{"line":47,"column":31},"end":{"line":49,"column":4}},"5":{"start":{"line":51,"column":2},"end":{"line":138,"column":4}},"6":{"start":{"line":149,"column":20},"end":{"line":149,"column":45}},"7":{"start":{"line":150,"column":20},"end":{"line":150,"column":45}},"8":{"start":{"line":152,"column":2},"end":{"line":169,"column":4}},"9":{"start":{"line":172,"column":15},"end":{"line":237,"column":2}}},"fnMap":{"0":{"name":"CountryDetailModal","decl":{"start":{"line":37,"column":24},"end":{"line":37,"column":42}},"loc":{"start":{"line":42,"column":28},"end":{"line":139,"column":1}},"line":42},"1":{"name":"InfoCard","decl":{"start":{"line":148,"column":9},"end":{"line":148,"column":17}},"loc":{"start":{"line":148,"column":67},"end":{"line":170,"column":1}},"line":148}},"branchMap":{"0":{"loc":{"start":{"line":41,"column":2},"end":{"line":41,"column":20}},"type":"default-arg","locations":[{"start":{"line":41,"column":15},"end":{"line":41,"column":20}}],"line":41},"1":{"loc":{"start":{"line":79,"column":20},"end":{"line":79,"column":56}},"type":"cond-expr","locations":[{"start":{"line":79,"column":33},"end":{"line":79,"column":39}},{"start":{"line":79,"column":42},"end":{"line":79,"column":56}}],"line":79},"2":{"loc":{"start":{"line":81,"column":21},"end":{"line":81,"column":76}},"type":"cond-expr","locations":[{"start":{"line":81,"column":34},"end":{"line":81,"column":54}},{"start":{"line":81,"column":57},"end":{"line":81,"column":76}}],"line":81},"3":{"loc":{"start":{"line":85,"column":9},"end":{"line":135,"column":9}},"type":"cond-expr","locations":[{"start":{"line":86,"column":10},"end":{"line":86,"column":26}},{"start":{"line":88,"column":10},"end":{"line":134,"column":23}}],"line":85},"4":{"loc":{"start":{"line":163,"column":7},"end":{"line":167,"column":7}},"type":"binary-expr","locations":[{"start":{"line":163,"column":7},"end":{"line":163,"column":15}},{"start":{"line":164,"column":8},"end":{"line":166,"column":15}}],"line":163}},"s":{"0":0,"1":0,"2":0,"3":0,"4":0,"5":0,"6":0,"7":0,"8":0,"9":0},"f":{"0":0,"1":0},"b":{"0":[0],"1":[0,0],"2":[0,0],"3":[0,0],"4":[0,0]}}
,"/Users/nhannguyen/Documents/rntesting/exercise_psp/CountryExplorer/src/components/CountryListItem.tsx": {"path":"/Users/nhannguyen/Documents/rntesting/exercise_psp/CountryExplorer/src/components/CountryListItem.tsx","statementMap":{"0":{"start":{"line":33,"column":20},"end":{"line":33,"column":45}},"1":{"start":{"line":34,"column":20},"end":{"line":34,"column":45}},"2":{"start":{"line":35,"column":20},"end":{"line":35,"column":45}},"3":{"start":{"line":36,"column":44},"end":{"line":36,"column":59}},"4":{"start":{"line":37,"column":36},"end":{"line":37,"column":50}},"5":{"start":{"line":39,"column":22},"end":{"line":39,"column":44}},"6":{"start":{"line":39,"column":28},"end":{"line":39,"column":44}},"7":{"start":{"line":41,"column":30},"end":{"line":41,"column":60}},"8":{"start":{"line":41,"column":36},"end":{"line":41,"column":60}},"9":{"start":{"line":43,"column":27},"end":{"line":48,"column":3}},"10":{"start":{"line":44,"column":4},"end":{"line":44,"column":28}},"11":{"start":{"line":45,"column":4},"end":{"line":47,"column":5}},"12":{"start":{"line":46,"column":6},"end":{"line":46,"column":44}},"13":{"start":{"line":50,"column":26},"end":{"line":54,"column":3}},"14":{"start":{"line":51,"column":4},"end":{"line":53,"column":5}},"15":{"start":{"line":52,"column":6},"end":{"line":52,"column":29}},"16":{"start":{"line":56,"column":2},"end":{"line":58,"column":13}},"17":{"start":{"line":57,"column":4},"end":{"line":57,"column":23}},"18":{"start":{"line":60,"column":2},"end":{"line":62,"column":3}},"19":{"start":{"line":61,"column":4},"end":{"line":61,"column":16}},"20":{"start":{"line":64,"column":2},"end":{"line":133,"column":4}},"21":{"start":{"line":137,"column":2},"end":{"line":141,"column":4}},"22":{"start":{"line":144,"column":15},"end":{"line":202,"column":2}}},"fnMap":{"0":{"name":"CountryListItem","decl":{"start":{"line":25,"column":9},"end":{"line":25,"column":24}},"loc":{"start":{"line":32,"column":25},"end":{"line":134,"column":1}},"line":32},"1":{"name":"(anonymous_1)","decl":{"start":{"line":39,"column":22},"end":{"line":39,"column":23}},"loc":{"start":{"line":39,"column":28},"end":{"line":39,"column":44}},"line":39},"2":{"name":"(anonymous_2)","decl":{"start":{"line":41,"column":30},"end":{"line":41,"column":31}},"loc":{"start":{"line":41,"column":36},"end":{"line":41,"column":60}},"line":41},"3":{"name":"(anonymous_3)","decl":{"start":{"line":43,"column":27},"end":{"line":43,"column":28}},"loc":{"start":{"line":43,"column":33},"end":{"line":48,"column":3}},"line":43},"4":{"name":"(anonymous_4)","decl":{"start":{"line":50,"column":26},"end":{"line":50,"column":27}},"loc":{"start":{"line":50,"column":32},"end":{"line":54,"column":3}},"line":50},"5":{"name":"(anonymous_5)","decl":{"start":{"line":56,"column":12},"end":{"line":56,"column":13}},"loc":{"start":{"line":56,"column":18},"end":{"line":58,"column":3}},"line":56},"6":{"name":"(anonymous_6)","decl":{"start":{"line":136,"column":43},"end":{"line":136,"column":44}},"loc":{"start":{"line":136,"column":69},"end":{"line":142,"column":1}},"line":136}},"branchMap":{"0":{"loc":{"start":{"line":29,"column":2},"end":{"line":29,"column":20}},"type":"default-arg","locations":[{"start":{"line":29,"column":15},"end":{"line":29,"column":20}}],"line":29},"1":{"loc":{"start":{"line":30,"column":2},"end":{"line":30,"column":11}},"type":"default-arg","locations":[{"start":{"line":30,"column":9},"end":{"line":30,"column":11}}],"line":30},"2":{"loc":{"start":{"line":45,"column":4},"end":{"line":47,"column":5}},"type":"if","locations":[{"start":{"line":45,"column":4},"end":{"line":47,"column":5}},{"start":{},"end":{}}],"line":45},"3":{"loc":{"start":{"line":51,"column":4},"end":{"line":53,"column":5}},"type":"if","locations":[{"start":{"line":51,"column":4},"end":{"line":53,"column":5}},{"start":{},"end":{}}],"line":51},"4":{"loc":{"start":{"line":60,"column":2},"end":{"line":62,"column":3}},"type":"if","locations":[{"start":{"line":60,"column":2},"end":{"line":62,"column":3}},{"start":{},"end":{}}],"line":60},"5":{"loc":{"start":{"line":92,"column":18},"end":{"line":92,"column":54}},"type":"cond-expr","locations":[{"start":{"line":92,"column":31},"end":{"line":92,"column":37}},{"start":{"line":92,"column":40},"end":{"line":92,"column":54}}],"line":92},"6":{"loc":{"start":{"line":94,"column":19},"end":{"line":94,"column":64}},"type":"cond-expr","locations":[{"start":{"line":94,"column":32},"end":{"line":94,"column":52}},{"start":{"line":94,"column":55},"end":{"line":94,"column":64}}],"line":94},"7":{"loc":{"start":{"line":101,"column":7},"end":{"line":131,"column":7}},"type":"binary-expr","locations":[{"start":{"line":101,"column":7},"end":{"line":101,"column":17}},{"start":{"line":102,"column":8},"end":{"line":130,"column":15}}],"line":101},"8":{"loc":{"start":{"line":103,"column":11},"end":{"line":129,"column":11}},"type":"cond-expr","locations":[{"start":{"line":104,"column":12},"end":{"line":117,"column":14}},{"start":{"line":119,"column":12},"end":{"line":128,"column":31}}],"line":103},"9":{"loc":{"start":{"line":126,"column":17},"end":{"line":126,"column":52}},"type":"binary-expr","locations":[{"start":{"line":126,"column":17},"end":{"line":126,"column":26}},{"start":{"line":126,"column":30},"end":{"line":126,"column":52}}],"line":126},"10":{"loc":{"start":{"line":138,"column":4},"end":{"line":140,"column":37}},"type":"binary-expr","locations":[{"start":{"line":138,"column":4},"end":{"line":138,"column":53}},{"start":{"line":139,"column":4},"end":{"line":139,"column":49}},{"start":{"line":140,"column":4},"end":{"line":140,"column":37}}],"line":138}},"s":{"0":7,"1":7,"2":7,"3":7,"4":7,"5":7,"6":1,"7":7,"8":1,"9":7,"10":1,"11":1,"12":1,"13":7,"14":1,"15":1,"16":7,"17":4,"18":7,"19":0,"20":7,"21":0,"22":1},"f":{"0":7,"1":1,"2":1,"3":1,"4":1,"5":4,"6":0},"b":{"0":[0],"1":[0],"2":[1,0],"3":[1,0],"4":[0,7],"5":[4,3],"6":[4,3],"7":[7,4],"8":[2,2],"9":[2,0],"10":[0,0,0]},"_coverageSchema":"1a1c01bbd47fc00a2c39e90264f33305004495a9","hash":"adff0e2aaa7c221ff10e81916bcb73e3bb6b5730"}
,"/Users/nhannguyen/Documents/rntesting/exercise_psp/CountryExplorer/src/components/EmptyState.tsx": {"path":"/Users/nhannguyen/Documents/rntesting/exercise_psp/CountryExplorer/src/components/EmptyState.tsx","statementMap":{"0":{"start":{"line":19,"column":21},"end":{"line":19,"column":52}},"1":{"start":{"line":20,"column":23},"end":{"line":20,"column":48}},"2":{"start":{"line":22,"column":2},"end":{"line":32,"column":4}},"3":{"start":{"line":35,"column":15},"end":{"line":50,"column":2}}},"fnMap":{"0":{"name":"EmptyState","decl":{"start":{"line":14,"column":24},"end":{"line":14,"column":34}},"loc":{"start":{"line":18,"column":20},"end":{"line":33,"column":1}},"line":18}},"branchMap":{},"s":{"0":0,"1":0,"2":0,"3":0},"f":{"0":0},"b":{}}
,"/Users/nhannguyen/Documents/rntesting/exercise_psp/CountryExplorer/src/components/ErrorState.tsx": {"path":"/Users/nhannguyen/Documents/rntesting/exercise_psp/CountryExplorer/src/components/ErrorState.tsx","statementMap":{"0":{"start":{"line":14,"column":23},"end":{"line":14,"column":48}},"1":{"start":{"line":16,"column":2},"end":{"line":33,"column":4}},"2":{"start":{"line":36,"column":15},"end":{"line":61,"column":2}}},"fnMap":{"0":{"name":"ErrorState","decl":{"start":{"line":13,"column":24},"end":{"line":13,"column":34}},"loc":{"start":{"line":13,"column":74},"end":{"line":34,"column":1}},"line":13}},"branchMap":{"0":{"loc":{"start":{"line":25,"column":7},"end":{"line":31,"column":7}},"type":"binary-expr","locations":[{"start":{"line":25,"column":7},"end":{"line":25,"column":14}},{"start":{"line":26,"column":8},"end":{"line":30,"column":27}}],"line":25}},"s":{"0":0,"1":0,"2":0},"f":{"0":0},"b":{"0":[0,0]}}
,"/Users/nhannguyen/Documents/rntesting/exercise_psp/CountryExplorer/src/components/LoadingState.tsx": {"path":"/Users/nhannguyen/Documents/rntesting/exercise_psp/CountryExplorer/src/components/LoadingState.tsx","statementMap":{"0":{"start":{"line":16,"column":23},"end":{"line":16,"column":48}},"1":{"start":{"line":17,"column":23},"end":{"line":17,"column":78}},"2":{"start":{"line":19,"column":2},"end":{"line":26,"column":4}},"3":{"start":{"line":29,"column":15},"end":{"line":46,"column":2}}},"fnMap":{"0":{"name":"LoadingState","decl":{"start":{"line":12,"column":24},"end":{"line":12,"column":36}},"loc":{"start":{"line":15,"column":22},"end":{"line":27,"column":1}},"line":15}},"branchMap":{"0":{"loc":{"start":{"line":13,"column":2},"end":{"line":13,"column":24}},"type":"default-arg","locations":[{"start":{"line":13,"column":12},"end":{"line":13,"column":24}}],"line":13},"1":{"loc":{"start":{"line":14,"column":2},"end":{"line":14,"column":16}},"type":"default-arg","locations":[{"start":{"line":14,"column":9},"end":{"line":14,"column":16}}],"line":14},"2":{"loc":{"start":{"line":17,"column":23},"end":{"line":17,"column":78}},"type":"cond-expr","locations":[{"start":{"line":17,"column":42},"end":{"line":17,"column":61}},{"start":{"line":17,"column":64},"end":{"line":17,"column":78}}],"line":17}},"s":{"0":0,"1":0,"2":0,"3":0},"f":{"0":0},"b":{"0":[0],"1":[0],"2":[0,0]}}
,"/Users/nhannguyen/Documents/rntesting/exercise_psp/CountryExplorer/src/components/RegionFilter.tsx": {"path":"/Users/nhannguyen/Documents/rntesting/exercise_psp/CountryExplorer/src/components/RegionFilter.tsx","statementMap":{"0":{"start":{"line":17,"column":22},"end":{"line":17,"column":64}},"1":{"start":{"line":17,"column":42},"end":{"line":17,"column":64}},"2":{"start":{"line":19,"column":2},"end":{"line":35,"column":4}},"3":{"start":{"line":27,"column":8},"end":{"line":32,"column":10}},"4":{"start":{"line":50,"column":19},"end":{"line":80,"column":1}},"5":{"start":{"line":51,"column":20},"end":{"line":51,"column":45}},"6":{"start":{"line":52,"column":28},"end":{"line":52,"column":61}},"7":{"start":{"line":53,"column":20},"end":{"line":53,"column":45}},"8":{"start":{"line":54,"column":20},"end":{"line":54,"column":45}},"9":{"start":{"line":56,"column":22},"end":{"line":56,"column":43}},"10":{"start":{"line":56,"column":28},"end":{"line":56,"column":43}},"11":{"start":{"line":58,"column":2},"end":{"line":79,"column":4}},"12":{"start":{"line":82,"column":15},"end":{"line":103,"column":2}}},"fnMap":{"0":{"name":"RegionFilter","decl":{"start":{"line":12,"column":9},"end":{"line":12,"column":21}},"loc":{"start":{"line":16,"column":22},"end":{"line":36,"column":1}},"line":16},"1":{"name":"(anonymous_1)","decl":{"start":{"line":17,"column":22},"end":{"line":17,"column":23}},"loc":{"start":{"line":17,"column":42},"end":{"line":17,"column":64}},"line":17},"2":{"name":"(anonymous_2)","decl":{"start":{"line":26,"column":19},"end":{"line":26,"column":20}},"loc":{"start":{"line":27,"column":8},"end":{"line":32,"column":10}},"line":27},"3":{"name":"(anonymous_3)","decl":{"start":{"line":50,"column":19},"end":{"line":50,"column":20}},"loc":{"start":{"line":50,"column":71},"end":{"line":80,"column":1}},"line":50},"4":{"name":"(anonymous_4)","decl":{"start":{"line":56,"column":22},"end":{"line":56,"column":23}},"loc":{"start":{"line":56,"column":28},"end":{"line":56,"column":43}},"line":56}},"branchMap":{"0":{"loc":{"start":{"line":64,"column":27},"end":{"line":64,"column":59}},"type":"cond-expr","locations":[{"start":{"line":64,"column":38},"end":{"line":64,"column":47}},{"start":{"line":64,"column":50},"end":{"line":64,"column":59}}],"line":64},"1":{"loc":{"start":{"line":73,"column":19},"end":{"line":73,"column":59}},"type":"cond-expr","locations":[{"start":{"line":73,"column":30},"end":{"line":73,"column":47}},{"start":{"line":73,"column":50},"end":{"line":73,"column":59}}],"line":73}},"s":{"0":2,"1":1,"2":2,"3":12,"4":1,"5":12,"6":12,"7":12,"8":12,"9":12,"10":1,"11":12,"12":1},"f":{"0":2,"1":1,"2":12,"3":12,"4":1},"b":{"0":[2,10],"1":[2,10]},"_coverageSchema":"1a1c01bbd47fc00a2c39e90264f33305004495a9","hash":"e99f224e896d20f247e70d2bf0d5c7bc81043b06"}
,"/Users/nhannguyen/Documents/rntesting/exercise_psp/CountryExplorer/src/components/SearchBar.tsx": {"path":"/Users/nhannguyen/Documents/rntesting/exercise_psp/CountryExplorer/src/components/SearchBar.tsx","statementMap":{"0":{"start":{"line":17,"column":20},"end":{"line":17,"column":45}},"1":{"start":{"line":18,"column":20},"end":{"line":18,"column":45}},"2":{"start":{"line":20,"column":38},"end":{"line":20,"column":50}},"3":{"start":{"line":21,"column":25},"end":{"line":21,"column":60}},"4":{"start":{"line":23,"column":27},"end":{"line":26,"column":3}},"5":{"start":{"line":24,"column":4},"end":{"line":24,"column":22}},"6":{"start":{"line":25,"column":4},"end":{"line":25,"column":23}},"7":{"start":{"line":28,"column":2},"end":{"line":34,"column":23}},"8":{"start":{"line":29,"column":20},"end":{"line":29,"column":41}},"9":{"start":{"line":30,"column":4},"end":{"line":32,"column":5}},"10":{"start":{"line":31,"column":6},"end":{"line":31,"column":30}},"11":{"start":{"line":36,"column":2},"end":{"line":65,"column":4}},"12":{"start":{"line":68,"column":15},"end":{"line":89,"column":2}}},"fnMap":{"0":{"name":"SearchBar","decl":{"start":{"line":12,"column":24},"end":{"line":12,"column":33}},"loc":{"start":{"line":16,"column":19},"end":{"line":66,"column":1}},"line":16},"1":{"name":"(anonymous_1)","decl":{"start":{"line":23,"column":27},"end":{"line":23,"column":28}},"loc":{"start":{"line":23,"column":33},"end":{"line":26,"column":3}},"line":23},"2":{"name":"(anonymous_2)","decl":{"start":{"line":28,"column":12},"end":{"line":28,"column":13}},"loc":{"start":{"line":28,"column":18},"end":{"line":34,"column":3}},"line":28}},"branchMap":{"0":{"loc":{"start":{"line":15,"column":2},"end":{"line":15,"column":18}},"type":"default-arg","locations":[{"start":{"line":15,"column":15},"end":{"line":15,"column":18}}],"line":15},"1":{"loc":{"start":{"line":30,"column":4},"end":{"line":32,"column":5}},"type":"if","locations":[{"start":{"line":30,"column":4},"end":{"line":32,"column":5}},{"start":{},"end":{}}],"line":30},"2":{"loc":{"start":{"line":55,"column":7},"end":{"line":63,"column":7}},"type":"binary-expr","locations":[{"start":{"line":55,"column":7},"end":{"line":55,"column":32}},{"start":{"line":55,"column":36},"end":{"line":55,"column":58}},{"start":{"line":56,"column":8},"end":{"line":62,"column":10}}],"line":55}},"s":{"0":8,"1":8,"2":8,"3":8,"4":8,"5":0,"6":0,"7":8,"8":8,"9":8,"10":3,"11":8,"12":1},"f":{"0":8,"1":0,"2":8},"b":{"0":[8],"1":[3,5],"2":[8,0,0]},"_coverageSchema":"1a1c01bbd47fc00a2c39e90264f33305004495a9","hash":"39aa00e0434d20beb13484ac6ffc28de96b66d82"}
,"/Users/nhannguyen/Documents/rntesting/exercise_psp/CountryExplorer/src/components/ThemedText.tsx": {"path":"/Users/nhannguyen/Documents/rntesting/exercise_psp/CountryExplorer/src/components/ThemedText.tsx","statementMap":{"0":{"start":{"line":25,"column":16},"end":{"line":25,"column":77}},"1":{"start":{"line":27,"column":2},"end":{"line":40,"column":4}},"2":{"start":{"line":43,"column":15},"end":{"line":71,"column":2}}},"fnMap":{"0":{"name":"ThemedText","decl":{"start":{"line":18,"column":16},"end":{"line":18,"column":26}},"loc":{"start":{"line":24,"column":20},"end":{"line":41,"column":1}},"line":24}},"branchMap":{"0":{"loc":{"start":{"line":22,"column":2},"end":{"line":22,"column":18}},"type":"default-arg","locations":[{"start":{"line":22,"column":9},"end":{"line":22,"column":18}}],"line":22},"1":{"loc":{"start":{"line":31,"column":8},"end":{"line":31,"column":55}},"type":"cond-expr","locations":[{"start":{"line":31,"column":29},"end":{"line":31,"column":43}},{"start":{"line":31,"column":46},"end":{"line":31,"column":55}}],"line":31},"2":{"loc":{"start":{"line":32,"column":8},"end":{"line":32,"column":51}},"type":"cond-expr","locations":[{"start":{"line":32,"column":27},"end":{"line":32,"column":39}},{"start":{"line":32,"column":42},"end":{"line":32,"column":51}}],"line":32},"3":{"loc":{"start":{"line":33,"column":8},"end":{"line":33,"column":71}},"type":"cond-expr","locations":[{"start":{"line":33,"column":37},"end":{"line":33,"column":59}},{"start":{"line":33,"column":62},"end":{"line":33,"column":71}}],"line":33},"4":{"loc":{"start":{"line":34,"column":8},"end":{"line":34,"column":57}},"type":"cond-expr","locations":[{"start":{"line":34,"column":30},"end":{"line":34,"column":45}},{"start":{"line":34,"column":48},"end":{"line":34,"column":57}}],"line":34},"5":{"loc":{"start":{"line":35,"column":8},"end":{"line":35,"column":49}},"type":"cond-expr","locations":[{"start":{"line":35,"column":26},"end":{"line":35,"column":37}},{"start":{"line":35,"column":40},"end":{"line":35,"column":49}}],"line":35},"6":{"loc":{"start":{"line":69,"column":11},"end":{"line":69,"column":43}},"type":"binary-expr","locations":[{"start":{"line":69,"column":11},"end":{"line":69,"column":30}},{"start":{"line":69,"column":34},"end":{"line":69,"column":43}}],"line":69}},"s":{"0":14,"1":14,"2":1},"f":{"0":14},"b":{"0":[0],"1":[0,14],"2":[0,14],"3":[7,7],"4":[0,14],"5":[0,14],"6":[1,0]},"_coverageSchema":"1a1c01bbd47fc00a2c39e90264f33305004495a9","hash":"2ed27dc6db746bd377be78d0238f617fdbeaab9e"}
,"/Users/nhannguyen/Documents/rntesting/exercise_psp/CountryExplorer/src/components/ThemedView.tsx": {"path":"/Users/nhannguyen/Documents/rntesting/exercise_psp/CountryExplorer/src/components/ThemedView.tsx","statementMap":{"0":{"start":{"line":16,"column":26},"end":{"line":19,"column":3}},"1":{"start":{"line":21,"column":2},"end":{"line":21,"column":71}}},"fnMap":{"0":{"name":"ThemedView","decl":{"start":{"line":10,"column":16},"end":{"line":10,"column":26}},"loc":{"start":{"line":15,"column":20},"end":{"line":22,"column":1}},"line":15}},"branchMap":{},"s":{"0":0,"1":0},"f":{"0":0},"b":{}}
,"/Users/nhannguyen/Documents/rntesting/exercise_psp/CountryExplorer/src/constants/Colors.ts": {"path":"/Users/nhannguyen/Documents/rntesting/exercise_psp/CountryExplorer/src/constants/Colors.ts","statementMap":{"0":{"start":{"line":6,"column":28},"end":{"line":6,"column":37}},"1":{"start":{"line":7,"column":23},"end":{"line":7,"column":35}},"2":{"start":{"line":8,"column":22},"end":{"line":8,"column":28}},"3":{"start":{"line":10,"column":22},"end":{"line":32,"column":1}}},"fnMap":{},"branchMap":{},"s":{"0":3,"1":3,"2":3,"3":3},"f":{},"b":{},"_coverageSchema":"1a1c01bbd47fc00a2c39e90264f33305004495a9","hash":"0f2be4f10c5601dfc10eb703d759d0fd79cf4e1c"}
,"/Users/nhannguyen/Documents/rntesting/exercise_psp/CountryExplorer/src/contexts/FavoritesContext.tsx": {"path":"/Users/nhannguyen/Documents/rntesting/exercise_psp/CountryExplorer/src/contexts/FavoritesContext.tsx","statementMap":{"0":{"start":{"line":43,"column":37},"end":{"line":47,"column":1}},"1":{"start":{"line":54,"column":2},"end":{"line":96,"column":3}},"2":{"start":{"line":56,"column":6},"end":{"line":56,"column":51}},"3":{"start":{"line":59,"column":6},"end":{"line":64,"column":8}},"4":{"start":{"line":67,"column":6},"end":{"line":67,"column":65}},"5":{"start":{"line":70,"column":6},"end":{"line":74,"column":8}},"6":{"start":{"line":77,"column":6},"end":{"line":81,"column":8}},"7":{"start":{"line":79,"column":49},"end":{"line":79,"column":74}},"8":{"start":{"line":84,"column":6},"end":{"line":92,"column":8}},"9":{"start":{"line":87,"column":10},"end":{"line":89,"column":15}},"10":{"start":{"line":95,"column":6},"end":{"line":95,"column":19}},"11":{"start":{"line":100,"column":25},"end":{"line":100,"column":73}},"12":{"start":{"line":108,"column":28},"end":{"line":108,"column":70}},"13":{"start":{"line":110,"column":23},"end":{"line":113,"column":3}},"14":{"start":{"line":111,"column":10},"end":{"line":111,"column":53}},"15":{"start":{"line":111,"column":45},"end":{"line":111,"column":51}},"16":{"start":{"line":116,"column":24},"end":{"line":127,"column":8}},"17":{"start":{"line":117,"column":4},"end":{"line":126,"column":5}},"18":{"start":{"line":118,"column":6},"end":{"line":118,"column":55}},"19":{"start":{"line":119,"column":24},"end":{"line":119,"column":60}},"20":{"start":{"line":120,"column":6},"end":{"line":120,"column":62}},"21":{"start":{"line":123,"column":8},"end":{"line":123,"column":75}},"22":{"start":{"line":124,"column":6},"end":{"line":124,"column":56}},"23":{"start":{"line":125,"column":6},"end":{"line":125,"column":56}},"24":{"start":{"line":130,"column":2},"end":{"line":132,"column":22}},"25":{"start":{"line":131,"column":4},"end":{"line":131,"column":20}},"26":{"start":{"line":135,"column":22},"end":{"line":148,"column":8}},"27":{"start":{"line":136,"column":4},"end":{"line":147,"column":5}},"28":{"start":{"line":137,"column":31},"end":{"line":137,"column":72}},"29":{"start":{"line":138,"column":26},"end":{"line":138,"column":79}},"30":{"start":{"line":138,"column":55},"end":{"line":138,"column":78}},"31":{"start":{"line":139,"column":6},"end":{"line":141,"column":7}},"32":{"start":{"line":140,"column":8},"end":{"line":140,"column":65}},"33":{"start":{"line":144,"column":8},"end":{"line":144,"column":73}},"34":{"start":{"line":145,"column":6},"end":{"line":145,"column":56}},"35":{"start":{"line":146,"column":6},"end":{"line":146,"column":66}},"36":{"start":{"line":151,"column":25},"end":{"line":161,"column":8}},"37":{"start":{"line":152,"column":4},"end":{"line":160,"column":5}},"38":{"start":{"line":153,"column":6},"end":{"line":153,"column":55}},"39":{"start":{"line":154,"column":6},"end":{"line":154,"column":66}},"40":{"start":{"line":157,"column":8},"end":{"line":157,"column":76}},"41":{"start":{"line":158,"column":6},"end":{"line":158,"column":56}},"42":{"start":{"line":159,"column":6},"end":{"line":159,"column":68}},"43":{"start":{"line":164,"column":25},"end":{"line":175,"column":3}},"44":{"start":{"line":166,"column":34},"end":{"line":166,"column":64}},"45":{"start":{"line":168,"column":6},"end":{"line":172,"column":7}},"46":{"start":{"line":169,"column":8},"end":{"line":169,"column":43}},"47":{"start":{"line":171,"column":8},"end":{"line":171,"column":35}},"48":{"start":{"line":178,"column":21},"end":{"line":188,"column":8}},"49":{"start":{"line":179,"column":4},"end":{"line":187,"column":5}},"50":{"start":{"line":180,"column":6},"end":{"line":180,"column":65}},"51":{"start":{"line":181,"column":6},"end":{"line":181,"column":72}},"52":{"start":{"line":184,"column":8},"end":{"line":184,"column":72}},"53":{"start":{"line":185,"column":6},"end":{"line":185,"column":56}},"54":{"start":{"line":186,"column":6},"end":{"line":186,"column":64}},"55":{"start":{"line":191,"column":21},"end":{"line":194,"column":3}},"56":{"start":{"line":192,"column":26},"end":{"line":192,"column":75}},"57":{"start":{"line":197,"column":26},"end":{"line":204,"column":3}},"58":{"start":{"line":199,"column":6},"end":{"line":199,"column":36}},"59":{"start":{"line":199,"column":26},"end":{"line":199,"column":36}},"60":{"start":{"line":200,"column":23},"end":{"line":200,"column":75}},"61":{"start":{"line":200,"column":51},"end":{"line":200,"column":74}},"62":{"start":{"line":201,"column":6},"end":{"line":201,"column":34}},"63":{"start":{"line":207,"column":27},"end":{"line":209,"column":21}},"64":{"start":{"line":208,"column":4},"end":{"line":208,"column":26}},"65":{"start":{"line":211,"column":45},"end":{"line":220,"column":3}},"66":{"start":{"line":222,"column":2},"end":{"line":226,"column":4}},"67":{"start":{"line":231,"column":18},"end":{"line":231,"column":46}},"68":{"start":{"line":232,"column":2},"end":{"line":236,"column":3}},"69":{"start":{"line":233,"column":4},"end":{"line":235,"column":6}},"70":{"start":{"line":237,"column":2},"end":{"line":237,"column":17}}},"fnMap":{"0":{"name":"favoritesReducer","decl":{"start":{"line":50,"column":9},"end":{"line":50,"column":25}},"loc":{"start":{"line":53,"column":18},"end":{"line":97,"column":1}},"line":53},"1":{"name":"(anonymous_1)","decl":{"start":{"line":79,"column":42},"end":{"line":79,"column":43}},"loc":{"start":{"line":79,"column":49},"end":{"line":79,"column":74}},"line":79},"2":{"name":"(anonymous_2)","decl":{"start":{"line":86,"column":39},"end":{"line":86,"column":40}},"loc":{"start":{"line":87,"column":10},"end":{"line":89,"column":15}},"line":87},"3":{"name":"FavoritesProvider","decl":{"start":{"line":107,"column":16},"end":{"line":107,"column":33}},"loc":{"start":{"line":107,"column":72},"end":{"line":227,"column":1}},"line":107},"4":{"name":"(anonymous_4)","decl":{"start":{"line":111,"column":4},"end":{"line":111,"column":5}},"loc":{"start":{"line":111,"column":10},"end":{"line":111,"column":53}},"line":111},"5":{"name":"(anonymous_5)","decl":{"start":{"line":111,"column":38},"end":{"line":111,"column":39}},"loc":{"start":{"line":111,"column":45},"end":{"line":111,"column":51}},"line":111},"6":{"name":"(anonymous_6)","decl":{"start":{"line":116,"column":36},"end":{"line":116,"column":37}},"loc":{"start":{"line":116,"column":48},"end":{"line":127,"column":3}},"line":116},"7":{"name":"(anonymous_7)","decl":{"start":{"line":130,"column":12},"end":{"line":130,"column":13}},"loc":{"start":{"line":130,"column":18},"end":{"line":132,"column":3}},"line":130},"8":{"name":"(anonymous_8)","decl":{"start":{"line":135,"column":34},"end":{"line":135,"column":35}},"loc":{"start":{"line":135,"column":62},"end":{"line":148,"column":3}},"line":135},"9":{"name":"(anonymous_9)","decl":{"start":{"line":138,"column":48},"end":{"line":138,"column":49}},"loc":{"start":{"line":138,"column":55},"end":{"line":138,"column":78}},"line":138},"10":{"name":"(anonymous_10)","decl":{"start":{"line":151,"column":37},"end":{"line":151,"column":38}},"loc":{"start":{"line":151,"column":68},"end":{"line":161,"column":3}},"line":151},"11":{"name":"(anonymous_11)","decl":{"start":{"line":165,"column":4},"end":{"line":165,"column":5}},"loc":{"start":{"line":165,"column":32},"end":{"line":173,"column":5}},"line":165},"12":{"name":"(anonymous_12)","decl":{"start":{"line":178,"column":33},"end":{"line":178,"column":34}},"loc":{"start":{"line":178,"column":78},"end":{"line":188,"column":3}},"line":178},"13":{"name":"(anonymous_13)","decl":{"start":{"line":192,"column":4},"end":{"line":192,"column":5}},"loc":{"start":{"line":192,"column":26},"end":{"line":192,"column":75}},"line":192},"14":{"name":"(anonymous_14)","decl":{"start":{"line":198,"column":4},"end":{"line":198,"column":5}},"loc":{"start":{"line":198,"column":26},"end":{"line":202,"column":5}},"line":198},"15":{"name":"(anonymous_15)","decl":{"start":{"line":200,"column":44},"end":{"line":200,"column":45}},"loc":{"start":{"line":200,"column":51},"end":{"line":200,"column":74}},"line":200},"16":{"name":"(anonymous_16)","decl":{"start":{"line":207,"column":39},"end":{"line":207,"column":40}},"loc":{"start":{"line":207,"column":51},"end":{"line":209,"column":3}},"line":207},"17":{"name":"useFavoritesContext","decl":{"start":{"line":230,"column":16},"end":{"line":230,"column":35}},"loc":{"start":{"line":230,"column":60},"end":{"line":238,"column":1}},"line":230}},"branchMap":{"0":{"loc":{"start":{"line":54,"column":2},"end":{"line":96,"column":3}},"type":"switch","locations":[{"start":{"line":55,"column":4},"end":{"line":56,"column":51}},{"start":{"line":58,"column":4},"end":{"line":64,"column":8}},{"start":{"line":66,"column":4},"end":{"line":67,"column":65}},{"start":{"line":69,"column":4},"end":{"line":74,"column":8}},{"start":{"line":76,"column":4},"end":{"line":81,"column":8}},{"start":{"line":83,"column":4},"end":{"line":92,"column":8}},{"start":{"line":94,"column":4},"end":{"line":95,"column":19}}],"line":54},"1":{"loc":{"start":{"line":87,"column":10},"end":{"line":89,"column":15}},"type":"cond-expr","locations":[{"start":{"line":88,"column":14},"end":{"line":88,"column":49}},{"start":{"line":89,"column":14},"end":{"line":89,"column":15}}],"line":87},"2":{"loc":{"start":{"line":123,"column":8},"end":{"line":123,"column":75}},"type":"cond-expr","locations":[{"start":{"line":123,"column":33},"end":{"line":123,"column":46}},{"start":{"line":123,"column":49},"end":{"line":123,"column":75}}],"line":123},"3":{"loc":{"start":{"line":139,"column":6},"end":{"line":141,"column":7}},"type":"if","locations":[{"start":{"line":139,"column":6},"end":{"line":141,"column":7}},{"start":{},"end":{}}],"line":139},"4":{"loc":{"start":{"line":144,"column":8},"end":{"line":144,"column":73}},"type":"cond-expr","locations":[{"start":{"line":144,"column":33},"end":{"line":144,"column":46}},{"start":{"line":144,"column":49},"end":{"line":144,"column":73}}],"line":144},"5":{"loc":{"start":{"line":157,"column":8},"end":{"line":157,"column":76}},"type":"cond-expr","locations":[{"start":{"line":157,"column":33},"end":{"line":157,"column":46}},{"start":{"line":157,"column":49},"end":{"line":157,"column":76}}],"line":157},"6":{"loc":{"start":{"line":168,"column":6},"end":{"line":172,"column":7}},"type":"if","locations":[{"start":{"line":168,"column":6},"end":{"line":172,"column":7}},{"start":{"line":170,"column":13},"end":{"line":172,"column":7}}],"line":168},"7":{"loc":{"start":{"line":184,"column":8},"end":{"line":184,"column":72}},"type":"cond-expr","locations":[{"start":{"line":184,"column":33},"end":{"line":184,"column":46}},{"start":{"line":184,"column":49},"end":{"line":184,"column":72}}],"line":184},"8":{"loc":{"start":{"line":192,"column":26},"end":{"line":192,"column":75}},"type":"binary-expr","locations":[{"start":{"line":192,"column":26},"end":{"line":192,"column":41}},{"start":{"line":192,"column":45},"end":{"line":192,"column":75}}],"line":192},"9":{"loc":{"start":{"line":199,"column":6},"end":{"line":199,"column":36}},"type":"if","locations":[{"start":{"line":199,"column":6},"end":{"line":199,"column":36}},{"start":{},"end":{}}],"line":199},"10":{"loc":{"start":{"line":201,"column":13},"end":{"line":201,"column":33}},"type":"binary-expr","locations":[{"start":{"line":201,"column":13},"end":{"line":201,"column":27}},{"start":{"line":201,"column":31},"end":{"line":201,"column":33}}],"line":201},"11":{"loc":{"start":{"line":232,"column":2},"end":{"line":236,"column":3}},"type":"if","locations":[{"start":{"line":232,"column":2},"end":{"line":236,"column":3}},{"start":{},"end":{}}],"line":232}},"s":{"0":2,"1":32,"2":10,"3":10,"4":0,"5":7,"6":3,"7":4,"8":2,"9":2,"10":0,"11":2,"12":40,"13":40,"14":31,"15":12,"16":40,"17":10,"18":10,"19":10,"20":10,"21":0,"22":0,"23":0,"24":40,"25":9,"26":40,"27":7,"28":7,"29":7,"30":7,"31":7,"32":7,"33":0,"34":0,"35":0,"36":40,"37":3,"38":3,"39":3,"40":0,"41":0,"42":0,"43":40,"44":2,"45":2,"46":1,"47":1,"48":40,"49":2,"50":2,"51":2,"52":0,"53":0,"54":0,"55":40,"56":12,"57":40,"58":4,"59":0,"60":4,"61":4,"62":4,"63":40,"64":1,"65":40,"66":40,"67":40,"68":40,"69":0,"70":40},"f":{"0":32,"1":4,"2":2,"3":40,"4":31,"5":12,"6":10,"7":9,"8":7,"9":7,"10":3,"11":2,"12":2,"13":12,"14":4,"15":4,"16":1,"17":40},"b":{"0":[10,10,0,7,3,2,0],"1":[2,0],"2":[0,0],"3":[7,0],"4":[0,0],"5":[0,0],"6":[1,1],"7":[0,0],"8":[12,12],"9":[0,4],"10":[4,1],"11":[0,40]},"_coverageSchema":"1a1c01bbd47fc00a2c39e90264f33305004495a9","hash":"006486b944e6ca94ea7fbe57eeb674ae83218b67"}
,"/Users/nhannguyen/Documents/rntesting/exercise_psp/CountryExplorer/src/data/mockCountries.ts": {"path":"/Users/nhannguyen/Documents/rntesting/exercise_psp/CountryExplorer/src/data/mockCountries.ts","statementMap":{"0":{"start":{"line":3,"column":44},"end":{"line":49,"column":1}}},"fnMap":{},"branchMap":{},"s":{"0":5},"f":{},"b":{},"_coverageSchema":"1a1c01bbd47fc00a2c39e90264f33305004495a9","hash":"499fb4f77177689e2d1de8e1972902699322d222"}
,"/Users/nhannguyen/Documents/rntesting/exercise_psp/CountryExplorer/src/data/mockRegions.ts": {"path":"/Users/nhannguyen/Documents/rntesting/exercise_psp/CountryExplorer/src/data/mockRegions.ts","statementMap":{"0":{"start":{"line":3,"column":33},"end":{"line":10,"column":1}}},"fnMap":{},"branchMap":{},"s":{"0":1},"f":{},"b":{},"_coverageSchema":"1a1c01bbd47fc00a2c39e90264f33305004495a9","hash":"ed054a0a11fd14f8857268171c67f71ce51de4a4"}
,"/Users/nhannguyen/Documents/rntesting/exercise_psp/CountryExplorer/src/hooks/useColorScheme.ts": {"path":"/Users/nhannguyen/Documents/rntesting/exercise_psp/CountryExplorer/src/hooks/useColorScheme.ts","statementMap":{},"fnMap":{},"branchMap":{},"s":{},"f":{},"b":{},"_coverageSchema":"1a1c01bbd47fc00a2c39e90264f33305004495a9","hash":"e63159366536ad43c2295f01361bcc14062b89bf"}
,"/Users/nhannguyen/Documents/rntesting/exercise_psp/CountryExplorer/src/hooks/useColorScheme.web.ts": {"path":"/Users/nhannguyen/Documents/rntesting/exercise_psp/CountryExplorer/src/hooks/useColorScheme.web.ts","statementMap":{"0":{"start":{"line":8,"column":40},"end":{"line":8,"column":55}},"1":{"start":{"line":10,"column":2},"end":{"line":12,"column":9}},"2":{"start":{"line":11,"column":4},"end":{"line":11,"column":25}},"3":{"start":{"line":14,"column":22},"end":{"line":14,"column":40}},"4":{"start":{"line":16,"column":2},"end":{"line":18,"column":3}},"5":{"start":{"line":17,"column":4},"end":{"line":17,"column":23}},"6":{"start":{"line":20,"column":2},"end":{"line":20,"column":17}}},"fnMap":{"0":{"name":"useColorScheme","decl":{"start":{"line":7,"column":16},"end":{"line":7,"column":30}},"loc":{"start":{"line":7,"column":33},"end":{"line":21,"column":1}},"line":7},"1":{"name":"(anonymous_1)","decl":{"start":{"line":10,"column":12},"end":{"line":10,"column":13}},"loc":{"start":{"line":10,"column":18},"end":{"line":12,"column":3}},"line":10}},"branchMap":{"0":{"loc":{"start":{"line":16,"column":2},"end":{"line":18,"column":3}},"type":"if","locations":[{"start":{"line":16,"column":2},"end":{"line":18,"column":3}},{"start":{},"end":{}}],"line":16}},"s":{"0":0,"1":0,"2":0,"3":0,"4":0,"5":0,"6":0},"f":{"0":0,"1":0},"b":{"0":[0,0]}}
,"/Users/nhannguyen/Documents/rntesting/exercise_psp/CountryExplorer/src/hooks/useCountries.ts": {"path":"/Users/nhannguyen/Documents/rntesting/exercise_psp/CountryExplorer/src/hooks/useCountries.ts","statementMap":{"0":{"start":{"line":6,"column":23},"end":{"line":6,"column":25}},"1":{"start":{"line":21,"column":28},"end":{"line":100,"column":1}},"2":{"start":{"line":24,"column":28},"end":{"line":24,"column":35}},"3":{"start":{"line":25,"column":36},"end":{"line":25,"column":59}},"4":{"start":{"line":26,"column":36},"end":{"line":26,"column":51}},"5":{"start":{"line":27,"column":44},"end":{"line":27,"column":59}},"6":{"start":{"line":28,"column":42},"end":{"line":28,"column":57}},"7":{"start":{"line":29,"column":32},"end":{"line":29,"column":47}},"8":{"start":{"line":30,"column":28},"end":{"line":30,"column":57}},"9":{"start":{"line":31,"column":40},"end":{"line":31,"column":51}},"10":{"start":{"line":33,"column":24},"end":{"line":69,"column":3}},"11":{"start":{"line":35,"column":6},"end":{"line":66,"column":7}},"12":{"start":{"line":36,"column":8},"end":{"line":36,"column":23}},"13":{"start":{"line":38,"column":8},"end":{"line":42,"column":9}},"14":{"start":{"line":39,"column":10},"end":{"line":39,"column":29}},"15":{"start":{"line":41,"column":10},"end":{"line":41,"column":33}},"16":{"start":{"line":44,"column":25},"end":{"line":49,"column":10}},"17":{"start":{"line":51,"column":8},"end":{"line":59,"column":9}},"18":{"start":{"line":52,"column":10},"end":{"line":54,"column":12}},"19":{"start":{"line":53,"column":12},"end":{"line":53,"column":73}},"20":{"start":{"line":55,"column":10},"end":{"line":55,"column":52}},"21":{"start":{"line":56,"column":10},"end":{"line":56,"column":31}},"22":{"start":{"line":58,"column":10},"end":{"line":58,"column":47}},"23":{"start":{"line":61,"column":8},"end":{"line":61,"column":52}},"24":{"start":{"line":62,"column":8},"end":{"line":62,"column":43}},"25":{"start":{"line":64,"column":8},"end":{"line":64,"column":28}},"26":{"start":{"line":65,"column":8},"end":{"line":65,"column":32}},"27":{"start":{"line":71,"column":18},"end":{"line":77,"column":21}},"28":{"start":{"line":72,"column":4},"end":{"line":72,"column":26}},"29":{"start":{"line":73,"column":4},"end":{"line":73,"column":22}},"30":{"start":{"line":74,"column":4},"end":{"line":74,"column":21}},"31":{"start":{"line":75,"column":4},"end":{"line":75,"column":34}},"32":{"start":{"line":76,"column":4},"end":{"line":76,"column":27}},"33":{"start":{"line":79,"column":19},"end":{"line":84,"column":76}},"34":{"start":{"line":80,"column":4},"end":{"line":83,"column":5}},"35":{"start":{"line":81,"column":23},"end":{"line":81,"column":38}},"36":{"start":{"line":82,"column":6},"end":{"line":82,"column":42}},"37":{"start":{"line":86,"column":2},"end":{"line":89,"column":22}},"38":{"start":{"line":87,"column":4},"end":{"line":87,"column":21}},"39":{"start":{"line":88,"column":4},"end":{"line":88,"column":28}},"40":{"start":{"line":91,"column":2},"end":{"line":99,"column":4}}},"fnMap":{"0":{"name":"(anonymous_0)","decl":{"start":{"line":21,"column":28},"end":{"line":21,"column":29}},"loc":{"start":{"line":23,"column":25},"end":{"line":100,"column":1}},"line":23},"1":{"name":"(anonymous_1)","decl":{"start":{"line":34,"column":4},"end":{"line":34,"column":5}},"loc":{"start":{"line":34,"column":53},"end":{"line":67,"column":5}},"line":34},"2":{"name":"(anonymous_2)","decl":{"start":{"line":52,"column":23},"end":{"line":52,"column":24}},"loc":{"start":{"line":53,"column":12},"end":{"line":53,"column":73}},"line":53},"3":{"name":"(anonymous_3)","decl":{"start":{"line":71,"column":30},"end":{"line":71,"column":31}},"loc":{"start":{"line":71,"column":42},"end":{"line":77,"column":3}},"line":71},"4":{"name":"(anonymous_4)","decl":{"start":{"line":79,"column":31},"end":{"line":79,"column":32}},"loc":{"start":{"line":79,"column":43},"end":{"line":84,"column":3}},"line":79},"5":{"name":"(anonymous_5)","decl":{"start":{"line":86,"column":12},"end":{"line":86,"column":13}},"loc":{"start":{"line":86,"column":18},"end":{"line":89,"column":3}},"line":86}},"branchMap":{"0":{"loc":{"start":{"line":22,"column":2},"end":{"line":22,"column":35}},"type":"default-arg","locations":[{"start":{"line":22,"column":33},"end":{"line":22,"column":35}}],"line":22},"1":{"loc":{"start":{"line":34,"column":25},"end":{"line":34,"column":48}},"type":"default-arg","locations":[{"start":{"line":34,"column":43},"end":{"line":34,"column":48}}],"line":34},"2":{"loc":{"start":{"line":38,"column":8},"end":{"line":42,"column":9}},"type":"if","locations":[{"start":{"line":38,"column":8},"end":{"line":42,"column":9}},{"start":{"line":40,"column":15},"end":{"line":42,"column":9}}],"line":38},"3":{"loc":{"start":{"line":38,"column":12},"end":{"line":38,"column":33}},"type":"binary-expr","locations":[{"start":{"line":38,"column":12},"end":{"line":38,"column":22}},{"start":{"line":38,"column":26},"end":{"line":38,"column":33}}],"line":38},"4":{"loc":{"start":{"line":48,"column":18},"end":{"line":48,"column":48}},"type":"cond-expr","locations":[{"start":{"line":48,"column":37},"end":{"line":48,"column":39}},{"start":{"line":48,"column":42},"end":{"line":48,"column":48}}],"line":48},"5":{"loc":{"start":{"line":51,"column":8},"end":{"line":59,"column":9}},"type":"if","locations":[{"start":{"line":51,"column":8},"end":{"line":59,"column":9}},{"start":{"line":57,"column":15},"end":{"line":59,"column":9}}],"line":51},"6":{"loc":{"start":{"line":51,"column":12},"end":{"line":51,"column":37}},"type":"binary-expr","locations":[{"start":{"line":51,"column":12},"end":{"line":51,"column":20}},{"start":{"line":51,"column":24},"end":{"line":51,"column":37}}],"line":51},"7":{"loc":{"start":{"line":53,"column":12},"end":{"line":53,"column":73}},"type":"cond-expr","locations":[{"start":{"line":53,"column":21},"end":{"line":53,"column":57}},{"start":{"line":53,"column":60},"end":{"line":53,"column":73}}],"line":53},"8":{"loc":{"start":{"line":55,"column":21},"end":{"line":55,"column":50}},"type":"binary-expr","locations":[{"start":{"line":55,"column":21},"end":{"line":55,"column":41}},{"start":{"line":55,"column":45},"end":{"line":55,"column":50}}],"line":55},"9":{"loc":{"start":{"line":80,"column":4},"end":{"line":83,"column":5}},"type":"if","locations":[{"start":{"line":80,"column":4},"end":{"line":83,"column":5}},{"start":{},"end":{}}],"line":80},"10":{"loc":{"start":{"line":80,"column":8},"end":{"line":80,"column":57}},"type":"binary-expr","locations":[{"start":{"line":80,"column":8},"end":{"line":80,"column":22}},{"start":{"line":80,"column":26},"end":{"line":80,"column":33}},{"start":{"line":80,"column":37},"end":{"line":80,"column":57}}],"line":80}},"s":{"0":4,"1":4,"2":14,"3":14,"4":14,"5":14,"6":14,"7":14,"8":14,"9":14,"10":14,"11":6,"12":6,"13":6,"14":5,"15":1,"16":6,"17":5,"18":5,"19":5,"20":5,"21":5,"22":0,"23":1,"24":1,"25":6,"26":6,"27":14,"28":1,"29":1,"30":1,"31":1,"32":1,"33":14,"34":1,"35":1,"36":1,"37":14,"38":4,"39":4,"40":14},"f":{"0":14,"1":6,"2":5,"3":1,"4":1,"5":4},"b":{"0":[14],"1":[0],"2":[5,1],"3":[6,5],"4":[0,6],"5":[5,0],"6":[5,5],"7":[1,4],"8":[5,4],"9":[1,0],"10":[1,1,1]},"_coverageSchema":"1a1c01bbd47fc00a2c39e90264f33305004495a9","hash":"e80a38bb3c1062bbf2b4fa7b0f06f3b5f3aff4b3"}
,"/Users/nhannguyen/Documents/rntesting/exercise_psp/CountryExplorer/src/hooks/useCountryDetails.ts": {"path":"/Users/nhannguyen/Documents/rntesting/exercise_psp/CountryExplorer/src/hooks/useCountryDetails.ts","statementMap":{"0":{"start":{"line":21,"column":45},"end":{"line":21,"column":52}},"1":{"start":{"line":23,"column":32},"end":{"line":23,"column":62}},"2":{"start":{"line":24,"column":32},"end":{"line":24,"column":47}},"3":{"start":{"line":26,"column":23},"end":{"line":26,"column":36}},"4":{"start":{"line":28,"column":23},"end":{"line":43,"column":37}},"5":{"start":{"line":29,"column":4},"end":{"line":29,"column":47}},"6":{"start":{"line":29,"column":40},"end":{"line":29,"column":47}},"7":{"start":{"line":31,"column":4},"end":{"line":31,"column":21}},"8":{"start":{"line":32,"column":4},"end":{"line":42,"column":5}},"9":{"start":{"line":33,"column":18},"end":{"line":33,"column":73}},"10":{"start":{"line":34,"column":6},"end":{"line":34,"column":55}},"11":{"start":{"line":34,"column":39},"end":{"line":34,"column":55}},"12":{"start":{"line":36,"column":6},"end":{"line":36,"column":58}},"13":{"start":{"line":37,"column":6},"end":{"line":39,"column":7}},"14":{"start":{"line":38,"column":8},"end":{"line":38,"column":32}},"15":{"start":{"line":41,"column":6},"end":{"line":41,"column":50}},"16":{"start":{"line":41,"column":32},"end":{"line":41,"column":50}},"17":{"start":{"line":45,"column":2},"end":{"line":53,"column":52}},"18":{"start":{"line":46,"column":4},"end":{"line":46,"column":22}},"19":{"start":{"line":46,"column":15},"end":{"line":46,"column":22}},"20":{"start":{"line":47,"column":4},"end":{"line":47,"column":32}},"21":{"start":{"line":48,"column":4},"end":{"line":48,"column":19}},"22":{"start":{"line":50,"column":4},"end":{"line":52,"column":6}},"23":{"start":{"line":51,"column":6},"end":{"line":51,"column":35}},"24":{"start":{"line":55,"column":2},"end":{"line":55,"column":44}}},"fnMap":{"0":{"name":"useCountryDetails","decl":{"start":{"line":17,"column":24},"end":{"line":17,"column":41}},"loc":{"start":{"line":20,"column":27},"end":{"line":56,"column":1}},"line":20},"1":{"name":"(anonymous_1)","decl":{"start":{"line":28,"column":35},"end":{"line":28,"column":36}},"loc":{"start":{"line":28,"column":47},"end":{"line":43,"column":3}},"line":28},"2":{"name":"(anonymous_2)","decl":{"start":{"line":45,"column":12},"end":{"line":45,"column":13}},"loc":{"start":{"line":45,"column":18},"end":{"line":53,"column":3}},"line":45},"3":{"name":"(anonymous_3)","decl":{"start":{"line":50,"column":11},"end":{"line":50,"column":12}},"loc":{"start":{"line":50,"column":17},"end":{"line":52,"column":5}},"line":50}},"branchMap":{"0":{"loc":{"start":{"line":21,"column":10},"end":{"line":21,"column":27}},"type":"default-arg","locations":[{"start":{"line":21,"column":23},"end":{"line":21,"column":27}}],"line":21},"1":{"loc":{"start":{"line":29,"column":4},"end":{"line":29,"column":47}},"type":"if","locations":[{"start":{"line":29,"column":4},"end":{"line":29,"column":47}},{"start":{},"end":{}}],"line":29},"2":{"loc":{"start":{"line":29,"column":8},"end":{"line":29,"column":38}},"type":"binary-expr","locations":[{"start":{"line":29,"column":8},"end":{"line":29,"column":13}},{"start":{"line":29,"column":17},"end":{"line":29,"column":38}}],"line":29},"3":{"loc":{"start":{"line":34,"column":6},"end":{"line":34,"column":55}},"type":"if","locations":[{"start":{"line":34,"column":6},"end":{"line":34,"column":55}},{"start":{},"end":{}}],"line":34},"4":{"loc":{"start":{"line":34,"column":10},"end":{"line":34,"column":37}},"type":"binary-expr","locations":[{"start":{"line":34,"column":10},"end":{"line":34,"column":13}},{"start":{"line":34,"column":17},"end":{"line":34,"column":37}}],"line":34},"5":{"loc":{"start":{"line":37,"column":6},"end":{"line":39,"column":7}},"type":"if","locations":[{"start":{"line":37,"column":6},"end":{"line":39,"column":7}},{"start":{},"end":{}}],"line":37},"6":{"loc":{"start":{"line":41,"column":6},"end":{"line":41,"column":50}},"type":"if","locations":[{"start":{"line":41,"column":6},"end":{"line":41,"column":50}},{"start":{},"end":{}}],"line":41},"7":{"loc":{"start":{"line":46,"column":4},"end":{"line":46,"column":22}},"type":"if","locations":[{"start":{"line":46,"column":4},"end":{"line":46,"column":22}},{"start":{},"end":{}}],"line":46}},"s":{"0":9,"1":9,"2":9,"3":9,"4":9,"5":3,"6":0,"7":3,"8":3,"9":3,"10":2,"11":2,"12":1,"13":1,"14":1,"15":3,"16":3,"17":9,"18":3,"19":0,"20":3,"21":3,"22":3,"23":3,"24":9},"f":{"0":9,"1":3,"2":3,"3":3},"b":{"0":[0],"1":[0,3],"2":[3,3],"3":[2,0],"4":[2,2],"5":[1,0],"6":[3,0],"7":[0,3]},"_coverageSchema":"1a1c01bbd47fc00a2c39e90264f33305004495a9","hash":"9d1fc16dd24700e4c57a48359ee8d5ba06e2e66e"}
,"/Users/nhannguyen/Documents/rntesting/exercise_psp/CountryExplorer/src/hooks/useDebounce.ts": {"path":"/Users/nhannguyen/Documents/rntesting/exercise_psp/CountryExplorer/src/hooks/useDebounce.ts","statementMap":{"0":{"start":{"line":9,"column":27},"end":{"line":23,"column":1}},"1":{"start":{"line":10,"column":46},"end":{"line":10,"column":64}},"2":{"start":{"line":12,"column":2},"end":{"line":20,"column":21}},"3":{"start":{"line":13,"column":20},"end":{"line":15,"column":13}},"4":{"start":{"line":14,"column":6},"end":{"line":14,"column":31}},"5":{"start":{"line":17,"column":4},"end":{"line":19,"column":6}},"6":{"start":{"line":18,"column":6},"end":{"line":18,"column":28}},"7":{"start":{"line":22,"column":2},"end":{"line":22,"column":24}}},"fnMap":{"0":{"name":"(anonymous_0)","decl":{"start":{"line":9,"column":27},"end":{"line":9,"column":28}},"loc":{"start":{"line":9,"column":62},"end":{"line":23,"column":1}},"line":9},"1":{"name":"(anonymous_1)","decl":{"start":{"line":12,"column":12},"end":{"line":12,"column":13}},"loc":{"start":{"line":12,"column":18},"end":{"line":20,"column":3}},"line":12},"2":{"name":"(anonymous_2)","decl":{"start":{"line":13,"column":31},"end":{"line":13,"column":32}},"loc":{"start":{"line":13,"column":37},"end":{"line":15,"column":5}},"line":13},"3":{"name":"(anonymous_3)","decl":{"start":{"line":17,"column":11},"end":{"line":17,"column":12}},"loc":{"start":{"line":17,"column":17},"end":{"line":19,"column":5}},"line":17}},"branchMap":{},"s":{"0":3,"1":26,"2":26,"3":19,"4":7,"5":19,"6":19,"7":26},"f":{"0":26,"1":19,"2":7,"3":19},"b":{},"_coverageSchema":"1a1c01bbd47fc00a2c39e90264f33305004495a9","hash":"3af6a475abd355cf7f2721d622118aefd2d39414"}
,"/Users/nhannguyen/Documents/rntesting/exercise_psp/CountryExplorer/src/hooks/useRegions.ts": {"path":"/Users/nhannguyen/Documents/rntesting/exercise_psp/CountryExplorer/src/hooks/useRegions.ts","statementMap":{"0":{"start":{"line":12,"column":32},"end":{"line":12,"column":59}},"1":{"start":{"line":13,"column":32},"end":{"line":13,"column":47}},"2":{"start":{"line":15,"column":2},"end":{"line":17,"column":9}},"3":{"start":{"line":16,"column":4},"end":{"line":16,"column":18}},"4":{"start":{"line":19,"column":22},"end":{"line":29,"column":3}},"5":{"start":{"line":20,"column":4},"end":{"line":20,"column":21}},"6":{"start":{"line":21,"column":4},"end":{"line":28,"column":5}},"7":{"start":{"line":22,"column":17},"end":{"line":22,"column":50}},"8":{"start":{"line":23,"column":6},"end":{"line":23,"column":21}},"9":{"start":{"line":25,"column":6},"end":{"line":25,"column":78}},"10":{"start":{"line":27,"column":6},"end":{"line":27,"column":24}},"11":{"start":{"line":31,"column":2},"end":{"line":31,"column":30}}},"fnMap":{"0":{"name":"useRegions","decl":{"start":{"line":11,"column":16},"end":{"line":11,"column":26}},"loc":{"start":{"line":11,"column":74},"end":{"line":32,"column":1}},"line":11},"1":{"name":"(anonymous_1)","decl":{"start":{"line":15,"column":12},"end":{"line":15,"column":13}},"loc":{"start":{"line":15,"column":18},"end":{"line":17,"column":3}},"line":15},"2":{"name":"(anonymous_2)","decl":{"start":{"line":19,"column":22},"end":{"line":19,"column":23}},"loc":{"start":{"line":19,"column":34},"end":{"line":29,"column":3}},"line":19}},"branchMap":{"0":{"loc":{"start":{"line":11,"column":27},"end":{"line":11,"column":54}},"type":"default-arg","locations":[{"start":{"line":11,"column":47},"end":{"line":11,"column":54}}],"line":11}},"s":{"0":0,"1":0,"2":0,"3":0,"4":0,"5":0,"6":0,"7":0,"8":0,"9":0,"10":0,"11":0},"f":{"0":0,"1":0,"2":0},"b":{"0":[0]}}
,"/Users/nhannguyen/Documents/rntesting/exercise_psp/CountryExplorer/src/hooks/useThemeColor.ts": {"path":"/Users/nhannguyen/Documents/rntesting/exercise_psp/CountryExplorer/src/hooks/useThemeColor.ts","statementMap":{"0":{"start":{"line":13,"column":16},"end":{"line":13,"column":43}},"1":{"start":{"line":14,"column":25},"end":{"line":14,"column":37}},"2":{"start":{"line":16,"column":2},"end":{"line":20,"column":3}},"3":{"start":{"line":17,"column":4},"end":{"line":17,"column":26}},"4":{"start":{"line":19,"column":4},"end":{"line":19,"column":36}}},"fnMap":{"0":{"name":"useThemeColor","decl":{"start":{"line":9,"column":16},"end":{"line":9,"column":29}},"loc":{"start":{"line":12,"column":2},"end":{"line":21,"column":1}},"line":12}},"branchMap":{"0":{"loc":{"start":{"line":13,"column":16},"end":{"line":13,"column":43}},"type":"binary-expr","locations":[{"start":{"line":13,"column":16},"end":{"line":13,"column":32}},{"start":{"line":13,"column":36},"end":{"line":13,"column":43}}],"line":13},"1":{"loc":{"start":{"line":16,"column":2},"end":{"line":20,"column":3}},"type":"if","locations":[{"start":{"line":16,"column":2},"end":{"line":20,"column":3}},{"start":{"line":18,"column":9},"end":{"line":20,"column":3}}],"line":16}},"s":{"0":99,"1":99,"2":99,"3":0,"4":99},"f":{"0":99},"b":{"0":[99,0],"1":[0,99]},"_coverageSchema":"1a1c01bbd47fc00a2c39e90264f33305004495a9","hash":"199241440ccb1b9a98977fd24c877ec0fd04761b"}
,"/Users/nhannguyen/Documents/rntesting/exercise_psp/CountryExplorer/src/services/CountryService.ts": {"path":"/Users/nhannguyen/Documents/rntesting/exercise_psp/CountryExplorer/src/services/CountryService.ts","statementMap":{"0":{"start":{"line":8,"column":21},"end":{"line":8,"column":53}},"1":{"start":{"line":10,"column":2},"end":{"line":10,"column":66}},"2":{"start":{"line":26,"column":36},"end":{"line":26,"column":38}},"3":{"start":{"line":27,"column":26},"end":{"line":27,"column":31}},"4":{"start":{"line":28,"column":18},"end":{"line":28,"column":54}},"5":{"start":{"line":31,"column":4},"end":{"line":33,"column":5}},"6":{"start":{"line":32,"column":6},"end":{"line":32,"column":13}},"7":{"start":{"line":35,"column":4},"end":{"line":62,"column":5}},"8":{"start":{"line":37,"column":23},"end":{"line":37,"column":78}},"9":{"start":{"line":38,"column":6},"end":{"line":40,"column":7}},"10":{"start":{"line":39,"column":8},"end":{"line":39,"column":66}},"11":{"start":{"line":42,"column":19},"end":{"line":42,"column":40}},"12":{"start":{"line":45,"column":43},"end":{"line":45,"column":64}},"13":{"start":{"line":46,"column":6},"end":{"line":51,"column":7}},"14":{"start":{"line":47,"column":8},"end":{"line":50,"column":10}},"15":{"start":{"line":54,"column":6},"end":{"line":56,"column":8}},"16":{"start":{"line":55,"column":8},"end":{"line":55,"column":38}},"17":{"start":{"line":58,"column":6},"end":{"line":58,"column":32}},"18":{"start":{"line":60,"column":6},"end":{"line":60,"column":54}},"19":{"start":{"line":61,"column":6},"end":{"line":61,"column":70}},"20":{"start":{"line":66,"column":4},"end":{"line":66,"column":104}},"21":{"start":{"line":72,"column":66},"end":{"line":72,"column":72}},"22":{"start":{"line":75,"column":21},"end":{"line":75,"column":45}},"23":{"start":{"line":76,"column":4},"end":{"line":78,"column":5}},"24":{"start":{"line":77,"column":6},"end":{"line":77,"column":39}},"25":{"start":{"line":81,"column":4},"end":{"line":83,"column":6}},"26":{"start":{"line":82,"column":6},"end":{"line":82,"column":52}},"27":{"start":{"line":85,"column":4},"end":{"line":85,"column":37}},"28":{"start":{"line":87,"column":28},"end":{"line":87,"column":50}},"29":{"start":{"line":90,"column":4},"end":{"line":97,"column":5}},"30":{"start":{"line":91,"column":26},"end":{"line":91,"column":46}},"31":{"start":{"line":92,"column":6},"end":{"line":96,"column":8}},"32":{"start":{"line":94,"column":10},"end":{"line":95,"column":58}},"33":{"start":{"line":100,"column":4},"end":{"line":104,"column":5}},"34":{"start":{"line":101,"column":6},"end":{"line":103,"column":8}},"35":{"start":{"line":102,"column":21},"end":{"line":102,"column":46}},"36":{"start":{"line":107,"column":4},"end":{"line":109,"column":6}},"37":{"start":{"line":108,"column":6},"end":{"line":108,"column":48}},"38":{"start":{"line":112,"column":23},"end":{"line":112,"column":47}},"39":{"start":{"line":113,"column":23},"end":{"line":113,"column":41}},"40":{"start":{"line":114,"column":21},"end":{"line":114,"column":39}},"41":{"start":{"line":115,"column":17},"end":{"line":115,"column":62}},"42":{"start":{"line":116,"column":24},"end":{"line":116,"column":45}},"43":{"start":{"line":118,"column":38},"end":{"line":122,"column":5}},"44":{"start":{"line":125,"column":4},"end":{"line":125,"column":37}},"45":{"start":{"line":127,"column":4},"end":{"line":127,"column":18}},"46":{"start":{"line":134,"column":4},"end":{"line":134,"column":37}},"47":{"start":{"line":136,"column":19},"end":{"line":136,"column":77}},"48":{"start":{"line":136,"column":55},"end":{"line":136,"column":76}},"49":{"start":{"line":137,"column":4},"end":{"line":139,"column":5}},"50":{"start":{"line":138,"column":6},"end":{"line":138,"column":20}},"51":{"start":{"line":142,"column":4},"end":{"line":171,"column":5}},"52":{"start":{"line":143,"column":19},"end":{"line":145,"column":7}},"53":{"start":{"line":146,"column":6},"end":{"line":152,"column":7}},"54":{"start":{"line":147,"column":8},"end":{"line":150,"column":10}},"55":{"start":{"line":151,"column":8},"end":{"line":151,"column":30}},"56":{"start":{"line":154,"column":19},"end":{"line":154,"column":36}},"57":{"start":{"line":155,"column":18},"end":{"line":155,"column":54}},"58":{"start":{"line":156,"column":6},"end":{"line":156,"column":38}},"59":{"start":{"line":156,"column":16},"end":{"line":156,"column":38}},"60":{"start":{"line":158,"column":35},"end":{"line":158,"column":61}},"61":{"start":{"line":161,"column":18},"end":{"line":163,"column":7}},"62":{"start":{"line":162,"column":15},"end":{"line":162,"column":42}},"63":{"start":{"line":164,"column":6},"end":{"line":165,"column":47}},"64":{"start":{"line":164,"column":20},"end":{"line":164,"column":57}},"65":{"start":{"line":165,"column":11},"end":{"line":165,"column":47}},"66":{"start":{"line":167,"column":6},"end":{"line":167,"column":25}},"67":{"start":{"line":169,"column":6},"end":{"line":169,"column":58}},"68":{"start":{"line":170,"column":6},"end":{"line":170,"column":28}},"69":{"start":{"line":175,"column":4},"end":{"line":175,"column":37}},"70":{"start":{"line":177,"column":20},"end":{"line":179,"column":5}},"71":{"start":{"line":178,"column":43},"end":{"line":178,"column":51}},"72":{"start":{"line":181,"column":4},"end":{"line":181,"column":54}},"73":{"start":{"line":185,"column":4},"end":{"line":185,"column":23}},"74":{"start":{"line":189,"column":30},"end":{"line":189,"column":50}}},"fnMap":{"0":{"name":"(anonymous_0)","decl":{"start":{"line":30,"column":2},"end":{"line":30,"column":3}},"loc":{"start":{"line":30,"column":53},"end":{"line":63,"column":3}},"line":30},"1":{"name":"(anonymous_1)","decl":{"start":{"line":54,"column":41},"end":{"line":54,"column":42}},"loc":{"start":{"line":55,"column":8},"end":{"line":55,"column":38}},"line":55},"2":{"name":"(anonymous_2)","decl":{"start":{"line":65,"column":2},"end":{"line":65,"column":3}},"loc":{"start":{"line":65,"column":58},"end":{"line":67,"column":3}},"line":65},"3":{"name":"(anonymous_3)","decl":{"start":{"line":69,"column":2},"end":{"line":69,"column":3}},"loc":{"start":{"line":71,"column":32},"end":{"line":128,"column":3}},"line":71},"4":{"name":"(anonymous_4)","decl":{"start":{"line":81,"column":22},"end":{"line":81,"column":23}},"loc":{"start":{"line":82,"column":6},"end":{"line":82,"column":52}},"line":82},"5":{"name":"(anonymous_5)","decl":{"start":{"line":93,"column":8},"end":{"line":93,"column":9}},"loc":{"start":{"line":94,"column":10},"end":{"line":95,"column":58}},"line":94},"6":{"name":"(anonymous_6)","decl":{"start":{"line":102,"column":8},"end":{"line":102,"column":9}},"loc":{"start":{"line":102,"column":21},"end":{"line":102,"column":46}},"line":102},"7":{"name":"(anonymous_7)","decl":{"start":{"line":107,"column":27},"end":{"line":107,"column":28}},"loc":{"start":{"line":108,"column":6},"end":{"line":108,"column":48}},"line":108},"8":{"name":"(anonymous_8)","decl":{"start":{"line":130,"column":2},"end":{"line":130,"column":3}},"loc":{"start":{"line":133,"column":29},"end":{"line":172,"column":3}},"line":133},"9":{"name":"(anonymous_9)","decl":{"start":{"line":136,"column":42},"end":{"line":136,"column":43}},"loc":{"start":{"line":136,"column":55},"end":{"line":136,"column":76}},"line":136},"10":{"name":"(anonymous_10)","decl":{"start":{"line":162,"column":8},"end":{"line":162,"column":9}},"loc":{"start":{"line":162,"column":15},"end":{"line":162,"column":42}},"line":162},"11":{"name":"(anonymous_11)","decl":{"start":{"line":174,"column":2},"end":{"line":174,"column":3}},"loc":{"start":{"line":174,"column":40},"end":{"line":182,"column":3}},"line":174},"12":{"name":"(anonymous_12)","decl":{"start":{"line":178,"column":36},"end":{"line":178,"column":37}},"loc":{"start":{"line":178,"column":43},"end":{"line":178,"column":51}},"line":178},"13":{"name":"(anonymous_13)","decl":{"start":{"line":184,"column":2},"end":{"line":184,"column":3}},"loc":{"start":{"line":184,"column":21},"end":{"line":186,"column":3}},"line":184}},"branchMap":{"0":{"loc":{"start":{"line":31,"column":4},"end":{"line":33,"column":5}},"type":"if","locations":[{"start":{"line":31,"column":4},"end":{"line":33,"column":5}},{"start":{},"end":{}}],"line":31},"1":{"loc":{"start":{"line":38,"column":6},"end":{"line":40,"column":7}},"type":"if","locations":[{"start":{"line":38,"column":6},"end":{"line":40,"column":7}},{"start":{},"end":{}}],"line":38},"2":{"loc":{"start":{"line":46,"column":6},"end":{"line":51,"column":7}},"type":"if","locations":[{"start":{"line":46,"column":6},"end":{"line":51,"column":7}},{"start":{},"end":{}}],"line":46},"3":{"loc":{"start":{"line":61,"column":12},"end":{"line":61,"column":69}},"type":"cond-expr","locations":[{"start":{"line":61,"column":37},"end":{"line":61,"column":42}},{"start":{"line":61,"column":45},"end":{"line":61,"column":69}}],"line":61},"4":{"loc":{"start":{"line":66,"column":14},"end":{"line":66,"column":30}},"type":"binary-expr","locations":[{"start":{"line":66,"column":14},"end":{"line":66,"column":25}},{"start":{"line":66,"column":29},"end":{"line":66,"column":30}}],"line":66},"5":{"loc":{"start":{"line":66,"column":34},"end":{"line":66,"column":52}},"type":"binary-expr","locations":[{"start":{"line":66,"column":34},"end":{"line":66,"column":46}},{"start":{"line":66,"column":50},"end":{"line":66,"column":52}}],"line":66},"6":{"loc":{"start":{"line":66,"column":56},"end":{"line":66,"column":75}},"type":"binary-expr","locations":[{"start":{"line":66,"column":56},"end":{"line":66,"column":69}},{"start":{"line":66,"column":73},"end":{"line":66,"column":75}}],"line":66},"7":{"loc":{"start":{"line":66,"column":79},"end":{"line":66,"column":101}},"type":"binary-expr","locations":[{"start":{"line":66,"column":79},"end":{"line":66,"column":92}},{"start":{"line":66,"column":96},"end":{"line":66,"column":101}}],"line":66},"8":{"loc":{"start":{"line":70,"column":4},"end":{"line":70,"column":35}},"type":"default-arg","locations":[{"start":{"line":70,"column":33},"end":{"line":70,"column":35}}],"line":70},"9":{"loc":{"start":{"line":72,"column":12},"end":{"line":72,"column":20}},"type":"default-arg","locations":[{"start":{"line":72,"column":19},"end":{"line":72,"column":20}}],"line":72},"10":{"loc":{"start":{"line":72,"column":22},"end":{"line":72,"column":32}},"type":"default-arg","locations":[{"start":{"line":72,"column":30},"end":{"line":72,"column":32}}],"line":72},"11":{"loc":{"start":{"line":72,"column":34},"end":{"line":72,"column":45}},"type":"default-arg","locations":[{"start":{"line":72,"column":43},"end":{"line":72,"column":45}}],"line":72},"12":{"loc":{"start":{"line":72,"column":47},"end":{"line":72,"column":61}},"type":"default-arg","locations":[{"start":{"line":72,"column":56},"end":{"line":72,"column":61}}],"line":72},"13":{"loc":{"start":{"line":76,"column":4},"end":{"line":78,"column":5}},"type":"if","locations":[{"start":{"line":76,"column":4},"end":{"line":78,"column":5}},{"start":{},"end":{}}],"line":76},"14":{"loc":{"start":{"line":90,"column":4},"end":{"line":97,"column":5}},"type":"if","locations":[{"start":{"line":90,"column":4},"end":{"line":97,"column":5}},{"start":{},"end":{}}],"line":90},"15":{"loc":{"start":{"line":94,"column":10},"end":{"line":95,"column":58}},"type":"binary-expr","locations":[{"start":{"line":94,"column":10},"end":{"line":94,"column":65}},{"start":{"line":95,"column":10},"end":{"line":95,"column":58}}],"line":94},"16":{"loc":{"start":{"line":100,"column":4},"end":{"line":104,"column":5}},"type":"if","locations":[{"start":{"line":100,"column":4},"end":{"line":104,"column":5}},{"start":{},"end":{}}],"line":100},"17":{"loc":{"start":{"line":100,"column":8},"end":{"line":100,"column":41}},"type":"binary-expr","locations":[{"start":{"line":100,"column":8},"end":{"line":100,"column":24}},{"start":{"line":100,"column":28},"end":{"line":100,"column":41}}],"line":100},"18":{"loc":{"start":{"line":132,"column":4},"end":{"line":132,"column":22}},"type":"default-arg","locations":[{"start":{"line":132,"column":17},"end":{"line":132,"column":22}}],"line":132},"19":{"loc":{"start":{"line":137,"column":4},"end":{"line":139,"column":5}},"type":"if","locations":[{"start":{"line":137,"column":4},"end":{"line":139,"column":5}},{"start":{},"end":{}}],"line":137},"20":{"loc":{"start":{"line":137,"column":8},"end":{"line":137,"column":29}},"type":"binary-expr","locations":[{"start":{"line":137,"column":8},"end":{"line":137,"column":14}},{"start":{"line":137,"column":18},"end":{"line":137,"column":29}}],"line":137},"21":{"loc":{"start":{"line":146,"column":6},"end":{"line":152,"column":7}},"type":"if","locations":[{"start":{"line":146,"column":6},"end":{"line":152,"column":7}},{"start":{},"end":{}}],"line":146},"22":{"loc":{"start":{"line":151,"column":15},"end":{"line":151,"column":29}},"type":"binary-expr","locations":[{"start":{"line":151,"column":15},"end":{"line":151,"column":21}},{"start":{"line":151,"column":25},"end":{"line":151,"column":29}}],"line":151},"23":{"loc":{"start":{"line":155,"column":18},"end":{"line":155,"column":54}},"type":"cond-expr","locations":[{"start":{"line":155,"column":40},"end":{"line":155,"column":47}},{"start":{"line":155,"column":50},"end":{"line":155,"column":54}}],"line":155},"24":{"loc":{"start":{"line":156,"column":6},"end":{"line":156,"column":38}},"type":"if","locations":[{"start":{"line":156,"column":6},"end":{"line":156,"column":38}},{"start":{},"end":{}}],"line":156},"25":{"loc":{"start":{"line":156,"column":23},"end":{"line":156,"column":37}},"type":"binary-expr","locations":[{"start":{"line":156,"column":23},"end":{"line":156,"column":29}},{"start":{"line":156,"column":33},"end":{"line":156,"column":37}}],"line":156},"26":{"loc":{"start":{"line":164,"column":6},"end":{"line":165,"column":47}},"type":"if","locations":[{"start":{"line":164,"column":6},"end":{"line":165,"column":47}},{"start":{"line":165,"column":11},"end":{"line":165,"column":47}}],"line":164},"27":{"loc":{"start":{"line":170,"column":13},"end":{"line":170,"column":27}},"type":"binary-expr","locations":[{"start":{"line":170,"column":13},"end":{"line":170,"column":19}},{"start":{"line":170,"column":23},"end":{"line":170,"column":27}}],"line":170}},"s":{"0":5,"1":5,"2":5,"3":5,"4":5,"5":0,"6":0,"7":0,"8":0,"9":0,"10":0,"11":0,"12":0,"13":0,"14":0,"15":0,"16":0,"17":0,"18":0,"19":0,"20":0,"21":0,"22":0,"23":0,"24":0,"25":0,"26":0,"27":0,"28":0,"29":0,"30":0,"31":0,"32":0,"33":0,"34":0,"35":0,"36":0,"37":0,"38":0,"39":0,"40":0,"41":0,"42":0,"43":0,"44":0,"45":0,"46":0,"47":0,"48":0,"49":0,"50":0,"51":0,"52":0,"53":0,"54":0,"55":0,"56":0,"57":0,"58":0,"59":0,"60":0,"61":0,"62":0,"63":0,"64":0,"65":0,"66":0,"67":0,"68":0,"69":0,"70":0,"71":0,"72":0,"73":0,"74":5},"f":{"0":0,"1":0,"2":0,"3":0,"4":0,"5":0,"6":0,"7":0,"8":0,"9":0,"10":0,"11":0,"12":0,"13":0},"b":{"0":[0,0],"1":[0,0],"2":[0,0],"3":[0,0],"4":[0,0],"5":[0,0],"6":[0,0],"7":[0,0],"8":[0],"9":[0],"10":[0],"11":[0],"12":[0],"13":[0,0],"14":[0,0],"15":[0,0],"16":[0,0],"17":[0,0],"18":[0],"19":[0,0],"20":[0,0],"21":[0,0],"22":[0,0],"23":[0,0],"24":[0,0],"25":[0,0],"26":[0,0],"27":[0,0]},"_coverageSchema":"1a1c01bbd47fc00a2c39e90264f33305004495a9","hash":"699ae3d9c9e5b5057a07bfd62feb967e26a09eec"}
,"/Users/nhannguyen/Documents/rntesting/exercise_psp/CountryExplorer/src/services/ErrorHandler.ts": {"path":"/Users/nhannguyen/Documents/rntesting/exercise_psp/CountryExplorer/src/services/ErrorHandler.ts","statementMap":{"0":{"start":{"line":28,"column":26},"end":{"line":28,"column":33}},"1":{"start":{"line":33,"column":4},"end":{"line":35,"column":5}},"2":{"start":{"line":34,"column":6},"end":{"line":34,"column":49}},"3":{"start":{"line":36,"column":4},"end":{"line":36,"column":33}},"4":{"start":{"line":43,"column":18},"end":{"line":43,"column":51}},"5":{"start":{"line":46,"column":4},"end":{"line":48,"column":5}},"6":{"start":{"line":47,"column":6},"end":{"line":47,"column":40}},"7":{"start":{"line":51,"column":4},"end":{"line":53,"column":5}},"8":{"start":{"line":52,"column":6},"end":{"line":52,"column":40}},"9":{"start":{"line":56,"column":4},"end":{"line":58,"column":5}},"10":{"start":{"line":57,"column":6},"end":{"line":57,"column":41}},"11":{"start":{"line":69,"column":4},"end":{"line":76,"column":7}},"12":{"start":{"line":83,"column":4},"end":{"line":89,"column":7}},"13":{"start":{"line":100,"column":25},"end":{"line":100,"column":56}},"14":{"start":{"line":101,"column":4},"end":{"line":107,"column":7}},"15":{"start":{"line":111,"column":22},"end":{"line":111,"column":46}},"16":{"start":{"line":112,"column":19},"end":{"line":112,"column":59}},"17":{"start":{"line":114,"column":4},"end":{"line":114,"column":50}},"18":{"start":{"line":115,"column":4},"end":{"line":117,"column":5}},"19":{"start":{"line":116,"column":6},"end":{"line":116,"column":43}},"20":{"start":{"line":118,"column":4},"end":{"line":120,"column":5}},"21":{"start":{"line":119,"column":6},"end":{"line":119,"column":47}},"22":{"start":{"line":121,"column":4},"end":{"line":121,"column":23}},"23":{"start":{"line":126,"column":4},"end":{"line":126,"column":57}},"24":{"start":{"line":130,"column":18},"end":{"line":130,"column":67}},"25":{"start":{"line":131,"column":20},"end":{"line":131,"column":58}},"26":{"start":{"line":133,"column":4},"end":{"line":133,"column":50}},"27":{"start":{"line":137,"column":28},"end":{"line":137,"column":54}},"28":{"start":{"line":140,"column":34},"end":{"line":144,"column":68}},"29":{"start":{"line":144,"column":5},"end":{"line":144,"column":68}},"30":{"start":{"line":146,"column":27},"end":{"line":147,"column":45}},"31":{"start":{"line":147,"column":2},"end":{"line":147,"column":45}},"32":{"start":{"line":149,"column":32},"end":{"line":153,"column":62}},"33":{"start":{"line":153,"column":5},"end":{"line":153,"column":62}},"34":{"start":{"line":155,"column":31},"end":{"line":156,"column":72}},"35":{"start":{"line":156,"column":2},"end":{"line":156,"column":72}},"36":{"start":{"line":159,"column":24},"end":{"line":163,"column":1}},"37":{"start":{"line":160,"column":2},"end":{"line":162,"column":3}},"38":{"start":{"line":161,"column":4},"end":{"line":161,"column":34}}},"fnMap":{"0":{"name":"(anonymous_0)","decl":{"start":{"line":30,"column":2},"end":{"line":30,"column":3}},"loc":{"start":{"line":30,"column":24},"end":{"line":30,"column":26}},"line":30},"1":{"name":"(anonymous_1)","decl":{"start":{"line":32,"column":2},"end":{"line":32,"column":3}},"loc":{"start":{"line":32,"column":37},"end":{"line":37,"column":3}},"line":32},"2":{"name":"(anonymous_2)","decl":{"start":{"line":42,"column":2},"end":{"line":42,"column":3}},"loc":{"start":{"line":42,"column":43},"end":{"line":59,"column":3}},"line":42},"3":{"name":"(anonymous_3)","decl":{"start":{"line":64,"column":2},"end":{"line":64,"column":3}},"loc":{"start":{"line":68,"column":10},"end":{"line":77,"column":3}},"line":68},"4":{"name":"(anonymous_4)","decl":{"start":{"line":82,"column":2},"end":{"line":82,"column":3}},"loc":{"start":{"line":82,"column":56},"end":{"line":90,"column":3}},"line":82},"5":{"name":"(anonymous_5)","decl":{"start":{"line":95,"column":2},"end":{"line":95,"column":3}},"loc":{"start":{"line":99,"column":10},"end":{"line":108,"column":3}},"line":99},"6":{"name":"(anonymous_6)","decl":{"start":{"line":110,"column":2},"end":{"line":110,"column":3}},"loc":{"start":{"line":110,"column":71},"end":{"line":122,"column":3}},"line":110},"7":{"name":"(anonymous_7)","decl":{"start":{"line":124,"column":2},"end":{"line":124,"column":3}},"loc":{"start":{"line":124,"column":59},"end":{"line":127,"column":3}},"line":124},"8":{"name":"(anonymous_8)","decl":{"start":{"line":129,"column":2},"end":{"line":129,"column":3}},"loc":{"start":{"line":129,"column":72},"end":{"line":134,"column":3}},"line":129},"9":{"name":"(anonymous_9)","decl":{"start":{"line":140,"column":34},"end":{"line":140,"column":35}},"loc":{"start":{"line":144,"column":5},"end":{"line":144,"column":68}},"line":144},"10":{"name":"(anonymous_10)","decl":{"start":{"line":146,"column":27},"end":{"line":146,"column":28}},"loc":{"start":{"line":147,"column":2},"end":{"line":147,"column":45}},"line":147},"11":{"name":"(anonymous_11)","decl":{"start":{"line":149,"column":32},"end":{"line":149,"column":33}},"loc":{"start":{"line":153,"column":5},"end":{"line":153,"column":62}},"line":153},"12":{"name":"(anonymous_12)","decl":{"start":{"line":155,"column":31},"end":{"line":155,"column":32}},"loc":{"start":{"line":156,"column":2},"end":{"line":156,"column":72}},"line":156},"13":{"name":"(anonymous_13)","decl":{"start":{"line":159,"column":24},"end":{"line":159,"column":25}},"loc":{"start":{"line":159,"column":62},"end":{"line":163,"column":1}},"line":159}},"branchMap":{"0":{"loc":{"start":{"line":33,"column":4},"end":{"line":35,"column":5}},"type":"if","locations":[{"start":{"line":33,"column":4},"end":{"line":35,"column":5}},{"start":{},"end":{}}],"line":33},"1":{"loc":{"start":{"line":43,"column":18},"end":{"line":43,"column":51}},"type":"binary-expr","locations":[{"start":{"line":43,"column":18},"end":{"line":43,"column":31}},{"start":{"line":43,"column":35},"end":{"line":43,"column":51}}],"line":43},"2":{"loc":{"start":{"line":46,"column":4},"end":{"line":48,"column":5}},"type":"if","locations":[{"start":{"line":46,"column":4},"end":{"line":48,"column":5}},{"start":{},"end":{}}],"line":46},"3":{"loc":{"start":{"line":51,"column":4},"end":{"line":53,"column":5}},"type":"if","locations":[{"start":{"line":51,"column":4},"end":{"line":53,"column":5}},{"start":{},"end":{}}],"line":51},"4":{"loc":{"start":{"line":51,"column":8},"end":{"line":51,"column":59}},"type":"binary-expr","locations":[{"start":{"line":51,"column":8},"end":{"line":51,"column":27}},{"start":{"line":51,"column":31},"end":{"line":51,"column":59}}],"line":51},"5":{"loc":{"start":{"line":56,"column":4},"end":{"line":58,"column":5}},"type":"if","locations":[{"start":{"line":56,"column":4},"end":{"line":58,"column":5}},{"start":{},"end":{}}],"line":56},"6":{"loc":{"start":{"line":74,"column":19},"end":{"line":74,"column":68}},"type":"binary-expr","locations":[{"start":{"line":74,"column":19},"end":{"line":74,"column":30}},{"start":{"line":74,"column":34},"end":{"line":74,"column":68}}],"line":74},"7":{"loc":{"start":{"line":100,"column":25},"end":{"line":100,"column":56}},"type":"binary-expr","locations":[{"start":{"line":100,"column":25},"end":{"line":100,"column":32}},{"start":{"line":100,"column":36},"end":{"line":100,"column":56}}],"line":100},"8":{"loc":{"start":{"line":115,"column":4},"end":{"line":117,"column":5}},"type":"if","locations":[{"start":{"line":115,"column":4},"end":{"line":117,"column":5}},{"start":{},"end":{}}],"line":115},"9":{"loc":{"start":{"line":118,"column":4},"end":{"line":120,"column":5}},"type":"if","locations":[{"start":{"line":118,"column":4},"end":{"line":120,"column":5}},{"start":{},"end":{}}],"line":118},"10":{"loc":{"start":{"line":130,"column":18},"end":{"line":130,"column":67}},"type":"cond-expr","locations":[{"start":{"line":130,"column":50},"end":{"line":130,"column":57}},{"start":{"line":130,"column":60},"end":{"line":130,"column":67}}],"line":130},"11":{"loc":{"start":{"line":131,"column":20},"end":{"line":131,"column":58}},"type":"binary-expr","locations":[{"start":{"line":131,"column":20},"end":{"line":131,"column":39}},{"start":{"line":131,"column":43},"end":{"line":131,"column":58}}],"line":131},"12":{"loc":{"start":{"line":160,"column":2},"end":{"line":162,"column":3}},"type":"if","locations":[{"start":{"line":160,"column":2},"end":{"line":162,"column":3}},{"start":{},"end":{}}],"line":160}},"s":{"0":9,"1":9,"2":9,"3":9,"4":2,"5":2,"6":2,"7":2,"8":0,"9":2,"10":0,"11":0,"12":2,"13":0,"14":0,"15":2,"16":2,"17":2,"18":2,"19":2,"20":2,"21":2,"22":2,"23":0,"24":0,"25":0,"26":0,"27":9,"28":9,"29":0,"30":9,"31":2,"32":9,"33":0,"34":9,"35":0,"36":9,"37":0,"38":0},"f":{"0":9,"1":9,"2":2,"3":0,"4":2,"5":0,"6":2,"7":0,"8":0,"9":0,"10":2,"11":0,"12":0,"13":0},"b":{"0":[9,0],"1":[2,0],"2":[2,0],"3":[0,2],"4":[2,0],"5":[0,2],"6":[0,0],"7":[0,0],"8":[2,0],"9":[2,0],"10":[0,0],"11":[0,0],"12":[0,0]},"_coverageSchema":"1a1c01bbd47fc00a2c39e90264f33305004495a9","hash":"3a6d40e972d94596548a7258b689c450f185e1fe"}
,"/Users/nhannguyen/Documents/rntesting/exercise_psp/CountryExplorer/src/services/StorageService.ts": {"path":"/Users/nhannguyen/Documents/rntesting/exercise_psp/CountryExplorer/src/services/StorageService.ts","statementMap":{"0":{"start":{"line":6,"column":42},"end":{"line":6,"column":61}},"1":{"start":{"line":12,"column":4},"end":{"line":18,"column":5}},"2":{"start":{"line":13,"column":21},"end":{"line":13,"column":67}},"3":{"start":{"line":14,"column":6},"end":{"line":14,"column":46}},"4":{"start":{"line":16,"column":6},"end":{"line":16,"column":56}},"5":{"start":{"line":17,"column":6},"end":{"line":17,"column":16}},"6":{"start":{"line":25,"column":4},"end":{"line":30,"column":5}},"7":{"start":{"line":26,"column":6},"end":{"line":26,"column":80}},"8":{"start":{"line":28,"column":6},"end":{"line":28,"column":55}},"9":{"start":{"line":29,"column":6},"end":{"line":29,"column":50}},"10":{"start":{"line":39,"column":4},"end":{"line":62,"column":5}},"11":{"start":{"line":40,"column":31},"end":{"line":40,"column":57}},"12":{"start":{"line":43,"column":28},"end":{"line":45,"column":7}},"13":{"start":{"line":44,"column":17},"end":{"line":44,"column":42}},"14":{"start":{"line":46,"column":6},"end":{"line":48,"column":7}},"15":{"start":{"line":47,"column":8},"end":{"line":47,"column":32}},"16":{"start":{"line":50,"column":43},"end":{"line":54,"column":7}},"17":{"start":{"line":56,"column":31},"end":{"line":56,"column":65}},"18":{"start":{"line":57,"column":6},"end":{"line":57,"column":49}},"19":{"start":{"line":58,"column":6},"end":{"line":58,"column":30}},"20":{"start":{"line":60,"column":6},"end":{"line":60,"column":54}},"21":{"start":{"line":61,"column":6},"end":{"line":61,"column":48}},"22":{"start":{"line":69,"column":4},"end":{"line":79,"column":5}},"23":{"start":{"line":70,"column":31},"end":{"line":70,"column":57}},"24":{"start":{"line":71,"column":31},"end":{"line":73,"column":7}},"25":{"start":{"line":72,"column":17},"end":{"line":72,"column":41}},"26":{"start":{"line":74,"column":6},"end":{"line":74,"column":49}},"27":{"start":{"line":75,"column":6},"end":{"line":75,"column":30}},"28":{"start":{"line":77,"column":6},"end":{"line":77,"column":56}},"29":{"start":{"line":78,"column":6},"end":{"line":78,"column":51}},"30":{"start":{"line":89,"column":4},"end":{"line":99,"column":5}},"31":{"start":{"line":90,"column":31},"end":{"line":90,"column":57}},"32":{"start":{"line":91,"column":31},"end":{"line":93,"column":7}},"33":{"start":{"line":92,"column":8},"end":{"line":92,"column":57}},"34":{"start":{"line":94,"column":6},"end":{"line":94,"column":49}},"35":{"start":{"line":95,"column":6},"end":{"line":95,"column":30}},"36":{"start":{"line":97,"column":6},"end":{"line":97,"column":61}},"37":{"start":{"line":98,"column":6},"end":{"line":98,"column":47}},"38":{"start":{"line":106,"column":4},"end":{"line":112,"column":5}},"39":{"start":{"line":107,"column":24},"end":{"line":107,"column":50}},"40":{"start":{"line":108,"column":6},"end":{"line":108,"column":63}},"41":{"start":{"line":108,"column":37},"end":{"line":108,"column":61}},"42":{"start":{"line":110,"column":6},"end":{"line":110,"column":63}},"43":{"start":{"line":111,"column":6},"end":{"line":111,"column":19}},"44":{"start":{"line":119,"column":4},"end":{"line":126,"column":5}},"45":{"start":{"line":120,"column":24},"end":{"line":120,"column":50}},"46":{"start":{"line":121,"column":23},"end":{"line":121,"column":72}},"47":{"start":{"line":121,"column":47},"end":{"line":121,"column":71}},"48":{"start":{"line":122,"column":6},"end":{"line":122,"column":34}},"49":{"start":{"line":124,"column":6},"end":{"line":124,"column":60}},"50":{"start":{"line":125,"column":6},"end":{"line":125,"column":16}},"51":{"start":{"line":133,"column":4},"end":{"line":138,"column":5}},"52":{"start":{"line":134,"column":6},"end":{"line":134,"column":56}},"53":{"start":{"line":136,"column":6},"end":{"line":136,"column":57}},"54":{"start":{"line":137,"column":6},"end":{"line":137,"column":51}}},"fnMap":{"0":{"name":"(anonymous_0)","decl":{"start":{"line":11,"column":2},"end":{"line":11,"column":3}},"loc":{"start":{"line":11,"column":59},"end":{"line":19,"column":3}},"line":11},"1":{"name":"(anonymous_1)","decl":{"start":{"line":24,"column":2},"end":{"line":24,"column":3}},"loc":{"start":{"line":24,"column":74},"end":{"line":31,"column":3}},"line":24},"2":{"name":"(anonymous_2)","decl":{"start":{"line":36,"column":2},"end":{"line":36,"column":3}},"loc":{"start":{"line":38,"column":32},"end":{"line":63,"column":3}},"line":38},"3":{"name":"(anonymous_3)","decl":{"start":{"line":44,"column":8},"end":{"line":44,"column":9}},"loc":{"start":{"line":44,"column":17},"end":{"line":44,"column":42}},"line":44},"4":{"name":"(anonymous_4)","decl":{"start":{"line":68,"column":2},"end":{"line":68,"column":3}},"loc":{"start":{"line":68,"column":79},"end":{"line":80,"column":3}},"line":68},"5":{"name":"(anonymous_5)","decl":{"start":{"line":72,"column":8},"end":{"line":72,"column":9}},"loc":{"start":{"line":72,"column":17},"end":{"line":72,"column":41}},"line":72},"6":{"name":"(anonymous_6)","decl":{"start":{"line":85,"column":2},"end":{"line":85,"column":3}},"loc":{"start":{"line":88,"column":32},"end":{"line":100,"column":3}},"line":88},"7":{"name":"(anonymous_7)","decl":{"start":{"line":91,"column":52},"end":{"line":91,"column":53}},"loc":{"start":{"line":92,"column":8},"end":{"line":92,"column":57}},"line":92},"8":{"name":"(anonymous_8)","decl":{"start":{"line":105,"column":2},"end":{"line":105,"column":3}},"loc":{"start":{"line":105,"column":65},"end":{"line":113,"column":3}},"line":105},"9":{"name":"(anonymous_9)","decl":{"start":{"line":108,"column":28},"end":{"line":108,"column":29}},"loc":{"start":{"line":108,"column":37},"end":{"line":108,"column":61}},"line":108},"10":{"name":"(anonymous_10)","decl":{"start":{"line":118,"column":2},"end":{"line":118,"column":3}},"loc":{"start":{"line":118,"column":69},"end":{"line":127,"column":3}},"line":118},"11":{"name":"(anonymous_11)","decl":{"start":{"line":121,"column":38},"end":{"line":121,"column":39}},"loc":{"start":{"line":121,"column":47},"end":{"line":121,"column":71}},"line":121},"12":{"name":"(anonymous_12)","decl":{"start":{"line":132,"column":2},"end":{"line":132,"column":3}},"loc":{"start":{"line":132,"column":47},"end":{"line":139,"column":3}},"line":132}},"branchMap":{"0":{"loc":{"start":{"line":14,"column":13},"end":{"line":14,"column":45}},"type":"cond-expr","locations":[{"start":{"line":14,"column":22},"end":{"line":14,"column":40}},{"start":{"line":14,"column":43},"end":{"line":14,"column":45}}],"line":14},"1":{"loc":{"start":{"line":46,"column":6},"end":{"line":48,"column":7}},"type":"if","locations":[{"start":{"line":46,"column":6},"end":{"line":48,"column":7}},{"start":{},"end":{}}],"line":46},"2":{"loc":{"start":{"line":92,"column":8},"end":{"line":92,"column":57}},"type":"cond-expr","locations":[{"start":{"line":92,"column":35},"end":{"line":92,"column":51}},{"start":{"line":92,"column":54},"end":{"line":92,"column":57}}],"line":92},"3":{"loc":{"start":{"line":122,"column":13},"end":{"line":122,"column":33}},"type":"binary-expr","locations":[{"start":{"line":122,"column":13},"end":{"line":122,"column":27}},{"start":{"line":122,"column":31},"end":{"line":122,"column":33}}],"line":122}},"s":{"0":2,"1":22,"2":22,"3":22,"4":0,"5":0,"6":12,"7":12,"8":0,"9":0,"10":7,"11":7,"12":7,"13":0,"14":7,"15":0,"16":7,"17":7,"18":7,"19":7,"20":0,"21":0,"22":3,"23":3,"24":3,"25":0,"26":3,"27":3,"28":0,"29":0,"30":2,"31":2,"32":2,"33":1,"34":2,"35":2,"36":0,"37":0,"38":0,"39":0,"40":0,"41":0,"42":0,"43":0,"44":0,"45":0,"46":0,"47":0,"48":0,"49":0,"50":0,"51":0,"52":0,"53":0,"54":0},"f":{"0":22,"1":12,"2":7,"3":0,"4":3,"5":0,"6":2,"7":1,"8":0,"9":0,"10":0,"11":0,"12":0},"b":{"0":[2,20],"1":[0,7],"2":[1,0],"3":[0,0]},"_coverageSchema":"1a1c01bbd47fc00a2c39e90264f33305004495a9","hash":"a16757ece424595d66fc2fe3d2d421e39cf8ea7c"}
,"/Users/nhannguyen/Documents/rntesting/exercise_psp/CountryExplorer/src/types/Country.ts": {"path":"/Users/nhannguyen/Documents/rntesting/exercise_psp/CountryExplorer/src/types/Country.ts","statementMap":{},"fnMap":{},"branchMap":{},"s":{},"f":{},"b":{}}
,"/Users/nhannguyen/Documents/rntesting/exercise_psp/CountryExplorer/src/utils/countryFormatters.ts": {"path":"/Users/nhannguyen/Documents/rntesting/exercise_psp/CountryExplorer/src/utils/countryFormatters.ts","statementMap":{"0":{"start":{"line":3,"column":32},"end":{"line":10,"column":1}},"1":{"start":{"line":4,"column":2},"end":{"line":8,"column":3}},"2":{"start":{"line":5,"column":4},"end":{"line":5,"column":58}},"3":{"start":{"line":6,"column":9},"end":{"line":8,"column":3}},"4":{"start":{"line":7,"column":4},"end":{"line":7,"column":56}},"5":{"start":{"line":9,"column":2},"end":{"line":9,"column":37}},"6":{"start":{"line":12,"column":26},"end":{"line":17,"column":1}},"7":{"start":{"line":13,"column":2},"end":{"line":15,"column":3}},"8":{"start":{"line":14,"column":4},"end":{"line":14,"column":17}},"9":{"start":{"line":16,"column":2},"end":{"line":16,"column":36}},"10":{"start":{"line":19,"column":28},"end":{"line":24,"column":1}},"11":{"start":{"line":20,"column":2},"end":{"line":22,"column":3}},"12":{"start":{"line":21,"column":4},"end":{"line":21,"column":17}},"13":{"start":{"line":23,"column":2},"end":{"line":23,"column":53}},"14":{"start":{"line":26,"column":29},"end":{"line":33,"column":1}},"15":{"start":{"line":27,"column":2},"end":{"line":29,"column":3}},"16":{"start":{"line":28,"column":4},"end":{"line":28,"column":17}},"17":{"start":{"line":30,"column":2},"end":{"line":32,"column":16}},"18":{"start":{"line":31,"column":23},"end":{"line":31,"column":62}}},"fnMap":{"0":{"name":"(anonymous_0)","decl":{"start":{"line":3,"column":32},"end":{"line":3,"column":33}},"loc":{"start":{"line":3,"column":64},"end":{"line":10,"column":1}},"line":3},"1":{"name":"(anonymous_1)","decl":{"start":{"line":12,"column":26},"end":{"line":12,"column":27}},"loc":{"start":{"line":12,"column":56},"end":{"line":17,"column":1}},"line":12},"2":{"name":"(anonymous_2)","decl":{"start":{"line":19,"column":28},"end":{"line":19,"column":29}},"loc":{"start":{"line":19,"column":58},"end":{"line":24,"column":1}},"line":19},"3":{"name":"(anonymous_3)","decl":{"start":{"line":26,"column":29},"end":{"line":26,"column":30}},"loc":{"start":{"line":26,"column":59},"end":{"line":33,"column":1}},"line":26},"4":{"name":"(anonymous_4)","decl":{"start":{"line":31,"column":9},"end":{"line":31,"column":10}},"loc":{"start":{"line":31,"column":23},"end":{"line":31,"column":62}},"line":31}},"branchMap":{"0":{"loc":{"start":{"line":4,"column":2},"end":{"line":8,"column":3}},"type":"if","locations":[{"start":{"line":4,"column":2},"end":{"line":8,"column":3}},{"start":{"line":6,"column":9},"end":{"line":8,"column":3}}],"line":4},"1":{"loc":{"start":{"line":6,"column":9},"end":{"line":8,"column":3}},"type":"if","locations":[{"start":{"line":6,"column":9},"end":{"line":8,"column":3}},{"start":{},"end":{}}],"line":6},"2":{"loc":{"start":{"line":13,"column":2},"end":{"line":15,"column":3}},"type":"if","locations":[{"start":{"line":13,"column":2},"end":{"line":15,"column":3}},{"start":{},"end":{}}],"line":13},"3":{"loc":{"start":{"line":13,"column":6},"end":{"line":13,"column":54}},"type":"binary-expr","locations":[{"start":{"line":13,"column":6},"end":{"line":13,"column":22}},{"start":{"line":13,"column":26},"end":{"line":13,"column":54}}],"line":13},"4":{"loc":{"start":{"line":20,"column":2},"end":{"line":22,"column":3}},"type":"if","locations":[{"start":{"line":20,"column":2},"end":{"line":22,"column":3}},{"start":{},"end":{}}],"line":20},"5":{"loc":{"start":{"line":27,"column":2},"end":{"line":29,"column":3}},"type":"if","locations":[{"start":{"line":27,"column":2},"end":{"line":29,"column":3}},{"start":{},"end":{}}],"line":27}},"s":{"0":0,"1":0,"2":0,"3":0,"4":0,"5":0,"6":0,"7":0,"8":0,"9":0,"10":0,"11":0,"12":0,"13":0,"14":0,"15":0,"16":0,"17":0,"18":0},"f":{"0":0,"1":0,"2":0,"3":0,"4":0},"b":{"0":[0,0],"1":[0,0],"2":[0,0],"3":[0,0],"4":[0,0],"5":[0,0]}}
,"/Users/nhannguyen/Documents/rntesting/exercise_psp/CountryExplorer/src/utils/countryTransform.ts": {"path":"/Users/nhannguyen/Documents/rntesting/exercise_psp/CountryExplorer/src/utils/countryTransform.ts","statementMap":{"0":{"start":{"line":5,"column":2},"end":{"line":20,"column":4}},"1":{"start":{"line":25,"column":16},"end":{"line":25,"column":51}},"2":{"start":{"line":26,"column":21},"end":{"line":28,"column":3}},"3":{"start":{"line":27,"column":16},"end":{"line":27,"column":67}},"4":{"start":{"line":30,"column":2},"end":{"line":32,"column":3}},"5":{"start":{"line":31,"column":4},"end":{"line":31,"column":53}},"6":{"start":{"line":34,"column":23},"end":{"line":36,"column":3}},"7":{"start":{"line":35,"column":16},"end":{"line":35,"column":70}},"8":{"start":{"line":37,"column":23},"end":{"line":37,"column":68}},"9":{"start":{"line":37,"column":52},"end":{"line":37,"column":67}},"10":{"start":{"line":38,"column":2},"end":{"line":38,"column":47}}},"fnMap":{"0":{"name":"transformRawToCountry","decl":{"start":{"line":4,"column":16},"end":{"line":4,"column":37}},"loc":{"start":{"line":4,"column":57},"end":{"line":21,"column":1}},"line":4},"1":{"name":"splitValidItems","decl":{"start":{"line":24,"column":16},"end":{"line":24,"column":31}},"loc":{"start":{"line":24,"column":43},"end":{"line":39,"column":1}},"line":24},"2":{"name":"(anonymous_2)","decl":{"start":{"line":27,"column":4},"end":{"line":27,"column":5}},"loc":{"start":{"line":27,"column":16},"end":{"line":27,"column":67}},"line":27},"3":{"name":"(anonymous_3)","decl":{"start":{"line":35,"column":4},"end":{"line":35,"column":5}},"loc":{"start":{"line":35,"column":16},"end":{"line":35,"column":70}},"line":35},"4":{"name":"(anonymous_4)","decl":{"start":{"line":37,"column":40},"end":{"line":37,"column":41}},"loc":{"start":{"line":37,"column":52},"end":{"line":37,"column":67}},"line":37}},"branchMap":{"0":{"loc":{"start":{"line":6,"column":10},"end":{"line":6,"column":25}},"type":"binary-expr","locations":[{"start":{"line":6,"column":10},"end":{"line":6,"column":19}},{"start":{"line":6,"column":23},"end":{"line":6,"column":25}}],"line":6},"1":{"loc":{"start":{"line":8,"column":14},"end":{"line":8,"column":37}},"type":"binary-expr","locations":[{"start":{"line":8,"column":14},"end":{"line":8,"column":31}},{"start":{"line":8,"column":35},"end":{"line":8,"column":37}}],"line":8},"2":{"loc":{"start":{"line":9,"column":16},"end":{"line":9,"column":41}},"type":"binary-expr","locations":[{"start":{"line":9,"column":16},"end":{"line":9,"column":35}},{"start":{"line":9,"column":39},"end":{"line":9,"column":41}}],"line":9},"3":{"loc":{"start":{"line":11,"column":13},"end":{"line":11,"column":31}},"type":"binary-expr","locations":[{"start":{"line":11,"column":13},"end":{"line":11,"column":25}},{"start":{"line":11,"column":29},"end":{"line":11,"column":31}}],"line":11},"4":{"loc":{"start":{"line":12,"column":12},"end":{"line":12,"column":29}},"type":"binary-expr","locations":[{"start":{"line":12,"column":12},"end":{"line":12,"column":23}},{"start":{"line":12,"column":27},"end":{"line":12,"column":29}}],"line":12},"5":{"loc":{"start":{"line":13,"column":16},"end":{"line":13,"column":72}},"type":"cond-expr","locations":[{"start":{"line":13,"column":54},"end":{"line":13,"column":68}},{"start":{"line":13,"column":71},"end":{"line":13,"column":72}}],"line":13},"6":{"loc":{"start":{"line":15,"column":11},"end":{"line":15,"column":32}},"type":"binary-expr","locations":[{"start":{"line":15,"column":11},"end":{"line":15,"column":26}},{"start":{"line":15,"column":30},"end":{"line":15,"column":32}}],"line":15},"7":{"loc":{"start":{"line":16,"column":11},"end":{"line":16,"column":32}},"type":"binary-expr","locations":[{"start":{"line":16,"column":11},"end":{"line":16,"column":26}},{"start":{"line":16,"column":30},"end":{"line":16,"column":32}}],"line":16},"8":{"loc":{"start":{"line":18,"column":15},"end":{"line":18,"column":35}},"type":"binary-expr","locations":[{"start":{"line":18,"column":15},"end":{"line":18,"column":29}},{"start":{"line":18,"column":33},"end":{"line":18,"column":35}}],"line":18},"9":{"loc":{"start":{"line":19,"column":16},"end":{"line":19,"column":37}},"type":"binary-expr","locations":[{"start":{"line":19,"column":16},"end":{"line":19,"column":31}},{"start":{"line":19,"column":35},"end":{"line":19,"column":37}}],"line":19},"10":{"loc":{"start":{"line":25,"column":16},"end":{"line":25,"column":51}},"type":"cond-expr","locations":[{"start":{"line":25,"column":38},"end":{"line":25,"column":42}},{"start":{"line":25,"column":45},"end":{"line":25,"column":51}}],"line":25},"11":{"loc":{"start":{"line":27,"column":16},"end":{"line":27,"column":67}},"type":"binary-expr","locations":[{"start":{"line":27,"column":16},"end":{"line":27,"column":43}},{"start":{"line":27,"column":47},"end":{"line":27,"column":67}}],"line":27},"12":{"loc":{"start":{"line":30,"column":2},"end":{"line":32,"column":3}},"type":"if","locations":[{"start":{"line":30,"column":2},"end":{"line":32,"column":3}},{"start":{},"end":{}}],"line":30},"13":{"loc":{"start":{"line":35,"column":18},"end":{"line":35,"column":69}},"type":"binary-expr","locations":[{"start":{"line":35,"column":18},"end":{"line":35,"column":45}},{"start":{"line":35,"column":49},"end":{"line":35,"column":69}}],"line":35},"14":{"loc":{"start":{"line":37,"column":52},"end":{"line":37,"column":67}},"type":"binary-expr","locations":[{"start":{"line":37,"column":52},"end":{"line":37,"column":59}},{"start":{"line":37,"column":63},"end":{"line":37,"column":67}}],"line":37}},"s":{"0":0,"1":0,"2":0,"3":0,"4":0,"5":0,"6":0,"7":0,"8":0,"9":0,"10":0},"f":{"0":0,"1":0,"2":0,"3":0,"4":0},"b":{"0":[0,0],"1":[0,0],"2":[0,0],"3":[0,0],"4":[0,0],"5":[0,0],"6":[0,0],"7":[0,0],"8":[0,0],"9":[0,0],"10":[0,0],"11":[0,0],"12":[0,0],"13":[0,0],"14":[0,0]},"_coverageSchema":"1a1c01bbd47fc00a2c39e90264f33305004495a9","hash":"cf79525b9f56e3af065a56d0de3a2b4fffbaceaa"}
,"/Users/nhannguyen/Documents/rntesting/exercise_psp/CountryExplorer/src/utils/theme.ts": {"path":"/Users/nhannguyen/Documents/rntesting/exercise_psp/CountryExplorer/src/utils/theme.ts","statementMap":{"0":{"start":{"line":4,"column":32},"end":{"line":11,"column":1}},"1":{"start":{"line":13,"column":31},"end":{"line":20,"column":1}}},"fnMap":{},"branchMap":{},"s":{"0":0,"1":0},"f":{},"b":{}}
}
