{"/Users/nhannguyen/Documents/rntesting/exercise_psp/CountryExplorer/src/components/CountryDetailModal.tsx": {"path":"/Users/nhannguyen/Documents/rntesting/exercise_psp/CountryExplorer/src/components/CountryDetailModal.tsx","statementMap":{"0":{"start":{"line":24,"column":31},"end":{"line":24,"column":55}},"1":{"start":{"line":33,"column":2},"end":{"line":35,"column":3}},"2":{"start":{"line":34,"column":4},"end":{"line":34,"column":16}},"3":{"start":{"line":37,"column":27},"end":{"line":44,"column":3}},"4":{"start":{"line":38,"column":4},"end":{"line":42,"column":5}},"5":{"start":{"line":39,"column":6},"end":{"line":39,"column":60}},"6":{"start":{"line":40,"column":11},"end":{"line":42,"column":5}},"7":{"start":{"line":41,"column":6},"end":{"line":41,"column":58}},"8":{"start":{"line":43,"column":4},"end":{"line":43,"column":39}},"9":{"start":{"line":46,"column":21},"end":{"line":51,"column":3}},"10":{"start":{"line":47,"column":4},"end":{"line":49,"column":5}},"11":{"start":{"line":48,"column":6},"end":{"line":48,"column":19}},"12":{"start":{"line":50,"column":4},"end":{"line":50,"column":38}},"13":{"start":{"line":53,"column":23},"end":{"line":58,"column":3}},"14":{"start":{"line":54,"column":4},"end":{"line":56,"column":5}},"15":{"start":{"line":55,"column":6},"end":{"line":55,"column":19}},"16":{"start":{"line":57,"column":4},"end":{"line":57,"column":55}},"17":{"start":{"line":60,"column":24},"end":{"line":67,"column":3}},"18":{"start":{"line":61,"column":4},"end":{"line":63,"column":5}},"19":{"start":{"line":62,"column":6},"end":{"line":62,"column":19}},"20":{"start":{"line":64,"column":4},"end":{"line":66,"column":18}},"21":{"start":{"line":65,"column":25},"end":{"line":65,"column":64}},"22":{"start":{"line":69,"column":2},"end":{"line":142,"column":4}},"23":{"start":{"line":153,"column":2},"end":{"line":164,"column":4}},"24":{"start":{"line":167,"column":15},"end":{"line":261,"column":2}}},"fnMap":{"0":{"name":"CountryDetailModal","decl":{"start":{"line":26,"column":24},"end":{"line":26,"column":42}},"loc":{"start":{"line":32,"column":28},"end":{"line":143,"column":1}},"line":32},"1":{"name":"(anonymous_1)","decl":{"start":{"line":37,"column":27},"end":{"line":37,"column":28}},"loc":{"start":{"line":37,"column":51},"end":{"line":44,"column":3}},"line":37},"2":{"name":"(anonymous_2)","decl":{"start":{"line":46,"column":21},"end":{"line":46,"column":22}},"loc":{"start":{"line":46,"column":27},"end":{"line":51,"column":3}},"line":46},"3":{"name":"(anonymous_3)","decl":{"start":{"line":53,"column":23},"end":{"line":53,"column":24}},"loc":{"start":{"line":53,"column":29},"end":{"line":58,"column":3}},"line":53},"4":{"name":"(anonymous_4)","decl":{"start":{"line":60,"column":24},"end":{"line":60,"column":25}},"loc":{"start":{"line":60,"column":30},"end":{"line":67,"column":3}},"line":60},"5":{"name":"(anonymous_5)","decl":{"start":{"line":65,"column":11},"end":{"line":65,"column":12}},"loc":{"start":{"line":65,"column":25},"end":{"line":65,"column":64}},"line":65},"6":{"name":"InfoCard","decl":{"start":{"line":152,"column":9},"end":{"line":152,"column":17}},"loc":{"start":{"line":152,"column":67},"end":{"line":165,"column":1}},"line":152}},"branchMap":{"0":{"loc":{"start":{"line":31,"column":2},"end":{"line":31,"column":20}},"type":"default-arg","locations":[{"start":{"line":31,"column":15},"end":{"line":31,"column":20}}],"line":31},"1":{"loc":{"start":{"line":33,"column":2},"end":{"line":35,"column":3}},"type":"if","locations":[{"start":{"line":33,"column":2},"end":{"line":35,"column":3}},{"start":{},"end":{}}],"line":33},"2":{"loc":{"start":{"line":38,"column":4},"end":{"line":42,"column":5}},"type":"if","locations":[{"start":{"line":38,"column":4},"end":{"line":42,"column":5}},{"start":{"line":40,"column":11},"end":{"line":42,"column":5}}],"line":38},"3":{"loc":{"start":{"line":40,"column":11},"end":{"line":42,"column":5}},"type":"if","locations":[{"start":{"line":40,"column":11},"end":{"line":42,"column":5}},{"start":{},"end":{}}],"line":40},"4":{"loc":{"start":{"line":47,"column":4},"end":{"line":49,"column":5}},"type":"if","locations":[{"start":{"line":47,"column":4},"end":{"line":49,"column":5}},{"start":{},"end":{}}],"line":47},"5":{"loc":{"start":{"line":47,"column":8},"end":{"line":47,"column":56}},"type":"binary-expr","locations":[{"start":{"line":47,"column":8},"end":{"line":47,"column":24}},{"start":{"line":47,"column":28},"end":{"line":47,"column":56}}],"line":47},"6":{"loc":{"start":{"line":54,"column":4},"end":{"line":56,"column":5}},"type":"if","locations":[{"start":{"line":54,"column":4},"end":{"line":56,"column":5}},{"start":{},"end":{}}],"line":54},"7":{"loc":{"start":{"line":61,"column":4},"end":{"line":63,"column":5}},"type":"if","locations":[{"start":{"line":61,"column":4},"end":{"line":63,"column":5}},{"start":{},"end":{}}],"line":61},"8":{"loc":{"start":{"line":85,"column":11},"end":{"line":96,"column":11}},"type":"binary-expr","locations":[{"start":{"line":85,"column":11},"end":{"line":85,"column":26}},{"start":{"line":86,"column":12},"end":{"line":95,"column":31}}],"line":85},"9":{"loc":{"start":{"line":91,"column":22},"end":{"line":91,"column":58}},"type":"cond-expr","locations":[{"start":{"line":91,"column":35},"end":{"line":91,"column":41}},{"start":{"line":91,"column":44},"end":{"line":91,"column":58}}],"line":91},"10":{"loc":{"start":{"line":93,"column":23},"end":{"line":93,"column":57}},"type":"cond-expr","locations":[{"start":{"line":93,"column":36},"end":{"line":93,"column":45}},{"start":{"line":93,"column":48},"end":{"line":93,"column":57}}],"line":93},"11":{"loc":{"start":{"line":162,"column":7},"end":{"line":162,"column":74}},"type":"binary-expr","locations":[{"start":{"line":162,"column":7},"end":{"line":162,"column":15}},{"start":{"line":162,"column":19},"end":{"line":162,"column":74}}],"line":162}},"s":{"0":0,"1":0,"2":0,"3":0,"4":0,"5":0,"6":0,"7":0,"8":0,"9":0,"10":0,"11":0,"12":0,"13":0,"14":0,"15":0,"16":0,"17":0,"18":0,"19":0,"20":0,"21":0,"22":0,"23":0,"24":0},"f":{"0":0,"1":0,"2":0,"3":0,"4":0,"5":0,"6":0},"b":{"0":[0],"1":[0,0],"2":[0,0],"3":[0,0],"4":[0,0],"5":[0,0],"6":[0,0],"7":[0,0],"8":[0,0],"9":[0,0],"10":[0,0],"11":[0,0]}}
,"/Users/nhannguyen/Documents/rntesting/exercise_psp/CountryExplorer/src/components/CountryListItem.tsx": {"path":"/Users/nhannguyen/Documents/rntesting/exercise_psp/CountryExplorer/src/components/CountryListItem.tsx","statementMap":{"0":{"start":{"line":32,"column":44},"end":{"line":32,"column":59}},"1":{"start":{"line":34,"column":27},"end":{"line":36,"column":8}},"2":{"start":{"line":35,"column":4},"end":{"line":35,"column":28}},"3":{"start":{"line":38,"column":26},"end":{"line":42,"column":18}},"4":{"start":{"line":39,"column":4},"end":{"line":41,"column":5}},"5":{"start":{"line":40,"column":6},"end":{"line":40,"column":29}},"6":{"start":{"line":44,"column":27},"end":{"line":49,"column":3}},"7":{"start":{"line":46,"column":6},"end":{"line":46,"column":27}},"8":{"start":{"line":51,"column":30},"end":{"line":53,"column":23}},"9":{"start":{"line":52,"column":4},"end":{"line":52,"column":24}},"10":{"start":{"line":55,"column":2},"end":{"line":57,"column":3}},"11":{"start":{"line":56,"column":4},"end":{"line":56,"column":16}},"12":{"start":{"line":59,"column":2},"end":{"line":127,"column":4}},"13":{"start":{"line":132,"column":15},"end":{"line":199,"column":2}}},"fnMap":{"0":{"name":"CountryListItem","decl":{"start":{"line":23,"column":9},"end":{"line":23,"column":24}},"loc":{"start":{"line":31,"column":25},"end":{"line":128,"column":1}},"line":31},"1":{"name":"(anonymous_1)","decl":{"start":{"line":34,"column":39},"end":{"line":34,"column":40}},"loc":{"start":{"line":34,"column":45},"end":{"line":36,"column":3}},"line":34},"2":{"name":"(anonymous_2)","decl":{"start":{"line":38,"column":38},"end":{"line":38,"column":39}},"loc":{"start":{"line":38,"column":44},"end":{"line":42,"column":3}},"line":38},"3":{"name":"(anonymous_3)","decl":{"start":{"line":45,"column":4},"end":{"line":45,"column":5}},"loc":{"start":{"line":45,"column":22},"end":{"line":47,"column":5}},"line":45},"4":{"name":"(anonymous_4)","decl":{"start":{"line":51,"column":42},"end":{"line":51,"column":43}},"loc":{"start":{"line":51,"column":48},"end":{"line":53,"column":3}},"line":51}},"branchMap":{"0":{"loc":{"start":{"line":27,"column":2},"end":{"line":27,"column":20}},"type":"default-arg","locations":[{"start":{"line":27,"column":15},"end":{"line":27,"column":20}}],"line":27},"1":{"loc":{"start":{"line":28,"column":2},"end":{"line":28,"column":27}},"type":"default-arg","locations":[{"start":{"line":28,"column":23},"end":{"line":28,"column":27}}],"line":28},"2":{"loc":{"start":{"line":29,"column":2},"end":{"line":29,"column":11}},"type":"default-arg","locations":[{"start":{"line":29,"column":9},"end":{"line":29,"column":11}}],"line":29},"3":{"loc":{"start":{"line":39,"column":4},"end":{"line":41,"column":5}},"type":"if","locations":[{"start":{"line":39,"column":4},"end":{"line":41,"column":5}},{"start":{},"end":{}}],"line":39},"4":{"loc":{"start":{"line":55,"column":2},"end":{"line":57,"column":3}},"type":"if","locations":[{"start":{"line":55,"column":2},"end":{"line":57,"column":3}},{"start":{},"end":{}}],"line":55},"5":{"loc":{"start":{"line":79,"column":9},"end":{"line":93,"column":9}},"type":"binary-expr","locations":[{"start":{"line":79,"column":9},"end":{"line":79,"column":27}},{"start":{"line":79,"column":31},"end":{"line":79,"column":46}},{"start":{"line":80,"column":10},"end":{"line":92,"column":29}}],"line":79},"6":{"loc":{"start":{"line":87,"column":20},"end":{"line":87,"column":56}},"type":"cond-expr","locations":[{"start":{"line":87,"column":33},"end":{"line":87,"column":39}},{"start":{"line":87,"column":42},"end":{"line":87,"column":56}}],"line":87},"7":{"loc":{"start":{"line":89,"column":21},"end":{"line":89,"column":55}},"type":"cond-expr","locations":[{"start":{"line":89,"column":34},"end":{"line":89,"column":43}},{"start":{"line":89,"column":46},"end":{"line":89,"column":55}}],"line":89},"8":{"loc":{"start":{"line":97,"column":7},"end":{"line":125,"column":7}},"type":"binary-expr","locations":[{"start":{"line":97,"column":7},"end":{"line":97,"column":17}},{"start":{"line":98,"column":8},"end":{"line":124,"column":15}}],"line":97},"9":{"loc":{"start":{"line":99,"column":11},"end":{"line":123,"column":11}},"type":"cond-expr","locations":[{"start":{"line":100,"column":12},"end":{"line":111,"column":14}},{"start":{"line":113,"column":12},"end":{"line":122,"column":31}}],"line":99},"10":{"loc":{"start":{"line":120,"column":17},"end":{"line":120,"column":47}},"type":"binary-expr","locations":[{"start":{"line":120,"column":17},"end":{"line":120,"column":21}},{"start":{"line":120,"column":25},"end":{"line":120,"column":47}}],"line":120}},"s":{"0":8,"1":8,"2":0,"3":8,"4":1,"5":1,"6":8,"7":1,"8":8,"9":1,"10":8,"11":0,"12":8,"13":1},"f":{"0":8,"1":0,"2":1,"3":1,"4":1},"b":{"0":[0],"1":[7],"2":[6],"3":[1,0],"4":[0,8],"5":[8,7,7],"6":[3,4],"7":[3,4],"8":[8,3],"9":[1,2],"10":[2,1]},"_coverageSchema":"1a1c01bbd47fc00a2c39e90264f33305004495a9","hash":"fb9291f9ff939315499b29ec990197a4d79bfc37"}
,"/Users/nhannguyen/Documents/rntesting/exercise_psp/CountryExplorer/src/components/EmptyState.tsx": {"path":"/Users/nhannguyen/Documents/rntesting/exercise_psp/CountryExplorer/src/components/EmptyState.tsx","statementMap":{"0":{"start":{"line":16,"column":2},"end":{"line":22,"column":4}},"1":{"start":{"line":25,"column":15},"end":{"line":47,"column":2}}},"fnMap":{"0":{"name":"EmptyState","decl":{"start":{"line":11,"column":24},"end":{"line":11,"column":34}},"loc":{"start":{"line":15,"column":20},"end":{"line":23,"column":1}},"line":15}},"branchMap":{},"s":{"0":0,"1":0},"f":{"0":0},"b":{}}
,"/Users/nhannguyen/Documents/rntesting/exercise_psp/CountryExplorer/src/components/ErrorState.tsx": {"path":"/Users/nhannguyen/Documents/rntesting/exercise_psp/CountryExplorer/src/components/ErrorState.tsx","statementMap":{"0":{"start":{"line":11,"column":2},"end":{"line":22,"column":4}},"1":{"start":{"line":25,"column":15},"end":{"line":59,"column":2}}},"fnMap":{"0":{"name":"ErrorState","decl":{"start":{"line":10,"column":24},"end":{"line":10,"column":34}},"loc":{"start":{"line":10,"column":74},"end":{"line":23,"column":1}},"line":10}},"branchMap":{"0":{"loc":{"start":{"line":16,"column":7},"end":{"line":20,"column":7}},"type":"binary-expr","locations":[{"start":{"line":16,"column":7},"end":{"line":16,"column":14}},{"start":{"line":17,"column":8},"end":{"line":19,"column":27}}],"line":16}},"s":{"0":0,"1":0},"f":{"0":0},"b":{"0":[0,0]}}
,"/Users/nhannguyen/Documents/rntesting/exercise_psp/CountryExplorer/src/components/LoadingState.tsx": {"path":"/Users/nhannguyen/Documents/rntesting/exercise_psp/CountryExplorer/src/components/LoadingState.tsx","statementMap":{"0":{"start":{"line":11,"column":2},"end":{"line":16,"column":4}},"1":{"start":{"line":19,"column":15},"end":{"line":32,"column":2}}},"fnMap":{"0":{"name":"LoadingState","decl":{"start":{"line":8,"column":24},"end":{"line":8,"column":36}},"loc":{"start":{"line":10,"column":22},"end":{"line":17,"column":1}},"line":10}},"branchMap":{"0":{"loc":{"start":{"line":9,"column":2},"end":{"line":9,"column":24}},"type":"default-arg","locations":[{"start":{"line":9,"column":12},"end":{"line":9,"column":24}}],"line":9}},"s":{"0":0,"1":0},"f":{"0":0},"b":{"0":[0]}}
,"/Users/nhannguyen/Documents/rntesting/exercise_psp/CountryExplorer/src/components/SearchBar.tsx": {"path":"/Users/nhannguyen/Documents/rntesting/exercise_psp/CountryExplorer/src/components/SearchBar.tsx","statementMap":{"0":{"start":{"line":20,"column":26},"end":{"line":27,"column":1}},"1":{"start":{"line":35,"column":28},"end":{"line":40,"column":3}},"2":{"start":{"line":37,"column":6},"end":{"line":37,"column":29}},"3":{"start":{"line":41,"column":2},"end":{"line":89,"column":4}},"4":{"start":{"line":69,"column":10},"end":{"line":85,"column":29}},"5":{"start":{"line":75,"column":27},"end":{"line":75,"column":52}},"6":{"start":{"line":92,"column":15},"end":{"line":143,"column":2}}},"fnMap":{"0":{"name":"SearchBar","decl":{"start":{"line":29,"column":24},"end":{"line":29,"column":33}},"loc":{"start":{"line":34,"column":19},"end":{"line":90,"column":1}},"line":34},"1":{"name":"(anonymous_1)","decl":{"start":{"line":36,"column":4},"end":{"line":36,"column":5}},"loc":{"start":{"line":36,"column":24},"end":{"line":38,"column":5}},"line":36},"2":{"name":"(anonymous_2)","decl":{"start":{"line":68,"column":21},"end":{"line":68,"column":22}},"loc":{"start":{"line":69,"column":10},"end":{"line":85,"column":29}},"line":69},"3":{"name":"(anonymous_3)","decl":{"start":{"line":75,"column":21},"end":{"line":75,"column":22}},"loc":{"start":{"line":75,"column":27},"end":{"line":75,"column":52}},"line":75}},"branchMap":{"0":{"loc":{"start":{"line":73,"column":14},"end":{"line":73,"column":68}},"type":"binary-expr","locations":[{"start":{"line":73,"column":14},"end":{"line":73,"column":39}},{"start":{"line":73,"column":43},"end":{"line":73,"column":68}}],"line":73},"1":{"loc":{"start":{"line":80,"column":16},"end":{"line":80,"column":68}},"type":"binary-expr","locations":[{"start":{"line":80,"column":16},"end":{"line":80,"column":41}},{"start":{"line":80,"column":45},"end":{"line":80,"column":68}}],"line":80}},"s":{"0":1,"1":7,"2":1,"3":7,"4":42,"5":1,"6":1},"f":{"0":7,"1":1,"2":42,"3":1},"b":{"0":[42,7],"1":[42,7]},"_coverageSchema":"1a1c01bbd47fc00a2c39e90264f33305004495a9","hash":"84165dc3fbb4a4b982386738c02b1c45224ea2c9"}
,"/Users/nhannguyen/Documents/rntesting/exercise_psp/CountryExplorer/src/contexts/FavoritesContext.tsx": {"path":"/Users/nhannguyen/Documents/rntesting/exercise_psp/CountryExplorer/src/contexts/FavoritesContext.tsx","statementMap":{"0":{"start":{"line":39,"column":37},"end":{"line":43,"column":1}},"1":{"start":{"line":50,"column":2},"end":{"line":92,"column":3}},"2":{"start":{"line":52,"column":6},"end":{"line":52,"column":51}},"3":{"start":{"line":55,"column":6},"end":{"line":60,"column":8}},"4":{"start":{"line":63,"column":6},"end":{"line":63,"column":65}},"5":{"start":{"line":66,"column":6},"end":{"line":70,"column":8}},"6":{"start":{"line":73,"column":6},"end":{"line":77,"column":8}},"7":{"start":{"line":75,"column":49},"end":{"line":75,"column":74}},"8":{"start":{"line":80,"column":6},"end":{"line":88,"column":8}},"9":{"start":{"line":83,"column":10},"end":{"line":85,"column":15}},"10":{"start":{"line":91,"column":6},"end":{"line":91,"column":19}},"11":{"start":{"line":96,"column":25},"end":{"line":96,"column":73}},"12":{"start":{"line":104,"column":28},"end":{"line":104,"column":70}},"13":{"start":{"line":107,"column":24},"end":{"line":118,"column":8}},"14":{"start":{"line":108,"column":4},"end":{"line":117,"column":5}},"15":{"start":{"line":109,"column":6},"end":{"line":109,"column":55}},"16":{"start":{"line":110,"column":24},"end":{"line":110,"column":60}},"17":{"start":{"line":111,"column":6},"end":{"line":111,"column":62}},"18":{"start":{"line":114,"column":8},"end":{"line":114,"column":75}},"19":{"start":{"line":115,"column":6},"end":{"line":115,"column":56}},"20":{"start":{"line":116,"column":6},"end":{"line":116,"column":55}},"21":{"start":{"line":121,"column":2},"end":{"line":123,"column":22}},"22":{"start":{"line":122,"column":4},"end":{"line":122,"column":20}},"23":{"start":{"line":126,"column":22},"end":{"line":139,"column":8}},"24":{"start":{"line":127,"column":4},"end":{"line":138,"column":5}},"25":{"start":{"line":128,"column":31},"end":{"line":128,"column":72}},"26":{"start":{"line":129,"column":26},"end":{"line":129,"column":79}},"27":{"start":{"line":129,"column":55},"end":{"line":129,"column":78}},"28":{"start":{"line":130,"column":6},"end":{"line":132,"column":7}},"29":{"start":{"line":131,"column":8},"end":{"line":131,"column":65}},"30":{"start":{"line":135,"column":8},"end":{"line":135,"column":73}},"31":{"start":{"line":136,"column":6},"end":{"line":136,"column":56}},"32":{"start":{"line":137,"column":6},"end":{"line":137,"column":36}},"33":{"start":{"line":142,"column":25},"end":{"line":152,"column":8}},"34":{"start":{"line":143,"column":4},"end":{"line":151,"column":5}},"35":{"start":{"line":144,"column":6},"end":{"line":144,"column":55}},"36":{"start":{"line":145,"column":6},"end":{"line":145,"column":66}},"37":{"start":{"line":148,"column":8},"end":{"line":148,"column":76}},"38":{"start":{"line":149,"column":6},"end":{"line":149,"column":56}},"39":{"start":{"line":150,"column":6},"end":{"line":150,"column":36}},"40":{"start":{"line":155,"column":25},"end":{"line":168,"column":3}},"41":{"start":{"line":157,"column":34},"end":{"line":159,"column":7}},"42":{"start":{"line":158,"column":15},"end":{"line":158,"column":38}},"43":{"start":{"line":161,"column":6},"end":{"line":165,"column":7}},"44":{"start":{"line":162,"column":8},"end":{"line":162,"column":43}},"45":{"start":{"line":164,"column":8},"end":{"line":164,"column":35}},"46":{"start":{"line":171,"column":21},"end":{"line":181,"column":8}},"47":{"start":{"line":172,"column":4},"end":{"line":180,"column":5}},"48":{"start":{"line":173,"column":6},"end":{"line":173,"column":65}},"49":{"start":{"line":174,"column":6},"end":{"line":174,"column":72}},"50":{"start":{"line":177,"column":8},"end":{"line":177,"column":72}},"51":{"start":{"line":178,"column":6},"end":{"line":178,"column":56}},"52":{"start":{"line":179,"column":6},"end":{"line":179,"column":36}},"53":{"start":{"line":184,"column":21},"end":{"line":190,"column":3}},"54":{"start":{"line":186,"column":6},"end":{"line":186,"column":39}},"55":{"start":{"line":186,"column":26},"end":{"line":186,"column":39}},"56":{"start":{"line":187,"column":6},"end":{"line":187,"column":66}},"57":{"start":{"line":187,"column":41},"end":{"line":187,"column":64}},"58":{"start":{"line":193,"column":26},"end":{"line":200,"column":3}},"59":{"start":{"line":195,"column":6},"end":{"line":195,"column":36}},"60":{"start":{"line":195,"column":26},"end":{"line":195,"column":36}},"61":{"start":{"line":196,"column":23},"end":{"line":196,"column":75}},"62":{"start":{"line":196,"column":51},"end":{"line":196,"column":74}},"63":{"start":{"line":197,"column":6},"end":{"line":197,"column":34}},"64":{"start":{"line":203,"column":27},"end":{"line":205,"column":21}},"65":{"start":{"line":204,"column":4},"end":{"line":204,"column":26}},"66":{"start":{"line":207,"column":45},"end":{"line":216,"column":3}},"67":{"start":{"line":218,"column":2},"end":{"line":222,"column":4}},"68":{"start":{"line":227,"column":18},"end":{"line":227,"column":46}},"69":{"start":{"line":228,"column":2},"end":{"line":232,"column":3}},"70":{"start":{"line":229,"column":4},"end":{"line":231,"column":6}},"71":{"start":{"line":233,"column":2},"end":{"line":233,"column":17}}},"fnMap":{"0":{"name":"favoritesReducer","decl":{"start":{"line":46,"column":9},"end":{"line":46,"column":25}},"loc":{"start":{"line":49,"column":18},"end":{"line":93,"column":1}},"line":49},"1":{"name":"(anonymous_1)","decl":{"start":{"line":75,"column":42},"end":{"line":75,"column":43}},"loc":{"start":{"line":75,"column":49},"end":{"line":75,"column":74}},"line":75},"2":{"name":"(anonymous_2)","decl":{"start":{"line":82,"column":39},"end":{"line":82,"column":40}},"loc":{"start":{"line":83,"column":10},"end":{"line":85,"column":15}},"line":83},"3":{"name":"FavoritesProvider","decl":{"start":{"line":103,"column":16},"end":{"line":103,"column":33}},"loc":{"start":{"line":103,"column":72},"end":{"line":223,"column":1}},"line":103},"4":{"name":"(anonymous_4)","decl":{"start":{"line":107,"column":36},"end":{"line":107,"column":37}},"loc":{"start":{"line":107,"column":48},"end":{"line":118,"column":3}},"line":107},"5":{"name":"(anonymous_5)","decl":{"start":{"line":121,"column":12},"end":{"line":121,"column":13}},"loc":{"start":{"line":121,"column":18},"end":{"line":123,"column":3}},"line":121},"6":{"name":"(anonymous_6)","decl":{"start":{"line":126,"column":34},"end":{"line":126,"column":35}},"loc":{"start":{"line":126,"column":62},"end":{"line":139,"column":3}},"line":126},"7":{"name":"(anonymous_7)","decl":{"start":{"line":129,"column":48},"end":{"line":129,"column":49}},"loc":{"start":{"line":129,"column":55},"end":{"line":129,"column":78}},"line":129},"8":{"name":"(anonymous_8)","decl":{"start":{"line":142,"column":37},"end":{"line":142,"column":38}},"loc":{"start":{"line":142,"column":68},"end":{"line":152,"column":3}},"line":142},"9":{"name":"(anonymous_9)","decl":{"start":{"line":156,"column":4},"end":{"line":156,"column":5}},"loc":{"start":{"line":156,"column":32},"end":{"line":166,"column":5}},"line":156},"10":{"name":"(anonymous_10)","decl":{"start":{"line":158,"column":8},"end":{"line":158,"column":9}},"loc":{"start":{"line":158,"column":15},"end":{"line":158,"column":38}},"line":158},"11":{"name":"(anonymous_11)","decl":{"start":{"line":171,"column":33},"end":{"line":171,"column":34}},"loc":{"start":{"line":171,"column":78},"end":{"line":181,"column":3}},"line":171},"12":{"name":"(anonymous_12)","decl":{"start":{"line":185,"column":4},"end":{"line":185,"column":5}},"loc":{"start":{"line":185,"column":26},"end":{"line":188,"column":5}},"line":185},"13":{"name":"(anonymous_13)","decl":{"start":{"line":187,"column":34},"end":{"line":187,"column":35}},"loc":{"start":{"line":187,"column":41},"end":{"line":187,"column":64}},"line":187},"14":{"name":"(anonymous_14)","decl":{"start":{"line":194,"column":4},"end":{"line":194,"column":5}},"loc":{"start":{"line":194,"column":26},"end":{"line":198,"column":5}},"line":194},"15":{"name":"(anonymous_15)","decl":{"start":{"line":196,"column":44},"end":{"line":196,"column":45}},"loc":{"start":{"line":196,"column":51},"end":{"line":196,"column":74}},"line":196},"16":{"name":"(anonymous_16)","decl":{"start":{"line":203,"column":39},"end":{"line":203,"column":40}},"loc":{"start":{"line":203,"column":51},"end":{"line":205,"column":3}},"line":203},"17":{"name":"useFavoritesContext","decl":{"start":{"line":226,"column":16},"end":{"line":226,"column":35}},"loc":{"start":{"line":226,"column":60},"end":{"line":234,"column":1}},"line":226}},"branchMap":{"0":{"loc":{"start":{"line":50,"column":2},"end":{"line":92,"column":3}},"type":"switch","locations":[{"start":{"line":51,"column":4},"end":{"line":52,"column":51}},{"start":{"line":54,"column":4},"end":{"line":60,"column":8}},{"start":{"line":62,"column":4},"end":{"line":63,"column":65}},{"start":{"line":65,"column":4},"end":{"line":70,"column":8}},{"start":{"line":72,"column":4},"end":{"line":77,"column":8}},{"start":{"line":79,"column":4},"end":{"line":88,"column":8}},{"start":{"line":90,"column":4},"end":{"line":91,"column":19}}],"line":50},"1":{"loc":{"start":{"line":83,"column":10},"end":{"line":85,"column":15}},"type":"cond-expr","locations":[{"start":{"line":84,"column":14},"end":{"line":84,"column":49}},{"start":{"line":85,"column":14},"end":{"line":85,"column":15}}],"line":83},"2":{"loc":{"start":{"line":114,"column":8},"end":{"line":114,"column":75}},"type":"cond-expr","locations":[{"start":{"line":114,"column":33},"end":{"line":114,"column":46}},{"start":{"line":114,"column":49},"end":{"line":114,"column":75}}],"line":114},"3":{"loc":{"start":{"line":130,"column":6},"end":{"line":132,"column":7}},"type":"if","locations":[{"start":{"line":130,"column":6},"end":{"line":132,"column":7}},{"start":{},"end":{}}],"line":130},"4":{"loc":{"start":{"line":135,"column":8},"end":{"line":135,"column":73}},"type":"cond-expr","locations":[{"start":{"line":135,"column":33},"end":{"line":135,"column":46}},{"start":{"line":135,"column":49},"end":{"line":135,"column":73}}],"line":135},"5":{"loc":{"start":{"line":148,"column":8},"end":{"line":148,"column":76}},"type":"cond-expr","locations":[{"start":{"line":148,"column":33},"end":{"line":148,"column":46}},{"start":{"line":148,"column":49},"end":{"line":148,"column":76}}],"line":148},"6":{"loc":{"start":{"line":161,"column":6},"end":{"line":165,"column":7}},"type":"if","locations":[{"start":{"line":161,"column":6},"end":{"line":165,"column":7}},{"start":{"line":163,"column":13},"end":{"line":165,"column":7}}],"line":161},"7":{"loc":{"start":{"line":177,"column":8},"end":{"line":177,"column":72}},"type":"cond-expr","locations":[{"start":{"line":177,"column":33},"end":{"line":177,"column":46}},{"start":{"line":177,"column":49},"end":{"line":177,"column":72}}],"line":177},"8":{"loc":{"start":{"line":186,"column":6},"end":{"line":186,"column":39}},"type":"if","locations":[{"start":{"line":186,"column":6},"end":{"line":186,"column":39}},{"start":{},"end":{}}],"line":186},"9":{"loc":{"start":{"line":195,"column":6},"end":{"line":195,"column":36}},"type":"if","locations":[{"start":{"line":195,"column":6},"end":{"line":195,"column":36}},{"start":{},"end":{}}],"line":195},"10":{"loc":{"start":{"line":197,"column":13},"end":{"line":197,"column":33}},"type":"binary-expr","locations":[{"start":{"line":197,"column":13},"end":{"line":197,"column":27}},{"start":{"line":197,"column":31},"end":{"line":197,"column":33}}],"line":197},"11":{"loc":{"start":{"line":228,"column":2},"end":{"line":232,"column":3}},"type":"if","locations":[{"start":{"line":228,"column":2},"end":{"line":232,"column":3}},{"start":{},"end":{}}],"line":228}},"s":{"0":1,"1":26,"2":8,"3":8,"4":0,"5":6,"6":3,"7":4,"8":1,"9":1,"10":0,"11":1,"12":32,"13":32,"14":8,"15":8,"16":8,"17":8,"18":0,"19":0,"20":0,"21":32,"22":7,"23":32,"24":6,"25":6,"26":6,"27":6,"28":6,"29":6,"30":0,"31":0,"32":0,"33":32,"34":3,"35":3,"36":3,"37":0,"38":0,"39":0,"40":32,"41":2,"42":1,"43":2,"44":1,"45":1,"46":32,"47":1,"48":1,"49":1,"50":0,"51":0,"52":0,"53":32,"54":10,"55":0,"56":10,"57":8,"58":32,"59":2,"60":0,"61":2,"62":2,"63":2,"64":32,"65":1,"66":32,"67":32,"68":32,"69":32,"70":0,"71":32},"f":{"0":26,"1":4,"2":1,"3":32,"4":8,"5":7,"6":6,"7":6,"8":3,"9":2,"10":1,"11":1,"12":10,"13":8,"14":2,"15":2,"16":1,"17":32},"b":{"0":[8,8,0,6,3,1,0],"1":[1,0],"2":[0,0],"3":[6,0],"4":[0,0],"5":[0,0],"6":[1,1],"7":[0,0],"8":[0,10],"9":[0,2],"10":[2,1],"11":[0,32]},"_coverageSchema":"1a1c01bbd47fc00a2c39e90264f33305004495a9","hash":"c44fdf4f3e3c14f74141de55c178a2927132d79a"}
,"/Users/nhannguyen/Documents/rntesting/exercise_psp/CountryExplorer/src/hooks/useCountries.ts": {"path":"/Users/nhannguyen/Documents/rntesting/exercise_psp/CountryExplorer/src/hooks/useCountries.ts","statementMap":{"0":{"start":{"line":6,"column":23},"end":{"line":6,"column":25}},"1":{"start":{"line":7,"column":30},"end":{"line":7,"column":33}},"2":{"start":{"line":24,"column":28},"end":{"line":114,"column":1}},"3":{"start":{"line":25,"column":36},"end":{"line":25,"column":59}},"4":{"start":{"line":26,"column":36},"end":{"line":26,"column":51}},"5":{"start":{"line":27,"column":44},"end":{"line":27,"column":59}},"6":{"start":{"line":28,"column":42},"end":{"line":28,"column":57}},"7":{"start":{"line":29,"column":32},"end":{"line":29,"column":46}},"8":{"start":{"line":30,"column":28},"end":{"line":30,"column":57}},"9":{"start":{"line":31,"column":40},"end":{"line":31,"column":51}},"10":{"start":{"line":34,"column":40},"end":{"line":34,"column":52}},"11":{"start":{"line":35,"column":46},"end":{"line":35,"column":69}},"12":{"start":{"line":38,"column":31},"end":{"line":38,"column":78}},"13":{"start":{"line":40,"column":24},"end":{"line":76,"column":3}},"14":{"start":{"line":42,"column":6},"end":{"line":73,"column":7}},"15":{"start":{"line":43,"column":8},"end":{"line":43,"column":23}},"16":{"start":{"line":45,"column":8},"end":{"line":49,"column":9}},"17":{"start":{"line":46,"column":10},"end":{"line":46,"column":29}},"18":{"start":{"line":48,"column":10},"end":{"line":48,"column":33}},"19":{"start":{"line":51,"column":25},"end":{"line":56,"column":10}},"20":{"start":{"line":58,"column":8},"end":{"line":66,"column":9}},"21":{"start":{"line":59,"column":10},"end":{"line":61,"column":12}},"22":{"start":{"line":60,"column":12},"end":{"line":60,"column":73}},"23":{"start":{"line":62,"column":10},"end":{"line":62,"column":52}},"24":{"start":{"line":63,"column":10},"end":{"line":63,"column":31}},"25":{"start":{"line":65,"column":10},"end":{"line":65,"column":47}},"26":{"start":{"line":68,"column":8},"end":{"line":68,"column":55}},"27":{"start":{"line":69,"column":8},"end":{"line":69,"column":43}},"28":{"start":{"line":71,"column":8},"end":{"line":71,"column":28}},"29":{"start":{"line":72,"column":8},"end":{"line":72,"column":32}},"30":{"start":{"line":78,"column":18},"end":{"line":84,"column":21}},"31":{"start":{"line":79,"column":4},"end":{"line":79,"column":26}},"32":{"start":{"line":80,"column":4},"end":{"line":80,"column":22}},"33":{"start":{"line":81,"column":4},"end":{"line":81,"column":21}},"34":{"start":{"line":82,"column":4},"end":{"line":82,"column":34}},"35":{"start":{"line":83,"column":4},"end":{"line":83,"column":27}},"36":{"start":{"line":86,"column":19},"end":{"line":91,"column":58}},"37":{"start":{"line":87,"column":4},"end":{"line":90,"column":5}},"38":{"start":{"line":88,"column":23},"end":{"line":88,"column":38}},"39":{"start":{"line":89,"column":6},"end":{"line":89,"column":42}},"40":{"start":{"line":94,"column":2},"end":{"line":98,"column":22}},"41":{"start":{"line":95,"column":4},"end":{"line":95,"column":22}},"42":{"start":{"line":96,"column":4},"end":{"line":96,"column":21}},"43":{"start":{"line":97,"column":4},"end":{"line":97,"column":28}},"44":{"start":{"line":100,"column":2},"end":{"line":113,"column":4}}},"fnMap":{"0":{"name":"(anonymous_0)","decl":{"start":{"line":24,"column":28},"end":{"line":24,"column":29}},"loc":{"start":{"line":24,"column":54},"end":{"line":114,"column":1}},"line":24},"1":{"name":"(anonymous_1)","decl":{"start":{"line":41,"column":4},"end":{"line":41,"column":5}},"loc":{"start":{"line":41,"column":53},"end":{"line":74,"column":5}},"line":41},"2":{"name":"(anonymous_2)","decl":{"start":{"line":59,"column":23},"end":{"line":59,"column":24}},"loc":{"start":{"line":60,"column":12},"end":{"line":60,"column":73}},"line":60},"3":{"name":"(anonymous_3)","decl":{"start":{"line":78,"column":30},"end":{"line":78,"column":31}},"loc":{"start":{"line":78,"column":42},"end":{"line":84,"column":3}},"line":78},"4":{"name":"(anonymous_4)","decl":{"start":{"line":86,"column":31},"end":{"line":86,"column":32}},"loc":{"start":{"line":86,"column":43},"end":{"line":91,"column":3}},"line":86},"5":{"name":"(anonymous_5)","decl":{"start":{"line":94,"column":12},"end":{"line":94,"column":13}},"loc":{"start":{"line":94,"column":18},"end":{"line":98,"column":3}},"line":94}},"branchMap":{"0":{"loc":{"start":{"line":41,"column":25},"end":{"line":41,"column":48}},"type":"default-arg","locations":[{"start":{"line":41,"column":43},"end":{"line":41,"column":48}}],"line":41},"1":{"loc":{"start":{"line":45,"column":8},"end":{"line":49,"column":9}},"type":"if","locations":[{"start":{"line":45,"column":8},"end":{"line":49,"column":9}},{"start":{"line":47,"column":15},"end":{"line":49,"column":9}}],"line":45},"2":{"loc":{"start":{"line":45,"column":12},"end":{"line":45,"column":33}},"type":"binary-expr","locations":[{"start":{"line":45,"column":12},"end":{"line":45,"column":22}},{"start":{"line":45,"column":26},"end":{"line":45,"column":33}}],"line":45},"3":{"loc":{"start":{"line":55,"column":18},"end":{"line":55,"column":64}},"type":"cond-expr","locations":[{"start":{"line":55,"column":45},"end":{"line":55,"column":47}},{"start":{"line":55,"column":50},"end":{"line":55,"column":64}}],"line":55},"4":{"loc":{"start":{"line":58,"column":8},"end":{"line":66,"column":9}},"type":"if","locations":[{"start":{"line":58,"column":8},"end":{"line":66,"column":9}},{"start":{"line":64,"column":15},"end":{"line":66,"column":9}}],"line":58},"5":{"loc":{"start":{"line":58,"column":12},"end":{"line":58,"column":37}},"type":"binary-expr","locations":[{"start":{"line":58,"column":12},"end":{"line":58,"column":20}},{"start":{"line":58,"column":24},"end":{"line":58,"column":37}}],"line":58},"6":{"loc":{"start":{"line":60,"column":12},"end":{"line":60,"column":73}},"type":"cond-expr","locations":[{"start":{"line":60,"column":21},"end":{"line":60,"column":57}},{"start":{"line":60,"column":60},"end":{"line":60,"column":73}}],"line":60},"7":{"loc":{"start":{"line":62,"column":21},"end":{"line":62,"column":50}},"type":"binary-expr","locations":[{"start":{"line":62,"column":21},"end":{"line":62,"column":41}},{"start":{"line":62,"column":45},"end":{"line":62,"column":50}}],"line":62},"8":{"loc":{"start":{"line":87,"column":4},"end":{"line":90,"column":5}},"type":"if","locations":[{"start":{"line":87,"column":4},"end":{"line":90,"column":5}},{"start":{},"end":{}}],"line":87},"9":{"loc":{"start":{"line":87,"column":8},"end":{"line":87,"column":33}},"type":"binary-expr","locations":[{"start":{"line":87,"column":8},"end":{"line":87,"column":22}},{"start":{"line":87,"column":26},"end":{"line":87,"column":33}}],"line":87}},"s":{"0":1,"1":1,"2":1,"3":28,"4":28,"5":28,"6":28,"7":28,"8":28,"9":28,"10":28,"11":28,"12":28,"13":28,"14":12,"15":12,"16":12,"17":11,"18":1,"19":12,"20":11,"21":9,"22":9,"23":9,"24":9,"25":2,"26":1,"27":1,"28":12,"29":12,"30":28,"31":1,"32":1,"33":1,"34":1,"35":1,"36":28,"37":1,"38":1,"39":1,"40":28,"41":10,"42":10,"43":10,"44":28},"f":{"0":28,"1":12,"2":9,"3":1,"4":1,"5":10},"b":{"0":[0],"1":[11,1],"2":[12,11],"3":[10,2],"4":[9,2],"5":[11,9],"6":[1,8],"7":[9,8],"8":[1,0],"9":[1,1]},"_coverageSchema":"1a1c01bbd47fc00a2c39e90264f33305004495a9","hash":"389f6ae8b3131ad771cc5d9be618d7701aad7631"}
,"/Users/nhannguyen/Documents/rntesting/exercise_psp/CountryExplorer/src/hooks/useDebounce.ts": {"path":"/Users/nhannguyen/Documents/rntesting/exercise_psp/CountryExplorer/src/hooks/useDebounce.ts","statementMap":{"0":{"start":{"line":9,"column":27},"end":{"line":23,"column":1}},"1":{"start":{"line":10,"column":46},"end":{"line":10,"column":64}},"2":{"start":{"line":12,"column":2},"end":{"line":20,"column":21}},"3":{"start":{"line":13,"column":20},"end":{"line":15,"column":13}},"4":{"start":{"line":14,"column":6},"end":{"line":14,"column":31}},"5":{"start":{"line":17,"column":4},"end":{"line":19,"column":6}},"6":{"start":{"line":18,"column":6},"end":{"line":18,"column":28}},"7":{"start":{"line":22,"column":2},"end":{"line":22,"column":24}}},"fnMap":{"0":{"name":"(anonymous_0)","decl":{"start":{"line":9,"column":27},"end":{"line":9,"column":28}},"loc":{"start":{"line":9,"column":62},"end":{"line":23,"column":1}},"line":9},"1":{"name":"(anonymous_1)","decl":{"start":{"line":12,"column":12},"end":{"line":12,"column":13}},"loc":{"start":{"line":12,"column":18},"end":{"line":20,"column":3}},"line":12},"2":{"name":"(anonymous_2)","decl":{"start":{"line":13,"column":31},"end":{"line":13,"column":32}},"loc":{"start":{"line":13,"column":37},"end":{"line":15,"column":5}},"line":13},"3":{"name":"(anonymous_3)","decl":{"start":{"line":17,"column":11},"end":{"line":17,"column":12}},"loc":{"start":{"line":17,"column":17},"end":{"line":19,"column":5}},"line":17}},"branchMap":{},"s":{"0":2,"1":34,"2":34,"3":24,"4":10,"5":24,"6":24,"7":34},"f":{"0":34,"1":24,"2":10,"3":24},"b":{},"_coverageSchema":"1a1c01bbd47fc00a2c39e90264f33305004495a9","hash":"3af6a475abd355cf7f2721d622118aefd2d39414"}
,"/Users/nhannguyen/Documents/rntesting/exercise_psp/CountryExplorer/src/hooks/useFavorites.ts": {"path":"/Users/nhannguyen/Documents/rntesting/exercise_psp/CountryExplorer/src/hooks/useFavorites.ts","statementMap":{"0":{"start":{"line":19,"column":36},"end":{"line":19,"column":67}},"1":{"start":{"line":20,"column":32},"end":{"line":20,"column":46}},"2":{"start":{"line":23,"column":24},"end":{"line":34,"column":8}},"3":{"start":{"line":24,"column":4},"end":{"line":33,"column":5}},"4":{"start":{"line":25,"column":6},"end":{"line":25,"column":23}},"5":{"start":{"line":26,"column":30},"end":{"line":26,"column":66}},"6":{"start":{"line":27,"column":6},"end":{"line":27,"column":36}},"7":{"start":{"line":29,"column":6},"end":{"line":29,"column":55}},"8":{"start":{"line":30,"column":6},"end":{"line":30,"column":55}},"9":{"start":{"line":32,"column":6},"end":{"line":32,"column":24}},"10":{"start":{"line":37,"column":22},"end":{"line":45,"column":8}},"11":{"start":{"line":38,"column":4},"end":{"line":44,"column":5}},"12":{"start":{"line":39,"column":31},"end":{"line":39,"column":72}},"13":{"start":{"line":40,"column":6},"end":{"line":40,"column":37}},"14":{"start":{"line":42,"column":6},"end":{"line":42,"column":53}},"15":{"start":{"line":43,"column":6},"end":{"line":43,"column":57}},"16":{"start":{"line":48,"column":25},"end":{"line":56,"column":8}},"17":{"start":{"line":49,"column":4},"end":{"line":55,"column":5}},"18":{"start":{"line":50,"column":31},"end":{"line":50,"column":79}},"19":{"start":{"line":51,"column":6},"end":{"line":51,"column":37}},"20":{"start":{"line":53,"column":6},"end":{"line":53,"column":55}},"21":{"start":{"line":54,"column":6},"end":{"line":54,"column":62}},"22":{"start":{"line":59,"column":25},"end":{"line":72,"column":3}},"23":{"start":{"line":61,"column":34},"end":{"line":63,"column":7}},"24":{"start":{"line":62,"column":17},"end":{"line":62,"column":42}},"25":{"start":{"line":65,"column":6},"end":{"line":69,"column":7}},"26":{"start":{"line":66,"column":8},"end":{"line":66,"column":43}},"27":{"start":{"line":68,"column":8},"end":{"line":68,"column":35}},"28":{"start":{"line":75,"column":21},"end":{"line":86,"column":8}},"29":{"start":{"line":76,"column":4},"end":{"line":85,"column":5}},"30":{"start":{"line":77,"column":31},"end":{"line":80,"column":7}},"31":{"start":{"line":81,"column":6},"end":{"line":81,"column":37}},"32":{"start":{"line":83,"column":6},"end":{"line":83,"column":51}},"33":{"start":{"line":84,"column":6},"end":{"line":84,"column":52}},"34":{"start":{"line":89,"column":21},"end":{"line":94,"column":3}},"35":{"start":{"line":91,"column":6},"end":{"line":91,"column":64}},"36":{"start":{"line":91,"column":37},"end":{"line":91,"column":62}},"37":{"start":{"line":97,"column":26},"end":{"line":103,"column":3}},"38":{"start":{"line":99,"column":23},"end":{"line":99,"column":73}},"39":{"start":{"line":99,"column":47},"end":{"line":99,"column":72}},"40":{"start":{"line":100,"column":6},"end":{"line":100,"column":34}},"41":{"start":{"line":106,"column":27},"end":{"line":108,"column":21}},"42":{"start":{"line":107,"column":4},"end":{"line":107,"column":26}},"43":{"start":{"line":111,"column":2},"end":{"line":113,"column":22}},"44":{"start":{"line":112,"column":4},"end":{"line":112,"column":20}},"45":{"start":{"line":115,"column":2},"end":{"line":125,"column":4}}},"fnMap":{"0":{"name":"useFavorites","decl":{"start":{"line":18,"column":16},"end":{"line":18,"column":28}},"loc":{"start":{"line":18,"column":51},"end":{"line":126,"column":1}},"line":18},"1":{"name":"(anonymous_1)","decl":{"start":{"line":23,"column":36},"end":{"line":23,"column":37}},"loc":{"start":{"line":23,"column":48},"end":{"line":34,"column":3}},"line":23},"2":{"name":"(anonymous_2)","decl":{"start":{"line":37,"column":34},"end":{"line":37,"column":35}},"loc":{"start":{"line":37,"column":62},"end":{"line":45,"column":3}},"line":37},"3":{"name":"(anonymous_3)","decl":{"start":{"line":48,"column":37},"end":{"line":48,"column":38}},"loc":{"start":{"line":48,"column":68},"end":{"line":56,"column":3}},"line":48},"4":{"name":"(anonymous_4)","decl":{"start":{"line":60,"column":4},"end":{"line":60,"column":5}},"loc":{"start":{"line":60,"column":32},"end":{"line":70,"column":5}},"line":60},"5":{"name":"(anonymous_5)","decl":{"start":{"line":62,"column":8},"end":{"line":62,"column":9}},"loc":{"start":{"line":62,"column":17},"end":{"line":62,"column":42}},"line":62},"6":{"name":"(anonymous_6)","decl":{"start":{"line":75,"column":33},"end":{"line":75,"column":34}},"loc":{"start":{"line":75,"column":78},"end":{"line":86,"column":3}},"line":75},"7":{"name":"(anonymous_7)","decl":{"start":{"line":90,"column":4},"end":{"line":90,"column":5}},"loc":{"start":{"line":90,"column":26},"end":{"line":92,"column":5}},"line":90},"8":{"name":"(anonymous_8)","decl":{"start":{"line":91,"column":28},"end":{"line":91,"column":29}},"loc":{"start":{"line":91,"column":37},"end":{"line":91,"column":62}},"line":91},"9":{"name":"(anonymous_9)","decl":{"start":{"line":98,"column":4},"end":{"line":98,"column":5}},"loc":{"start":{"line":98,"column":26},"end":{"line":101,"column":5}},"line":98},"10":{"name":"(anonymous_10)","decl":{"start":{"line":99,"column":38},"end":{"line":99,"column":39}},"loc":{"start":{"line":99,"column":47},"end":{"line":99,"column":72}},"line":99},"11":{"name":"(anonymous_11)","decl":{"start":{"line":106,"column":39},"end":{"line":106,"column":40}},"loc":{"start":{"line":106,"column":51},"end":{"line":108,"column":3}},"line":106},"12":{"name":"(anonymous_12)","decl":{"start":{"line":111,"column":12},"end":{"line":111,"column":13}},"loc":{"start":{"line":111,"column":18},"end":{"line":113,"column":3}},"line":111}},"branchMap":{"0":{"loc":{"start":{"line":65,"column":6},"end":{"line":69,"column":7}},"type":"if","locations":[{"start":{"line":65,"column":6},"end":{"line":69,"column":7}},{"start":{"line":67,"column":13},"end":{"line":69,"column":7}}],"line":65},"1":{"loc":{"start":{"line":100,"column":13},"end":{"line":100,"column":33}},"type":"binary-expr","locations":[{"start":{"line":100,"column":13},"end":{"line":100,"column":27}},{"start":{"line":100,"column":31},"end":{"line":100,"column":33}}],"line":100}},"s":{"0":0,"1":0,"2":0,"3":0,"4":0,"5":0,"6":0,"7":0,"8":0,"9":0,"10":0,"11":0,"12":0,"13":0,"14":0,"15":0,"16":0,"17":0,"18":0,"19":0,"20":0,"21":0,"22":0,"23":0,"24":0,"25":0,"26":0,"27":0,"28":0,"29":0,"30":0,"31":0,"32":0,"33":0,"34":0,"35":0,"36":0,"37":0,"38":0,"39":0,"40":0,"41":0,"42":0,"43":0,"44":0,"45":0},"f":{"0":0,"1":0,"2":0,"3":0,"4":0,"5":0,"6":0,"7":0,"8":0,"9":0,"10":0,"11":0,"12":0},"b":{"0":[0,0],"1":[0,0]}}
,"/Users/nhannguyen/Documents/rntesting/exercise_psp/CountryExplorer/src/services/countryService.ts": {"path":"/Users/nhannguyen/Documents/rntesting/exercise_psp/CountryExplorer/src/services/countryService.ts","statementMap":{"0":{"start":{"line":3,"column":21},"end":{"line":3,"column":53}},"1":{"start":{"line":5,"column":2},"end":{"line":5,"column":66}},"2":{"start":{"line":21,"column":36},"end":{"line":21,"column":38}},"3":{"start":{"line":22,"column":26},"end":{"line":22,"column":31}},"4":{"start":{"line":23,"column":18},"end":{"line":23,"column":54}},"5":{"start":{"line":27,"column":4},"end":{"line":29,"column":5}},"6":{"start":{"line":28,"column":6},"end":{"line":28,"column":13}},"7":{"start":{"line":31,"column":4},"end":{"line":60,"column":5}},"8":{"start":{"line":32,"column":23},"end":{"line":32,"column":78}},"9":{"start":{"line":33,"column":6},"end":{"line":35,"column":7}},"10":{"start":{"line":34,"column":8},"end":{"line":34,"column":66}},"11":{"start":{"line":37,"column":19},"end":{"line":37,"column":40}},"12":{"start":{"line":40,"column":6},"end":{"line":55,"column":10}},"13":{"start":{"line":40,"column":54},"end":{"line":55,"column":7}},"14":{"start":{"line":57,"column":6},"end":{"line":57,"column":32}},"15":{"start":{"line":59,"column":6},"end":{"line":59,"column":61}},"16":{"start":{"line":65,"column":4},"end":{"line":65,"column":104}},"17":{"start":{"line":72,"column":66},"end":{"line":72,"column":72}},"18":{"start":{"line":75,"column":21},"end":{"line":75,"column":45}},"19":{"start":{"line":76,"column":4},"end":{"line":78,"column":5}},"20":{"start":{"line":77,"column":6},"end":{"line":77,"column":39}},"21":{"start":{"line":81,"column":4},"end":{"line":83,"column":6}},"22":{"start":{"line":82,"column":6},"end":{"line":82,"column":52}},"23":{"start":{"line":85,"column":4},"end":{"line":85,"column":37}},"24":{"start":{"line":87,"column":28},"end":{"line":87,"column":50}},"25":{"start":{"line":90,"column":4},"end":{"line":101,"column":5}},"26":{"start":{"line":91,"column":26},"end":{"line":91,"column":46}},"27":{"start":{"line":92,"column":6},"end":{"line":100,"column":8}},"28":{"start":{"line":94,"column":10},"end":{"line":99,"column":14}},"29":{"start":{"line":98,"column":14},"end":{"line":98,"column":53}},"30":{"start":{"line":104,"column":4},"end":{"line":108,"column":5}},"31":{"start":{"line":105,"column":6},"end":{"line":107,"column":8}},"32":{"start":{"line":106,"column":21},"end":{"line":106,"column":46}},"33":{"start":{"line":111,"column":4},"end":{"line":113,"column":6}},"34":{"start":{"line":112,"column":6},"end":{"line":112,"column":48}},"35":{"start":{"line":116,"column":23},"end":{"line":116,"column":47}},"36":{"start":{"line":117,"column":23},"end":{"line":117,"column":41}},"37":{"start":{"line":118,"column":21},"end":{"line":118,"column":39}},"38":{"start":{"line":119,"column":17},"end":{"line":119,"column":62}},"39":{"start":{"line":120,"column":24},"end":{"line":120,"column":45}},"40":{"start":{"line":122,"column":38},"end":{"line":126,"column":5}},"41":{"start":{"line":129,"column":4},"end":{"line":129,"column":37}},"42":{"start":{"line":131,"column":4},"end":{"line":131,"column":18}},"43":{"start":{"line":136,"column":4},"end":{"line":136,"column":37}},"44":{"start":{"line":137,"column":4},"end":{"line":137,"column":78}},"45":{"start":{"line":137,"column":47},"end":{"line":137,"column":68}},"46":{"start":{"line":142,"column":4},"end":{"line":142,"column":23}},"47":{"start":{"line":146,"column":30},"end":{"line":146,"column":50}}},"fnMap":{"0":{"name":"(anonymous_0)","decl":{"start":{"line":26,"column":2},"end":{"line":26,"column":3}},"loc":{"start":{"line":26,"column":53},"end":{"line":61,"column":3}},"line":26},"1":{"name":"(anonymous_1)","decl":{"start":{"line":40,"column":35},"end":{"line":40,"column":36}},"loc":{"start":{"line":40,"column":54},"end":{"line":55,"column":7}},"line":40},"2":{"name":"(anonymous_2)","decl":{"start":{"line":64,"column":2},"end":{"line":64,"column":3}},"loc":{"start":{"line":64,"column":60},"end":{"line":66,"column":3}},"line":64},"3":{"name":"(anonymous_3)","decl":{"start":{"line":69,"column":2},"end":{"line":69,"column":3}},"loc":{"start":{"line":71,"column":32},"end":{"line":132,"column":3}},"line":71},"4":{"name":"(anonymous_4)","decl":{"start":{"line":81,"column":22},"end":{"line":81,"column":23}},"loc":{"start":{"line":82,"column":6},"end":{"line":82,"column":52}},"line":82},"5":{"name":"(anonymous_5)","decl":{"start":{"line":93,"column":8},"end":{"line":93,"column":9}},"loc":{"start":{"line":94,"column":10},"end":{"line":99,"column":14}},"line":94},"6":{"name":"(anonymous_6)","decl":{"start":{"line":97,"column":33},"end":{"line":97,"column":34}},"loc":{"start":{"line":98,"column":14},"end":{"line":98,"column":53}},"line":98},"7":{"name":"(anonymous_7)","decl":{"start":{"line":106,"column":8},"end":{"line":106,"column":9}},"loc":{"start":{"line":106,"column":21},"end":{"line":106,"column":46}},"line":106},"8":{"name":"(anonymous_8)","decl":{"start":{"line":111,"column":27},"end":{"line":111,"column":28}},"loc":{"start":{"line":112,"column":6},"end":{"line":112,"column":48}},"line":112},"9":{"name":"(anonymous_9)","decl":{"start":{"line":135,"column":2},"end":{"line":135,"column":3}},"loc":{"start":{"line":135,"column":64},"end":{"line":138,"column":3}},"line":135},"10":{"name":"(anonymous_10)","decl":{"start":{"line":137,"column":34},"end":{"line":137,"column":35}},"loc":{"start":{"line":137,"column":47},"end":{"line":137,"column":68}},"line":137},"11":{"name":"(anonymous_11)","decl":{"start":{"line":141,"column":2},"end":{"line":141,"column":3}},"loc":{"start":{"line":141,"column":21},"end":{"line":143,"column":3}},"line":141}},"branchMap":{"0":{"loc":{"start":{"line":27,"column":4},"end":{"line":29,"column":5}},"type":"if","locations":[{"start":{"line":27,"column":4},"end":{"line":29,"column":5}},{"start":{},"end":{}}],"line":27},"1":{"loc":{"start":{"line":33,"column":6},"end":{"line":35,"column":7}},"type":"if","locations":[{"start":{"line":33,"column":6},"end":{"line":35,"column":7}},{"start":{},"end":{}}],"line":33},"2":{"loc":{"start":{"line":46,"column":17},"end":{"line":46,"column":38}},"type":"binary-expr","locations":[{"start":{"line":46,"column":17},"end":{"line":46,"column":32}},{"start":{"line":46,"column":36},"end":{"line":46,"column":38}}],"line":46},"3":{"loc":{"start":{"line":53,"column":19},"end":{"line":53,"column":42}},"type":"binary-expr","locations":[{"start":{"line":53,"column":19},"end":{"line":53,"column":36}},{"start":{"line":53,"column":40},"end":{"line":53,"column":42}}],"line":53},"4":{"loc":{"start":{"line":54,"column":20},"end":{"line":54,"column":44}},"type":"binary-expr","locations":[{"start":{"line":54,"column":20},"end":{"line":54,"column":38}},{"start":{"line":54,"column":42},"end":{"line":54,"column":44}}],"line":54},"5":{"loc":{"start":{"line":65,"column":14},"end":{"line":65,"column":30}},"type":"binary-expr","locations":[{"start":{"line":65,"column":14},"end":{"line":65,"column":25}},{"start":{"line":65,"column":29},"end":{"line":65,"column":30}}],"line":65},"6":{"loc":{"start":{"line":65,"column":34},"end":{"line":65,"column":52}},"type":"binary-expr","locations":[{"start":{"line":65,"column":34},"end":{"line":65,"column":46}},{"start":{"line":65,"column":50},"end":{"line":65,"column":52}}],"line":65},"7":{"loc":{"start":{"line":65,"column":56},"end":{"line":65,"column":75}},"type":"binary-expr","locations":[{"start":{"line":65,"column":56},"end":{"line":65,"column":69}},{"start":{"line":65,"column":73},"end":{"line":65,"column":75}}],"line":65},"8":{"loc":{"start":{"line":65,"column":79},"end":{"line":65,"column":101}},"type":"binary-expr","locations":[{"start":{"line":65,"column":79},"end":{"line":65,"column":92}},{"start":{"line":65,"column":96},"end":{"line":65,"column":101}}],"line":65},"9":{"loc":{"start":{"line":70,"column":4},"end":{"line":70,"column":37}},"type":"default-arg","locations":[{"start":{"line":70,"column":35},"end":{"line":70,"column":37}}],"line":70},"10":{"loc":{"start":{"line":72,"column":12},"end":{"line":72,"column":20}},"type":"default-arg","locations":[{"start":{"line":72,"column":19},"end":{"line":72,"column":20}}],"line":72},"11":{"loc":{"start":{"line":72,"column":22},"end":{"line":72,"column":32}},"type":"default-arg","locations":[{"start":{"line":72,"column":30},"end":{"line":72,"column":32}}],"line":72},"12":{"loc":{"start":{"line":72,"column":34},"end":{"line":72,"column":45}},"type":"default-arg","locations":[{"start":{"line":72,"column":43},"end":{"line":72,"column":45}}],"line":72},"13":{"loc":{"start":{"line":72,"column":47},"end":{"line":72,"column":61}},"type":"default-arg","locations":[{"start":{"line":72,"column":56},"end":{"line":72,"column":61}}],"line":72},"14":{"loc":{"start":{"line":76,"column":4},"end":{"line":78,"column":5}},"type":"if","locations":[{"start":{"line":76,"column":4},"end":{"line":78,"column":5}},{"start":{},"end":{}}],"line":76},"15":{"loc":{"start":{"line":90,"column":4},"end":{"line":101,"column":5}},"type":"if","locations":[{"start":{"line":90,"column":4},"end":{"line":101,"column":5}},{"start":{},"end":{}}],"line":90},"16":{"loc":{"start":{"line":94,"column":10},"end":{"line":99,"column":14}},"type":"binary-expr","locations":[{"start":{"line":94,"column":10},"end":{"line":94,"column":65}},{"start":{"line":95,"column":10},"end":{"line":95,"column":67}},{"start":{"line":96,"column":11},"end":{"line":96,"column":26}},{"start":{"line":97,"column":12},"end":{"line":99,"column":13}}],"line":94},"17":{"loc":{"start":{"line":104,"column":4},"end":{"line":108,"column":5}},"type":"if","locations":[{"start":{"line":104,"column":4},"end":{"line":108,"column":5}},{"start":{},"end":{}}],"line":104},"18":{"loc":{"start":{"line":104,"column":8},"end":{"line":104,"column":41}},"type":"binary-expr","locations":[{"start":{"line":104,"column":8},"end":{"line":104,"column":24}},{"start":{"line":104,"column":28},"end":{"line":104,"column":41}}],"line":104},"19":{"loc":{"start":{"line":137,"column":11},"end":{"line":137,"column":77}},"type":"binary-expr","locations":[{"start":{"line":137,"column":11},"end":{"line":137,"column":69}},{"start":{"line":137,"column":73},"end":{"line":137,"column":77}}],"line":137}},"s":{"0":1,"1":1,"2":1,"3":1,"4":1,"5":0,"6":0,"7":0,"8":0,"9":0,"10":0,"11":0,"12":0,"13":0,"14":0,"15":0,"16":0,"17":0,"18":0,"19":0,"20":0,"21":0,"22":0,"23":0,"24":0,"25":0,"26":0,"27":0,"28":0,"29":0,"30":0,"31":0,"32":0,"33":0,"34":0,"35":0,"36":0,"37":0,"38":0,"39":0,"40":0,"41":0,"42":0,"43":0,"44":0,"45":0,"46":0,"47":1},"f":{"0":0,"1":0,"2":0,"3":0,"4":0,"5":0,"6":0,"7":0,"8":0,"9":0,"10":0,"11":0},"b":{"0":[0,0],"1":[0,0],"2":[0,0],"3":[0,0],"4":[0,0],"5":[0,0],"6":[0,0],"7":[0,0],"8":[0,0],"9":[0],"10":[0],"11":[0],"12":[0],"13":[0],"14":[0,0],"15":[0,0],"16":[0,0,0,0],"17":[0,0],"18":[0,0],"19":[0,0]},"_coverageSchema":"1a1c01bbd47fc00a2c39e90264f33305004495a9","hash":"3e7c9fa792c7192a34cacd4cdb62b0aa69e22aac"}
,"/Users/nhannguyen/Documents/rntesting/exercise_psp/CountryExplorer/src/services/storageService.ts": {"path":"/Users/nhannguyen/Documents/rntesting/exercise_psp/CountryExplorer/src/services/storageService.ts","statementMap":{"0":{"start":{"line":5,"column":42},"end":{"line":5,"column":61}},"1":{"start":{"line":11,"column":4},"end":{"line":17,"column":5}},"2":{"start":{"line":12,"column":21},"end":{"line":12,"column":67}},"3":{"start":{"line":13,"column":6},"end":{"line":13,"column":46}},"4":{"start":{"line":15,"column":6},"end":{"line":15,"column":55}},"5":{"start":{"line":16,"column":6},"end":{"line":16,"column":16}},"6":{"start":{"line":24,"column":4},"end":{"line":29,"column":5}},"7":{"start":{"line":25,"column":6},"end":{"line":25,"column":80}},"8":{"start":{"line":27,"column":6},"end":{"line":27,"column":54}},"9":{"start":{"line":28,"column":6},"end":{"line":28,"column":50}},"10":{"start":{"line":38,"column":4},"end":{"line":61,"column":5}},"11":{"start":{"line":39,"column":31},"end":{"line":39,"column":57}},"12":{"start":{"line":42,"column":28},"end":{"line":44,"column":7}},"13":{"start":{"line":43,"column":17},"end":{"line":43,"column":42}},"14":{"start":{"line":45,"column":6},"end":{"line":47,"column":7}},"15":{"start":{"line":46,"column":8},"end":{"line":46,"column":32}},"16":{"start":{"line":49,"column":43},"end":{"line":53,"column":7}},"17":{"start":{"line":55,"column":31},"end":{"line":55,"column":65}},"18":{"start":{"line":56,"column":6},"end":{"line":56,"column":49}},"19":{"start":{"line":57,"column":6},"end":{"line":57,"column":30}},"20":{"start":{"line":59,"column":6},"end":{"line":59,"column":53}},"21":{"start":{"line":60,"column":6},"end":{"line":60,"column":48}},"22":{"start":{"line":68,"column":4},"end":{"line":78,"column":5}},"23":{"start":{"line":69,"column":31},"end":{"line":69,"column":57}},"24":{"start":{"line":70,"column":31},"end":{"line":72,"column":7}},"25":{"start":{"line":71,"column":17},"end":{"line":71,"column":41}},"26":{"start":{"line":73,"column":6},"end":{"line":73,"column":49}},"27":{"start":{"line":74,"column":6},"end":{"line":74,"column":30}},"28":{"start":{"line":76,"column":6},"end":{"line":76,"column":55}},"29":{"start":{"line":77,"column":6},"end":{"line":77,"column":51}},"30":{"start":{"line":88,"column":4},"end":{"line":98,"column":5}},"31":{"start":{"line":89,"column":31},"end":{"line":89,"column":57}},"32":{"start":{"line":90,"column":31},"end":{"line":92,"column":7}},"33":{"start":{"line":91,"column":8},"end":{"line":91,"column":57}},"34":{"start":{"line":93,"column":6},"end":{"line":93,"column":49}},"35":{"start":{"line":94,"column":6},"end":{"line":94,"column":30}},"36":{"start":{"line":96,"column":6},"end":{"line":96,"column":60}},"37":{"start":{"line":97,"column":6},"end":{"line":97,"column":47}},"38":{"start":{"line":105,"column":4},"end":{"line":111,"column":5}},"39":{"start":{"line":106,"column":24},"end":{"line":106,"column":50}},"40":{"start":{"line":107,"column":6},"end":{"line":107,"column":63}},"41":{"start":{"line":107,"column":37},"end":{"line":107,"column":61}},"42":{"start":{"line":109,"column":6},"end":{"line":109,"column":62}},"43":{"start":{"line":110,"column":6},"end":{"line":110,"column":19}},"44":{"start":{"line":118,"column":4},"end":{"line":125,"column":5}},"45":{"start":{"line":119,"column":24},"end":{"line":119,"column":50}},"46":{"start":{"line":120,"column":23},"end":{"line":120,"column":72}},"47":{"start":{"line":120,"column":47},"end":{"line":120,"column":71}},"48":{"start":{"line":121,"column":6},"end":{"line":121,"column":34}},"49":{"start":{"line":123,"column":6},"end":{"line":123,"column":59}},"50":{"start":{"line":124,"column":6},"end":{"line":124,"column":16}},"51":{"start":{"line":132,"column":4},"end":{"line":137,"column":5}},"52":{"start":{"line":133,"column":6},"end":{"line":133,"column":56}},"53":{"start":{"line":135,"column":6},"end":{"line":135,"column":56}},"54":{"start":{"line":136,"column":6},"end":{"line":136,"column":51}}},"fnMap":{"0":{"name":"(anonymous_0)","decl":{"start":{"line":10,"column":2},"end":{"line":10,"column":3}},"loc":{"start":{"line":10,"column":59},"end":{"line":18,"column":3}},"line":10},"1":{"name":"(anonymous_1)","decl":{"start":{"line":23,"column":2},"end":{"line":23,"column":3}},"loc":{"start":{"line":23,"column":74},"end":{"line":30,"column":3}},"line":23},"2":{"name":"(anonymous_2)","decl":{"start":{"line":35,"column":2},"end":{"line":35,"column":3}},"loc":{"start":{"line":37,"column":32},"end":{"line":62,"column":3}},"line":37},"3":{"name":"(anonymous_3)","decl":{"start":{"line":43,"column":8},"end":{"line":43,"column":9}},"loc":{"start":{"line":43,"column":17},"end":{"line":43,"column":42}},"line":43},"4":{"name":"(anonymous_4)","decl":{"start":{"line":67,"column":2},"end":{"line":67,"column":3}},"loc":{"start":{"line":67,"column":79},"end":{"line":79,"column":3}},"line":67},"5":{"name":"(anonymous_5)","decl":{"start":{"line":71,"column":8},"end":{"line":71,"column":9}},"loc":{"start":{"line":71,"column":17},"end":{"line":71,"column":41}},"line":71},"6":{"name":"(anonymous_6)","decl":{"start":{"line":84,"column":2},"end":{"line":84,"column":3}},"loc":{"start":{"line":87,"column":32},"end":{"line":99,"column":3}},"line":87},"7":{"name":"(anonymous_7)","decl":{"start":{"line":90,"column":52},"end":{"line":90,"column":53}},"loc":{"start":{"line":91,"column":8},"end":{"line":91,"column":57}},"line":91},"8":{"name":"(anonymous_8)","decl":{"start":{"line":104,"column":2},"end":{"line":104,"column":3}},"loc":{"start":{"line":104,"column":65},"end":{"line":112,"column":3}},"line":104},"9":{"name":"(anonymous_9)","decl":{"start":{"line":107,"column":28},"end":{"line":107,"column":29}},"loc":{"start":{"line":107,"column":37},"end":{"line":107,"column":61}},"line":107},"10":{"name":"(anonymous_10)","decl":{"start":{"line":117,"column":2},"end":{"line":117,"column":3}},"loc":{"start":{"line":117,"column":69},"end":{"line":126,"column":3}},"line":117},"11":{"name":"(anonymous_11)","decl":{"start":{"line":120,"column":38},"end":{"line":120,"column":39}},"loc":{"start":{"line":120,"column":47},"end":{"line":120,"column":71}},"line":120},"12":{"name":"(anonymous_12)","decl":{"start":{"line":131,"column":2},"end":{"line":131,"column":3}},"loc":{"start":{"line":131,"column":47},"end":{"line":138,"column":3}},"line":131}},"branchMap":{"0":{"loc":{"start":{"line":13,"column":13},"end":{"line":13,"column":45}},"type":"cond-expr","locations":[{"start":{"line":13,"column":22},"end":{"line":13,"column":40}},{"start":{"line":13,"column":43},"end":{"line":13,"column":45}}],"line":13},"1":{"loc":{"start":{"line":45,"column":6},"end":{"line":47,"column":7}},"type":"if","locations":[{"start":{"line":45,"column":6},"end":{"line":47,"column":7}},{"start":{},"end":{}}],"line":45},"2":{"loc":{"start":{"line":91,"column":8},"end":{"line":91,"column":57}},"type":"cond-expr","locations":[{"start":{"line":91,"column":35},"end":{"line":91,"column":51}},{"start":{"line":91,"column":54},"end":{"line":91,"column":57}}],"line":91},"3":{"loc":{"start":{"line":121,"column":13},"end":{"line":121,"column":33}},"type":"binary-expr","locations":[{"start":{"line":121,"column":13},"end":{"line":121,"column":27}},{"start":{"line":121,"column":31},"end":{"line":121,"column":33}}],"line":121}},"s":{"0":1,"1":18,"2":18,"3":18,"4":0,"5":0,"6":10,"7":10,"8":0,"9":0,"10":6,"11":6,"12":6,"13":0,"14":6,"15":0,"16":6,"17":6,"18":6,"19":6,"20":0,"21":0,"22":3,"23":3,"24":3,"25":0,"26":3,"27":3,"28":0,"29":0,"30":1,"31":1,"32":1,"33":0,"34":1,"35":1,"36":0,"37":0,"38":0,"39":0,"40":0,"41":0,"42":0,"43":0,"44":0,"45":0,"46":0,"47":0,"48":0,"49":0,"50":0,"51":0,"52":0,"53":0,"54":0},"f":{"0":18,"1":10,"2":6,"3":0,"4":3,"5":0,"6":1,"7":0,"8":0,"9":0,"10":0,"11":0,"12":0},"b":{"0":[0,18],"1":[0,6],"2":[0,0],"3":[0,0]},"_coverageSchema":"1a1c01bbd47fc00a2c39e90264f33305004495a9","hash":"34026338315993d46d3fdf574b4fbc8e11e3e12a"}
,"/Users/nhannguyen/Documents/rntesting/exercise_psp/CountryExplorer/src/types/Country.ts": {"path":"/Users/nhannguyen/Documents/rntesting/exercise_psp/CountryExplorer/src/types/Country.ts","statementMap":{},"fnMap":{},"branchMap":{},"s":{},"f":{},"b":{}}
}
