TN:
SF:src/components/CountryDetailModal.tsx
FN:36,CountryDetailModal
FN:143,InfoCard
FNF:2
FNH:0
FNDA:0,CountryDetailModal
FNDA:0,InfoCard
DA:34,0
DA:43,0
DA:44,0
DA:45,0
DA:47,0
DA:48,0
DA:51,0
DA:144,0
DA:145,0
DA:147,0
DA:167,0
LF:11
LH:0
BRDA:41,0,0,0
BRDA:47,1,0,0
BRDA:47,1,1,0
BRDA:74,2,0,0
BRDA:74,2,1,0
BRDA:80,3,0,0
BRDA:80,3,1,0
BRDA:82,4,0,0
BRDA:82,4,1,0
BRDA:158,5,0,0
BRDA:158,5,1,0
BRF:11
BRH:0
end_of_record
TN:
SF:src/components/CountryListItem.tsx
FN:25,CountryListItem
FN:39,(anonymous_1)
FN:41,(anonymous_2)
FN:43,(anonymous_3)
FN:50,(anonymous_4)
FN:56,(anonymous_5)
FN:135,(anonymous_6)
FNF:7
FNH:6
FNDA:7,CountryListItem
FNDA:1,(anonymous_1)
FNDA:1,(anonymous_2)
FNDA:1,(anonymous_3)
FNDA:1,(anonymous_4)
FNDA:4,(anonymous_5)
FNDA:0,(anonymous_6)
DA:33,7
DA:34,7
DA:35,7
DA:36,7
DA:37,7
DA:39,7
DA:41,7
DA:43,7
DA:44,1
DA:45,1
DA:46,1
DA:50,7
DA:51,1
DA:52,1
DA:56,7
DA:57,4
DA:60,7
DA:61,0
DA:64,7
DA:136,0
DA:143,1
LF:21
LH:19
BRDA:29,0,0,0
BRDA:30,1,0,0
BRDA:45,2,0,1
BRDA:45,2,1,0
BRDA:51,3,0,1
BRDA:51,3,1,0
BRDA:60,4,0,0
BRDA:60,4,1,7
BRDA:91,5,0,4
BRDA:91,5,1,3
BRDA:93,6,0,4
BRDA:93,6,1,3
BRDA:100,7,0,7
BRDA:100,7,1,4
BRDA:102,8,0,2
BRDA:102,8,1,2
BRDA:125,9,0,2
BRDA:125,9,1,0
BRDA:137,10,0,0
BRDA:137,10,1,0
BRDA:137,10,2,0
BRF:21
BRH:12
end_of_record
TN:
SF:src/components/EmptyState.tsx
FN:14,EmptyState
FNF:1
FNH:0
FNDA:0,EmptyState
DA:19,0
DA:20,0
DA:22,0
DA:35,0
LF:4
LH:0
BRF:0
BRH:0
end_of_record
TN:
SF:src/components/ErrorState.tsx
FN:13,ErrorState
FNF:1
FNH:0
FNDA:0,ErrorState
DA:14,0
DA:16,0
DA:36,0
LF:3
LH:0
BRDA:25,0,0,0
BRDA:25,0,1,0
BRF:2
BRH:0
end_of_record
TN:
SF:src/components/LoadingState.tsx
FN:12,LoadingState
FNF:1
FNH:0
FNDA:0,LoadingState
DA:16,0
DA:17,0
DA:19,0
DA:29,0
LF:4
LH:0
BRDA:13,0,0,0
BRDA:14,1,0,0
BRDA:17,2,0,0
BRDA:17,2,1,0
BRF:4
BRH:0
end_of_record
TN:
SF:src/components/RegionFilter.tsx
FN:12,RegionFilter
FN:17,(anonymous_1)
FN:26,(anonymous_2)
FN:50,(anonymous_3)
FN:56,(anonymous_4)
FNF:5
FNH:5
FNDA:2,RegionFilter
FNDA:1,(anonymous_1)
FNDA:12,(anonymous_2)
FNDA:12,(anonymous_3)
FNDA:1,(anonymous_4)
DA:17,2
DA:19,2
DA:27,12
DA:50,1
DA:51,12
DA:52,12
DA:53,12
DA:54,12
DA:56,12
DA:58,12
DA:82,1
LF:11
LH:11
BRDA:64,0,0,2
BRDA:64,0,1,10
BRDA:73,1,0,2
BRDA:73,1,1,10
BRF:4
BRH:4
end_of_record
TN:
SF:src/components/SearchBar.tsx
FN:12,SearchBar
FN:23,(anonymous_1)
FN:28,(anonymous_2)
FNF:3
FNH:2
FNDA:8,SearchBar
FNDA:0,(anonymous_1)
FNDA:8,(anonymous_2)
DA:17,8
DA:18,8
DA:20,8
DA:21,8
DA:23,8
DA:24,0
DA:25,0
DA:28,8
DA:29,8
DA:30,8
DA:31,3
DA:36,8
DA:68,1
LF:13
LH:11
BRDA:15,0,0,8
BRDA:30,1,0,3
BRDA:30,1,1,5
BRDA:55,2,0,8
BRDA:55,2,1,0
BRDA:55,2,2,0
BRF:6
BRH:4
end_of_record
TN:
SF:src/components/ThemedText.tsx
FN:18,ThemedText
FNF:1
FNH:1
FNDA:14,ThemedText
DA:25,14
DA:27,14
DA:43,1
LF:3
LH:3
BRDA:22,0,0,0
BRDA:31,1,0,0
BRDA:31,1,1,14
BRDA:32,2,0,0
BRDA:32,2,1,14
BRDA:33,3,0,7
BRDA:33,3,1,7
BRDA:34,4,0,0
BRDA:34,4,1,14
BRDA:35,5,0,0
BRDA:35,5,1,14
BRDA:69,6,0,1
BRDA:69,6,1,0
BRF:13
BRH:7
end_of_record
TN:
SF:src/components/ThemedView.tsx
FN:10,ThemedView
FNF:1
FNH:0
FNDA:0,ThemedView
DA:16,0
DA:21,0
LF:2
LH:0
BRF:0
BRH:0
end_of_record
TN:
SF:src/constants/Colors.ts
FNF:0
FNH:0
DA:6,3
DA:7,3
DA:8,3
DA:10,3
LF:4
LH:4
BRF:0
BRH:0
end_of_record
TN:
SF:src/contexts/FavoritesContext.tsx
FN:47,favoritesReducer
FN:76,(anonymous_1)
FN:83,(anonymous_2)
FN:104,FavoritesProvider
FN:108,(anonymous_4)
FN:108,(anonymous_5)
FN:113,(anonymous_6)
FN:127,(anonymous_7)
FN:132,(anonymous_8)
FN:135,(anonymous_9)
FN:148,(anonymous_10)
FN:162,(anonymous_11)
FN:175,(anonymous_12)
FN:189,(anonymous_13)
FN:195,(anonymous_14)
FN:197,(anonymous_15)
FN:204,(anonymous_16)
FN:227,useFavoritesContext
FNF:18
FNH:18
FNDA:32,favoritesReducer
FNDA:4,(anonymous_1)
FNDA:2,(anonymous_2)
FNDA:40,FavoritesProvider
FNDA:31,(anonymous_4)
FNDA:12,(anonymous_5)
FNDA:10,(anonymous_6)
FNDA:9,(anonymous_7)
FNDA:7,(anonymous_8)
FNDA:7,(anonymous_9)
FNDA:3,(anonymous_10)
FNDA:2,(anonymous_11)
FNDA:2,(anonymous_12)
FNDA:12,(anonymous_13)
FNDA:4,(anonymous_14)
FNDA:4,(anonymous_15)
FNDA:1,(anonymous_16)
FNDA:40,useFavoritesContext
DA:40,2
DA:51,32
DA:53,10
DA:56,10
DA:64,0
DA:67,7
DA:74,3
DA:76,4
DA:81,2
DA:84,2
DA:92,0
DA:97,2
DA:105,40
DA:107,40
DA:108,31
DA:113,40
DA:114,10
DA:115,10
DA:116,10
DA:117,10
DA:120,0
DA:121,0
DA:122,0
DA:127,40
DA:128,9
DA:132,40
DA:133,7
DA:134,7
DA:135,7
DA:136,7
DA:137,7
DA:141,0
DA:142,0
DA:143,0
DA:148,40
DA:149,3
DA:150,3
DA:151,3
DA:154,0
DA:155,0
DA:156,0
DA:161,40
DA:163,2
DA:165,2
DA:166,1
DA:168,1
DA:175,40
DA:176,2
DA:177,2
DA:178,2
DA:181,0
DA:182,0
DA:183,0
DA:188,40
DA:189,12
DA:194,40
DA:196,4
DA:197,4
DA:198,4
DA:204,40
DA:205,1
DA:208,40
DA:219,40
DA:228,40
DA:229,40
DA:230,0
DA:234,40
LF:67
LH:52
BRDA:51,0,0,10
BRDA:51,0,1,10
BRDA:51,0,2,0
BRDA:51,0,3,7
BRDA:51,0,4,3
BRDA:51,0,5,2
BRDA:51,0,6,0
BRDA:84,1,0,2
BRDA:84,1,1,0
BRDA:120,2,0,0
BRDA:120,2,1,0
BRDA:136,3,0,7
BRDA:136,3,1,0
BRDA:141,4,0,0
BRDA:141,4,1,0
BRDA:154,5,0,0
BRDA:154,5,1,0
BRDA:165,6,0,1
BRDA:165,6,1,1
BRDA:181,7,0,0
BRDA:181,7,1,0
BRDA:189,8,0,12
BRDA:189,8,1,12
BRDA:196,9,0,0
BRDA:196,9,1,4
BRDA:198,10,0,4
BRDA:198,10,1,1
BRDA:229,11,0,0
BRDA:229,11,1,40
BRF:29
BRH:15
end_of_record
TN:
SF:src/hooks/useColorScheme.ts
FNF:0
FNH:0
LF:0
LH:0
BRF:0
BRH:0
end_of_record
TN:
SF:src/hooks/useColorScheme.web.ts
FN:7,useColorScheme
FN:10,(anonymous_1)
FNF:2
FNH:0
FNDA:0,useColorScheme
FNDA:0,(anonymous_1)
DA:8,0
DA:10,0
DA:11,0
DA:14,0
DA:16,0
DA:17,0
DA:20,0
LF:7
LH:0
BRDA:16,0,0,0
BRDA:16,0,1,0
BRF:2
BRH:0
end_of_record
TN:
SF:src/hooks/useCountries.ts
FN:20,(anonymous_0)
FN:33,(anonymous_1)
FN:51,(anonymous_2)
FN:70,(anonymous_3)
FN:78,(anonymous_4)
FN:85,(anonymous_5)
FNF:6
FNH:6
FNDA:14,(anonymous_0)
FNDA:6,(anonymous_1)
FNDA:5,(anonymous_2)
FNDA:1,(anonymous_3)
FNDA:1,(anonymous_4)
FNDA:4,(anonymous_5)
DA:5,4
DA:20,4
DA:23,14
DA:24,14
DA:25,14
DA:26,14
DA:27,14
DA:28,14
DA:29,14
DA:30,14
DA:32,14
DA:34,6
DA:35,6
DA:37,6
DA:38,5
DA:40,1
DA:43,6
DA:50,5
DA:51,5
DA:52,5
DA:54,5
DA:55,5
DA:57,0
DA:60,1
DA:61,1
DA:63,6
DA:64,6
DA:70,14
DA:71,1
DA:72,1
DA:73,1
DA:74,1
DA:75,1
DA:78,14
DA:79,1
DA:80,1
DA:81,1
DA:85,14
DA:86,4
DA:87,4
DA:90,14
LF:41
LH:40
BRDA:21,0,0,14
BRDA:33,1,0,0
BRDA:37,2,0,5
BRDA:37,2,1,1
BRDA:37,3,0,6
BRDA:37,3,1,5
BRDA:47,4,0,0
BRDA:47,4,1,6
BRDA:50,5,0,5
BRDA:50,5,1,0
BRDA:50,6,0,5
BRDA:50,6,1,5
BRDA:52,7,0,1
BRDA:52,7,1,4
BRDA:54,8,0,5
BRDA:54,8,1,4
BRDA:79,9,0,1
BRDA:79,9,1,0
BRDA:79,10,0,1
BRDA:79,10,1,1
BRDA:79,10,2,1
BRF:21
BRH:17
end_of_record
TN:
SF:src/hooks/useDebounce.ts
FN:9,(anonymous_0)
FN:12,(anonymous_1)
FN:13,(anonymous_2)
FN:17,(anonymous_3)
FNF:4
FNH:4
FNDA:34,(anonymous_0)
FNDA:24,(anonymous_1)
FNDA:10,(anonymous_2)
FNDA:24,(anonymous_3)
DA:9,3
DA:10,34
DA:12,34
DA:13,24
DA:14,10
DA:17,24
DA:18,24
DA:22,34
LF:8
LH:8
BRF:0
BRH:0
end_of_record
TN:
SF:src/hooks/useThemeColor.ts
FN:9,useThemeColor
FNF:1
FNH:1
FNDA:99,useThemeColor
DA:13,99
DA:14,99
DA:16,99
DA:17,0
DA:19,99
LF:5
LH:4
BRDA:13,0,0,99
BRDA:13,0,1,0
BRDA:16,1,0,0
BRDA:16,1,1,99
BRF:4
BRH:2
end_of_record
TN:
SF:src/services/countryService.ts
FN:26,(anonymous_0)
FN:40,(anonymous_1)
FN:64,(anonymous_2)
FN:69,(anonymous_3)
FN:81,(anonymous_4)
FN:93,(anonymous_5)
FN:102,(anonymous_6)
FN:107,(anonymous_7)
FN:131,(anonymous_8)
FN:133,(anonymous_9)
FN:137,(anonymous_10)
FNF:11
FNH:0
FNDA:0,(anonymous_0)
FNDA:0,(anonymous_1)
FNDA:0,(anonymous_2)
FNDA:0,(anonymous_3)
FNDA:0,(anonymous_4)
FNDA:0,(anonymous_5)
FNDA:0,(anonymous_6)
FNDA:0,(anonymous_7)
FNDA:0,(anonymous_8)
FNDA:0,(anonymous_9)
FNDA:0,(anonymous_10)
DA:3,4
DA:5,4
DA:21,4
DA:22,4
DA:23,4
DA:27,0
DA:28,0
DA:31,0
DA:32,0
DA:33,0
DA:34,0
DA:37,0
DA:40,0
DA:57,0
DA:59,0
DA:65,0
DA:72,0
DA:75,0
DA:76,0
DA:77,0
DA:81,0
DA:82,0
DA:85,0
DA:87,0
DA:90,0
DA:91,0
DA:92,0
DA:94,0
DA:100,0
DA:101,0
DA:102,0
DA:107,0
DA:108,0
DA:112,0
DA:113,0
DA:114,0
DA:115,0
DA:116,0
DA:118,0
DA:125,0
DA:127,0
DA:132,0
DA:133,0
DA:138,0
DA:142,4
LF:45
LH:6
BRDA:27,0,0,0
BRDA:27,0,1,0
BRDA:33,1,0,0
BRDA:33,1,1,0
BRDA:46,2,0,0
BRDA:46,2,1,0
BRDA:53,3,0,0
BRDA:53,3,1,0
BRDA:54,4,0,0
BRDA:54,4,1,0
BRDA:65,5,0,0
BRDA:65,5,1,0
BRDA:65,6,0,0
BRDA:65,6,1,0
BRDA:65,7,0,0
BRDA:65,7,1,0
BRDA:65,8,0,0
BRDA:65,8,1,0
BRDA:70,9,0,0
BRDA:72,10,0,0
BRDA:72,11,0,0
BRDA:72,12,0,0
BRDA:72,13,0,0
BRDA:76,14,0,0
BRDA:76,14,1,0
BRDA:90,15,0,0
BRDA:90,15,1,0
BRDA:94,16,0,0
BRDA:94,16,1,0
BRDA:100,17,0,0
BRDA:100,17,1,0
BRDA:100,18,0,0
BRDA:100,18,1,0
BRDA:133,19,0,0
BRDA:133,19,1,0
BRF:35
BRH:0
end_of_record
TN:
SF:src/services/storageService.ts
FN:10,(anonymous_0)
FN:23,(anonymous_1)
FN:35,(anonymous_2)
FN:43,(anonymous_3)
FN:67,(anonymous_4)
FN:71,(anonymous_5)
FN:84,(anonymous_6)
FN:90,(anonymous_7)
FN:104,(anonymous_8)
FN:107,(anonymous_9)
FN:117,(anonymous_10)
FN:120,(anonymous_11)
FN:131,(anonymous_12)
FNF:13
FNH:6
FNDA:22,(anonymous_0)
FNDA:12,(anonymous_1)
FNDA:7,(anonymous_2)
FNDA:0,(anonymous_3)
FNDA:3,(anonymous_4)
FNDA:0,(anonymous_5)
FNDA:2,(anonymous_6)
FNDA:1,(anonymous_7)
FNDA:0,(anonymous_8)
FNDA:0,(anonymous_9)
FNDA:0,(anonymous_10)
FNDA:0,(anonymous_11)
FNDA:0,(anonymous_12)
DA:5,2
DA:11,22
DA:12,22
DA:13,22
DA:15,0
DA:16,0
DA:24,12
DA:25,12
DA:27,0
DA:28,0
DA:38,7
DA:39,7
DA:42,7
DA:43,0
DA:45,7
DA:46,0
DA:49,7
DA:55,7
DA:56,7
DA:57,7
DA:59,0
DA:60,0
DA:68,3
DA:69,3
DA:70,3
DA:71,0
DA:73,3
DA:74,3
DA:76,0
DA:77,0
DA:88,2
DA:89,2
DA:90,2
DA:91,1
DA:93,2
DA:94,2
DA:96,0
DA:97,0
DA:105,0
DA:106,0
DA:107,0
DA:109,0
DA:110,0
DA:118,0
DA:119,0
DA:120,0
DA:121,0
DA:123,0
DA:124,0
DA:132,0
DA:133,0
DA:135,0
DA:136,0
LF:53
LH:25
BRDA:13,0,0,2
BRDA:13,0,1,20
BRDA:45,1,0,0
BRDA:45,1,1,7
BRDA:91,2,0,1
BRDA:91,2,1,0
BRDA:121,3,0,0
BRDA:121,3,1,0
BRF:8
BRH:4
end_of_record
TN:
SF:src/types/Country.ts
FNF:0
FNH:0
LF:0
LH:0
BRF:0
BRH:0
end_of_record
TN:
SF:src/utils/countryFormatters.ts
FN:3,(anonymous_0)
FN:12,(anonymous_1)
FN:19,(anonymous_2)
FN:26,(anonymous_3)
FN:31,(anonymous_4)
FNF:5
FNH:0
FNDA:0,(anonymous_0)
FNDA:0,(anonymous_1)
FNDA:0,(anonymous_2)
FNDA:0,(anonymous_3)
FNDA:0,(anonymous_4)
DA:3,0
DA:4,0
DA:5,0
DA:6,0
DA:7,0
DA:9,0
DA:12,0
DA:13,0
DA:14,0
DA:16,0
DA:19,0
DA:20,0
DA:21,0
DA:23,0
DA:26,0
DA:27,0
DA:28,0
DA:30,0
DA:31,0
LF:19
LH:0
BRDA:4,0,0,0
BRDA:4,0,1,0
BRDA:6,1,0,0
BRDA:6,1,1,0
BRDA:13,2,0,0
BRDA:13,2,1,0
BRDA:13,3,0,0
BRDA:13,3,1,0
BRDA:20,4,0,0
BRDA:20,4,1,0
BRDA:27,5,0,0
BRDA:27,5,1,0
BRF:12
BRH:0
end_of_record
TN:
SF:src/utils/theme.ts
FNF:0
FNH:0
DA:4,0
DA:13,0
LF:2
LH:0
BRF:0
BRH:0
end_of_record
