TN:
SF:src/components/CountryDetailModal.tsx
FN:26,CountryDetailModal
FN:37,(anonymous_1)
FN:46,(anonymous_2)
FN:53,(anonymous_3)
FN:60,(anonymous_4)
FN:65,(anonymous_5)
FN:152,InfoCard
FNF:7
FNH:0
FNDA:0,CountryDetailModal
FNDA:0,(anonymous_1)
FNDA:0,(anonymous_2)
FNDA:0,(anonymous_3)
FNDA:0,(anonymous_4)
FNDA:0,(anonymous_5)
FNDA:0,InfoCard
DA:24,0
DA:33,0
DA:34,0
DA:37,0
DA:38,0
DA:39,0
DA:40,0
DA:41,0
DA:43,0
DA:46,0
DA:47,0
DA:48,0
DA:50,0
DA:53,0
DA:54,0
DA:55,0
DA:57,0
DA:60,0
DA:61,0
DA:62,0
DA:64,0
DA:65,0
DA:69,0
DA:153,0
DA:167,0
LF:25
LH:0
BRDA:31,0,0,0
BRDA:33,1,0,0
BRDA:33,1,1,0
BRDA:38,2,0,0
BRDA:38,2,1,0
BRDA:40,3,0,0
BRDA:40,3,1,0
BRDA:47,4,0,0
BRDA:47,4,1,0
BRDA:47,5,0,0
BRDA:47,5,1,0
BRDA:54,6,0,0
BRDA:54,6,1,0
BRDA:61,7,0,0
BRDA:61,7,1,0
BRDA:85,8,0,0
BRDA:85,8,1,0
BRDA:91,9,0,0
BRDA:91,9,1,0
BRDA:93,10,0,0
BRDA:93,10,1,0
BRDA:162,11,0,0
BRDA:162,11,1,0
BRF:23
BRH:0
end_of_record
TN:
SF:src/components/CountryListItem.tsx
FN:24,CountryListItem
FN:35,(anonymous_1)
FN:39,(anonymous_2)
FN:46,(anonymous_3)
FN:52,(anonymous_4)
FNF:5
FNH:4
FNDA:8,CountryListItem
FNDA:0,(anonymous_1)
FNDA:1,(anonymous_2)
FNDA:1,(anonymous_3)
FNDA:1,(anonymous_4)
DA:33,8
DA:35,8
DA:36,0
DA:39,8
DA:40,1
DA:41,1
DA:45,8
DA:47,1
DA:52,8
DA:53,1
DA:56,8
DA:129,1
LF:12
LH:11
BRDA:28,0,0,0
BRDA:29,1,0,7
BRDA:30,2,0,6
BRDA:40,3,0,1
BRDA:40,3,1,0
BRDA:76,4,0,8
BRDA:76,4,1,7
BRDA:76,4,2,7
BRDA:84,5,0,3
BRDA:84,5,1,4
BRDA:86,6,0,3
BRDA:86,6,1,4
BRDA:94,7,0,8
BRDA:94,7,1,3
BRDA:96,8,0,1
BRDA:96,8,1,2
BRDA:117,9,0,2
BRDA:117,9,1,1
BRF:18
BRH:16
end_of_record
TN:
SF:src/components/EmptyState.tsx
FN:11,EmptyState
FNF:1
FNH:0
FNDA:0,EmptyState
DA:16,0
DA:25,0
LF:2
LH:0
BRF:0
BRH:0
end_of_record
TN:
SF:src/components/ErrorState.tsx
FN:10,ErrorState
FNF:1
FNH:0
FNDA:0,ErrorState
DA:11,0
DA:25,0
LF:2
LH:0
BRDA:16,0,0,0
BRDA:16,0,1,0
BRF:2
BRH:0
end_of_record
TN:
SF:src/components/LoadingState.tsx
FN:8,LoadingState
FNF:1
FNH:0
FNDA:0,LoadingState
DA:11,0
DA:19,0
LF:2
LH:0
BRDA:9,0,0,0
BRF:1
BRH:0
end_of_record
TN:
SF:src/components/SearchBar.tsx
FN:29,SearchBar
FN:36,(anonymous_1)
FN:68,(anonymous_2)
FN:75,(anonymous_3)
FNF:4
FNH:4
FNDA:7,SearchBar
FNDA:1,(anonymous_1)
FNDA:42,(anonymous_2)
FNDA:1,(anonymous_3)
DA:20,1
DA:35,7
DA:37,1
DA:41,7
DA:69,42
DA:75,1
DA:92,1
LF:7
LH:7
BRDA:73,0,0,42
BRDA:73,0,1,7
BRDA:80,1,0,42
BRDA:80,1,1,7
BRF:4
BRH:4
end_of_record
TN:
SF:src/contexts/FavoritesContext.tsx
FN:46,favoritesReducer
FN:75,(anonymous_1)
FN:82,(anonymous_2)
FN:103,FavoritesProvider
FN:107,(anonymous_4)
FN:121,(anonymous_5)
FN:126,(anonymous_6)
FN:129,(anonymous_7)
FN:142,(anonymous_8)
FN:156,(anonymous_9)
FN:158,(anonymous_10)
FN:171,(anonymous_11)
FN:185,(anonymous_12)
FN:186,(anonymous_13)
FN:193,(anonymous_14)
FN:194,(anonymous_15)
FN:201,(anonymous_16)
FN:224,useFavoritesContext
FNF:18
FNH:18
FNDA:26,favoritesReducer
FNDA:4,(anonymous_1)
FNDA:1,(anonymous_2)
FNDA:32,FavoritesProvider
FNDA:8,(anonymous_4)
FNDA:7,(anonymous_5)
FNDA:6,(anonymous_6)
FNDA:6,(anonymous_7)
FNDA:3,(anonymous_8)
FNDA:2,(anonymous_9)
FNDA:1,(anonymous_10)
FNDA:1,(anonymous_11)
FNDA:10,(anonymous_12)
FNDA:8,(anonymous_13)
FNDA:2,(anonymous_14)
FNDA:2,(anonymous_15)
FNDA:1,(anonymous_16)
FNDA:32,useFavoritesContext
DA:39,1
DA:50,26
DA:52,8
DA:55,8
DA:63,0
DA:66,6
DA:73,3
DA:75,4
DA:80,1
DA:83,1
DA:91,0
DA:96,1
DA:104,32
DA:107,32
DA:108,8
DA:109,8
DA:110,8
DA:111,8
DA:114,0
DA:115,0
DA:116,0
DA:121,32
DA:122,7
DA:126,32
DA:127,6
DA:128,6
DA:129,6
DA:130,6
DA:131,6
DA:135,0
DA:136,0
DA:137,0
DA:142,32
DA:143,3
DA:144,3
DA:145,3
DA:148,0
DA:149,0
DA:150,0
DA:155,32
DA:157,2
DA:158,1
DA:161,2
DA:162,1
DA:164,1
DA:171,32
DA:172,1
DA:173,1
DA:174,1
DA:177,0
DA:178,0
DA:179,0
DA:184,32
DA:186,10
DA:192,32
DA:194,2
DA:195,2
DA:201,32
DA:202,1
DA:205,32
DA:216,32
DA:225,32
DA:226,32
DA:227,0
DA:231,32
LF:65
LH:50
BRDA:50,0,0,8
BRDA:50,0,1,8
BRDA:50,0,2,0
BRDA:50,0,3,6
BRDA:50,0,4,3
BRDA:50,0,5,1
BRDA:50,0,6,0
BRDA:83,1,0,1
BRDA:83,1,1,0
BRDA:114,2,0,0
BRDA:114,2,1,0
BRDA:130,3,0,6
BRDA:130,3,1,0
BRDA:135,4,0,0
BRDA:135,4,1,0
BRDA:148,5,0,0
BRDA:148,5,1,0
BRDA:161,6,0,1
BRDA:161,6,1,1
BRDA:177,7,0,0
BRDA:177,7,1,0
BRDA:195,8,0,2
BRDA:195,8,1,1
BRDA:226,9,0,0
BRDA:226,9,1,32
BRF:25
BRH:12
end_of_record
TN:
SF:src/hooks/useCountries.ts
FN:29,(anonymous_0)
FN:38,(anonymous_1)
FN:56,(anonymous_2)
FN:74,(anonymous_3)
FN:84,(anonymous_4)
FN:91,(anonymous_5)
FN:94,(anonymous_6)
FN:99,(anonymous_7)
FN:108,(anonymous_8)
FN:113,(anonymous_9)
FN:118,(anonymous_10)
FN:123,(anonymous_11)
FN:125,(anonymous_12)
FN:130,(anonymous_13)
FN:135,(anonymous_14)
FNF:15
FNH:12
FNDA:0,(anonymous_0)
FNDA:0,(anonymous_1)
FNDA:28,(anonymous_2)
FNDA:16,(anonymous_3)
FNDA:15,(anonymous_4)
FNDA:11,(anonymous_5)
FNDA:11,(anonymous_6)
FNDA:7,(anonymous_7)
FNDA:18,(anonymous_8)
FNDA:15,(anonymous_9)
FNDA:16,(anonymous_10)
FNDA:2,(anonymous_11)
FNDA:2,(anonymous_12)
FNDA:0,(anonymous_13)
FNDA:1,(anonymous_14)
DA:6,1
DA:8,1
DA:9,1
DA:10,1
DA:29,1
DA:30,0
DA:31,0
DA:32,0
DA:35,0
DA:38,0
DA:56,1
DA:58,28
DA:59,28
DA:60,28
DA:61,28
DA:64,28
DA:72,28
DA:74,28
DA:75,16
DA:76,1
DA:79,15
DA:82,15
DA:83,5
DA:84,15
DA:89,15
DA:90,5
DA:91,5
DA:92,11
DA:93,11
DA:94,11
DA:96,11
DA:99,7
DA:104,15
DA:108,28
DA:109,18
DA:113,28
DA:114,15
DA:118,28
DA:119,16
DA:123,28
DA:124,2
DA:125,2
DA:130,28
DA:131,0
DA:135,28
DA:136,1
DA:137,1
DA:138,1
DA:141,28
LF:49
LH:43
BRDA:31,0,0,0
BRDA:31,0,1,0
BRDA:44,1,0,0
BRDA:44,1,1,0
BRDA:51,2,0,0
BRDA:51,2,1,0
BRDA:52,3,0,0
BRDA:52,3,1,0
BRDA:75,4,0,1
BRDA:75,4,1,15
BRDA:82,5,0,5
BRDA:82,5,1,10
BRDA:89,6,0,5
BRDA:89,6,1,10
BRDA:94,7,0,11
BRDA:94,7,1,0
BRDA:97,8,0,11
BRDA:97,8,1,7
BRDA:97,8,2,7
BRDA:124,9,0,2
BRDA:124,9,1,0
BRDA:124,10,0,2
BRDA:124,10,1,2
BRF:23
BRH:13
end_of_record
TN:
SF:src/hooks/useDebounce.ts
FN:9,(anonymous_0)
FN:12,(anonymous_1)
FN:13,(anonymous_2)
FN:17,(anonymous_3)
FNF:4
FNH:4
FNDA:34,(anonymous_0)
FNDA:24,(anonymous_1)
FNDA:10,(anonymous_2)
FNDA:24,(anonymous_3)
DA:9,2
DA:10,34
DA:12,34
DA:13,24
DA:14,10
DA:17,24
DA:18,24
DA:22,34
LF:8
LH:8
BRF:0
BRH:0
end_of_record
TN:
SF:src/hooks/useFavorites.ts
FN:18,useFavorites
FN:23,(anonymous_1)
FN:37,(anonymous_2)
FN:48,(anonymous_3)
FN:60,(anonymous_4)
FN:62,(anonymous_5)
FN:75,(anonymous_6)
FN:90,(anonymous_7)
FN:91,(anonymous_8)
FN:98,(anonymous_9)
FN:99,(anonymous_10)
FN:106,(anonymous_11)
FN:111,(anonymous_12)
FNF:13
FNH:0
FNDA:0,useFavorites
FNDA:0,(anonymous_1)
FNDA:0,(anonymous_2)
FNDA:0,(anonymous_3)
FNDA:0,(anonymous_4)
FNDA:0,(anonymous_5)
FNDA:0,(anonymous_6)
FNDA:0,(anonymous_7)
FNDA:0,(anonymous_8)
FNDA:0,(anonymous_9)
FNDA:0,(anonymous_10)
FNDA:0,(anonymous_11)
FNDA:0,(anonymous_12)
DA:19,0
DA:20,0
DA:23,0
DA:24,0
DA:25,0
DA:26,0
DA:27,0
DA:29,0
DA:30,0
DA:32,0
DA:37,0
DA:38,0
DA:39,0
DA:40,0
DA:42,0
DA:43,0
DA:48,0
DA:49,0
DA:50,0
DA:51,0
DA:53,0
DA:54,0
DA:59,0
DA:61,0
DA:62,0
DA:65,0
DA:66,0
DA:68,0
DA:75,0
DA:76,0
DA:77,0
DA:81,0
DA:83,0
DA:84,0
DA:89,0
DA:91,0
DA:97,0
DA:99,0
DA:100,0
DA:106,0
DA:107,0
DA:111,0
DA:112,0
DA:115,0
LF:44
LH:0
BRDA:65,0,0,0
BRDA:65,0,1,0
BRDA:100,1,0,0
BRDA:100,1,1,0
BRF:4
BRH:0
end_of_record
TN:
SF:src/hooks/useFetch.ts
FN:21,(anonymous_0)
FN:31,(anonymous_1)
FN:35,(anonymous_2)
FN:52,(anonymous_3)
FNF:4
FNH:0
FNDA:0,(anonymous_0)
FNDA:0,(anonymous_1)
FNDA:0,(anonymous_2)
FNDA:0,(anonymous_3)
DA:21,1
DA:25,0
DA:27,0
DA:28,0
DA:29,0
DA:31,0
DA:32,0
DA:35,0
DA:36,0
DA:37,0
DA:38,0
DA:40,0
DA:41,0
DA:44,0
DA:45,0
DA:46,0
DA:48,0
DA:52,0
DA:53,0
DA:54,0
DA:58,0
LF:21
LH:1
BRDA:23,0,0,0
BRDA:25,1,0,0
BRDA:44,2,0,0
BRDA:44,2,1,0
BRDA:53,3,0,0
BRDA:53,3,1,0
BRF:6
BRH:0
end_of_record
TN:
SF:src/services/countryService.ts
FN:26,(anonymous_0)
FN:40,(anonymous_1)
FN:64,(anonymous_2)
FN:69,(anonymous_3)
FN:81,(anonymous_4)
FN:93,(anonymous_5)
FN:97,(anonymous_6)
FN:106,(anonymous_7)
FN:111,(anonymous_8)
FN:135,(anonymous_9)
FN:137,(anonymous_10)
FN:141,(anonymous_11)
FNF:12
FNH:0
FNDA:0,(anonymous_0)
FNDA:0,(anonymous_1)
FNDA:0,(anonymous_2)
FNDA:0,(anonymous_3)
FNDA:0,(anonymous_4)
FNDA:0,(anonymous_5)
FNDA:0,(anonymous_6)
FNDA:0,(anonymous_7)
FNDA:0,(anonymous_8)
FNDA:0,(anonymous_9)
FNDA:0,(anonymous_10)
FNDA:0,(anonymous_11)
DA:3,0
DA:5,0
DA:21,0
DA:22,0
DA:23,0
DA:27,0
DA:28,0
DA:31,0
DA:32,0
DA:33,0
DA:34,0
DA:37,0
DA:40,0
DA:57,0
DA:59,0
DA:65,0
DA:72,0
DA:75,0
DA:76,0
DA:77,0
DA:81,0
DA:82,0
DA:85,0
DA:87,0
DA:90,0
DA:91,0
DA:92,0
DA:94,0
DA:98,0
DA:104,0
DA:105,0
DA:106,0
DA:111,0
DA:112,0
DA:116,0
DA:117,0
DA:118,0
DA:119,0
DA:120,0
DA:122,0
DA:129,0
DA:131,0
DA:136,0
DA:137,0
DA:142,0
DA:146,0
LF:46
LH:0
BRDA:27,0,0,0
BRDA:27,0,1,0
BRDA:33,1,0,0
BRDA:33,1,1,0
BRDA:46,2,0,0
BRDA:46,2,1,0
BRDA:53,3,0,0
BRDA:53,3,1,0
BRDA:54,4,0,0
BRDA:54,4,1,0
BRDA:65,5,0,0
BRDA:65,5,1,0
BRDA:65,6,0,0
BRDA:65,6,1,0
BRDA:65,7,0,0
BRDA:65,7,1,0
BRDA:65,8,0,0
BRDA:65,8,1,0
BRDA:70,9,0,0
BRDA:72,10,0,0
BRDA:72,11,0,0
BRDA:72,12,0,0
BRDA:72,13,0,0
BRDA:76,14,0,0
BRDA:76,14,1,0
BRDA:90,15,0,0
BRDA:90,15,1,0
BRDA:94,16,0,0
BRDA:94,16,1,0
BRDA:94,16,2,0
BRDA:94,16,3,0
BRDA:104,17,0,0
BRDA:104,17,1,0
BRDA:137,18,0,0
BRDA:137,18,1,0
BRF:35
BRH:0
end_of_record
TN:
SF:src/services/storageService.ts
FN:10,(anonymous_0)
FN:23,(anonymous_1)
FN:35,(anonymous_2)
FN:43,(anonymous_3)
FN:67,(anonymous_4)
FN:71,(anonymous_5)
FN:84,(anonymous_6)
FN:90,(anonymous_7)
FN:104,(anonymous_8)
FN:107,(anonymous_9)
FN:117,(anonymous_10)
FN:120,(anonymous_11)
FN:131,(anonymous_12)
FNF:13
FNH:5
FNDA:18,(anonymous_0)
FNDA:10,(anonymous_1)
FNDA:6,(anonymous_2)
FNDA:0,(anonymous_3)
FNDA:3,(anonymous_4)
FNDA:0,(anonymous_5)
FNDA:1,(anonymous_6)
FNDA:0,(anonymous_7)
FNDA:0,(anonymous_8)
FNDA:0,(anonymous_9)
FNDA:0,(anonymous_10)
FNDA:0,(anonymous_11)
FNDA:0,(anonymous_12)
DA:5,1
DA:11,18
DA:12,18
DA:13,18
DA:15,0
DA:16,0
DA:24,10
DA:25,10
DA:27,0
DA:28,0
DA:38,6
DA:39,6
DA:42,6
DA:43,0
DA:45,6
DA:46,0
DA:49,6
DA:55,6
DA:56,6
DA:57,6
DA:59,0
DA:60,0
DA:68,3
DA:69,3
DA:70,3
DA:71,0
DA:73,3
DA:74,3
DA:76,0
DA:77,0
DA:88,1
DA:89,1
DA:90,1
DA:91,0
DA:93,1
DA:94,1
DA:96,0
DA:97,0
DA:105,0
DA:106,0
DA:107,0
DA:109,0
DA:110,0
DA:118,0
DA:119,0
DA:120,0
DA:121,0
DA:123,0
DA:124,0
DA:132,0
DA:133,0
DA:135,0
DA:136,0
LF:53
LH:24
BRDA:13,0,0,0
BRDA:13,0,1,18
BRDA:45,1,0,0
BRDA:45,1,1,6
BRDA:91,2,0,0
BRDA:91,2,1,0
BRDA:121,3,0,0
BRDA:121,3,1,0
BRF:8
BRH:2
end_of_record
TN:
SF:src/types/Country.ts
FNF:0
FNH:0
LF:0
LH:0
BRF:0
BRH:0
end_of_record
